[16/May/2018 08:49:57] "GET / HTTP/1.1" 400 26
[16/May/2018 08:50:03] "GET / HTTP/1.1" 404 74
Performing system checks...

System check identified no issues (0 silenced).

You have 14 unapplied migration(s). Your project may not work properly until you apply the migrations for app(s): admin, auth, contenttypes, sessions.
Run 'python manage.py migrate' to apply them.
May 16, 2018 - 08:49:51
Django version 2.0.4, using settings 'khalid.settings'
Starting development server at http://0:8000/
Quit the server with CONTROL-C.
Unhandled exception in thread started by <function check_errors.<locals>.wrapper at 0x7fd7efc60e18>
Traceback (most recent call last):
  File "/usr/local/lib/python3.6/site-packages/django/utils/autoreload.py", line 225, in wrapper
    fn(*args, **kwargs)
  File "/usr/local/lib/python3.6/site-packages/django/core/management/commands/runserver.py", line 120, in inner_run
    self.check(display_num_errors=True)
  File "/usr/local/lib/python3.6/site-packages/django/core/management/base.py", line 364, in check
    include_deployment_checks=include_deployment_checks,
  File "/usr/local/lib/python3.6/site-packages/django/core/management/base.py", line 351, in _run_checks
    return checks.run_checks(**kwargs)
  File "/usr/local/lib/python3.6/site-packages/django/core/checks/registry.py", line 73, in run_checks
    new_errors = check(app_configs=app_configs)
  File "/usr/local/lib/python3.6/site-packages/django/core/checks/urls.py", line 40, in check_url_namespaces_unique
    all_namespaces = _load_all_namespaces(resolver)
  File "/usr/local/lib/python3.6/site-packages/django/core/checks/urls.py", line 57, in _load_all_namespaces
    url_patterns = getattr(resolver, 'url_patterns', [])
  File "/usr/local/lib/python3.6/site-packages/django/utils/functional.py", line 36, in __get__
    res = instance.__dict__[self.name] = self.func(instance)
  File "/usr/local/lib/python3.6/site-packages/django/urls/resolvers.py", line 536, in url_patterns
    patterns = getattr(self.urlconf_module, "urlpatterns", self.urlconf_module)
  File "/usr/local/lib/python3.6/site-packages/django/utils/functional.py", line 36, in __get__
    res = instance.__dict__[self.name] = self.func(instance)
  File "/usr/local/lib/python3.6/site-packages/django/urls/resolvers.py", line 529, in urlconf_module
    return import_module(self.urlconf_name)
  File "/usr/local/lib/python3.6/importlib/__init__.py", line 126, in import_module
    return _bootstrap._gcd_import(name[level:], package, level)
  File "<frozen importlib._bootstrap>", line 994, in _gcd_import
  File "<frozen importlib._bootstrap>", line 971, in _find_and_load
  File "<frozen importlib._bootstrap>", line 955, in _find_and_load_unlocked
  File "<frozen importlib._bootstrap>", line 665, in _load_unlocked
  File "<frozen importlib._bootstrap_external>", line 678, in exec_module
  File "<frozen importlib._bootstrap>", line 219, in _call_with_frames_removed
  File "/root/Django/khalid/khalid/urls.py", line 20, in <module>
    path('polls/',include('polls.urls')),
NameError: name 'include' is not defined
Performing system checks...

Unhandled exception in thread started by <function check_errors.<locals>.wrapper at 0x7f8894f42e18>
Traceback (most recent call last):
  File "/usr/local/lib/python3.6/site-packages/django/utils/autoreload.py", line 225, in wrapper
    fn(*args, **kwargs)
  File "/usr/local/lib/python3.6/site-packages/django/core/management/commands/runserver.py", line 120, in inner_run
    self.check(display_num_errors=True)
  File "/usr/local/lib/python3.6/site-packages/django/core/management/base.py", line 364, in check
    include_deployment_checks=include_deployment_checks,
  File "/usr/local/lib/python3.6/site-packages/django/core/management/base.py", line 351, in _run_checks
    return checks.run_checks(**kwargs)
  File "/usr/local/lib/python3.6/site-packages/django/core/checks/registry.py", line 73, in run_checks
    new_errors = check(app_configs=app_configs)
  File "/usr/local/lib/python3.6/site-packages/django/core/checks/urls.py", line 40, in check_url_namespaces_unique
    all_namespaces = _load_all_namespaces(resolver)
  File "/usr/local/lib/python3.6/site-packages/django/core/checks/urls.py", line 57, in _load_all_namespaces
    url_patterns = getattr(resolver, 'url_patterns', [])
  File "/usr/local/lib/python3.6/site-packages/django/utils/functional.py", line 36, in __get__
    res = instance.__dict__[self.name] = self.func(instance)
  File "/usr/local/lib/python3.6/site-packages/django/urls/resolvers.py", line 536, in url_patterns
    patterns = getattr(self.urlconf_module, "urlpatterns", self.urlconf_module)
  File "/usr/local/lib/python3.6/site-packages/django/utils/functional.py", line 36, in __get__
    res = instance.__dict__[self.name] = self.func(instance)
  File "/usr/local/lib/python3.6/site-packages/django/urls/resolvers.py", line 529, in urlconf_module
    return import_module(self.urlconf_name)
  File "/usr/local/lib/python3.6/importlib/__init__.py", line 126, in import_module
    return _bootstrap._gcd_import(name[level:], package, level)
  File "<frozen importlib._bootstrap>", line 994, in _gcd_import
  File "<frozen importlib._bootstrap>", line 971, in _find_and_load
  File "<frozen importlib._bootstrap>", line 955, in _find_and_load_unlocked
  File "<frozen importlib._bootstrap>", line 665, in _load_unlocked
  File "<frozen importlib._bootstrap_external>", line 678, in exec_module
  File "<frozen importlib._bootstrap>", line 219, in _call_with_frames_removed
  File "/root/Django/khalid/khalid/urls.py", line 20, in <module>
    path('polls/',include('polls.urls')),
NameError: name 'include' is not defined
Performing system checks...

[16/May/2018 09:14:01] "GET / HTTP/1.1" 404 74
[16/May/2018 09:14:07] "GET /polls/ HTTP/1.1" 200 8
Performing system checks...

System check identified no issues (0 silenced).

You have 14 unapplied migration(s). Your project may not work properly until you apply the migrations for app(s): admin, auth, contenttypes, sessions.
Run 'python manage.py migrate' to apply them.
May 16, 2018 - 09:13:59
Django version 2.0.4, using settings 'khalid.settings'
Starting development server at http://0:8000/
Quit the server with CONTROL-C.
Performing system checks...

System check identified no issues (0 silenced).
May 16, 2018 - 09:23:27
Django version 2.0.4, using settings 'khalid.settings'
Starting development server at http://0:8000/
Quit the server with CONTROL-C.
[16/May/2018 21:58:55] "GET /admin/ HTTP/1.1" 302 0
[16/May/2018 21:58:55] "GET /admin/login/?next=/admin/ HTTP/1.1" 200 1859
[16/May/2018 21:58:55] "GET /static/admin/css/login.css HTTP/1.1" 404 100
[16/May/2018 21:58:55] "GET /static/admin/css/base.css HTTP/1.1" 404 99
[16/May/2018 21:58:55] "GET /static/admin/css/responsive.css HTTP/1.1" 404 105
[16/May/2018 21:58:56] "GET /favicon.ico HTTP/1.1" 404 85
Performing system checks...

System check identified no issues (0 silenced).
May 16, 2018 - 17:24:56
Django version 2.0.4, using settings 'khalid.settings'
Starting development server at http://0:8000/
Quit the server with CONTROL-C.
Unhandled exception in thread started by <function check_errors.<locals>.wrapper at 0x7f93c5aad510>
Traceback (most recent call last):
  File "/usr/local/lib/python3.6/site-packages/django/utils/autoreload.py", line 225, in wrapper
    fn(*args, **kwargs)
  File "/usr/local/lib/python3.6/site-packages/django/core/management/commands/runserver.py", line 120, in inner_run
    self.check(display_num_errors=True)
  File "/usr/local/lib/python3.6/site-packages/django/core/management/base.py", line 410, in check
    raise SystemCheckError(msg)
django.core.management.base.SystemCheckError: SystemCheckError: System check identified some issues:

ERRORS:
polls.Question: (models.E004) 'id' can only be used as a field name if the field also sets 'primary_key=True'.

System check identified 1 issue (0 silenced).
Performing system checks...

Performing system checks...

System check identified no issues (0 silenced).
May 16, 2018 - 22:01:36
Django version 2.0.4, using settings 'khalid.settings'
Starting development server at http://0:8000/
Quit the server with CONTROL-C.
Performing system checks...

System check identified no issues (0 silenced).
May 16, 2018 - 22:12:41
Django version 2.0.4, using settings 'khalid.settings'
Starting development server at http://0:8000/
Quit the server with CONTROL-C.
Performing system checks...

System check identified no issues (0 silenced).
May 16, 2018 - 22:26:48
Django version 2.0.4, using settings 'khalid.settings'
Starting development server at http://0:8000/
Quit the server with CONTROL-C.
Performing system checks...

System check identified no issues (0 silenced).
May 16, 2018 - 22:29:54
Django version 2.0.4, using settings 'khalid.settings'
Starting development server at http://0:8000/
Quit the server with CONTROL-C.
[17/May/2018 00:44:27] "GET / HTTP/1.1" 400 26
[17/May/2018 02:32:25] "GET http://www.baidu.com/cache/global/img/gs.gif HTTP/1.1" 400 26
[17/May/2018 08:51:00] "GET / HTTP/1.1" 400 26
[17/May/2018 10:57:05] "GET http://www.baidu.com/cache/global/img/gs.gif HTTP/1.1" 400 26
[17/May/2018 11:05:24] "POST / HTTP/1.0" 400 26
[17/May/2018 11:48:08] "GET http://www.baidu.com/cache/global/img/gs.gif HTTP/1.1" 400 26
[17/May/2018 12:19:36] "GET /polls/ HTTP/1.1" 200 8
[17/May/2018 12:19:36] "GET /favicon.ico HTTP/1.1" 404 85
[17/May/2018 14:54:37] "GET /polls/ HTTP/1.1" 200 8
[17/May/2018 15:02:34] "GET /polls/ HTTP/1.1" 200 8
[17/May/2018 15:02:36] "GET /admin/ HTTP/1.1" 302 0
[17/May/2018 15:02:36] "GET /admin/login/?next=/admin/ HTTP/1.1" 200 1859
[17/May/2018 15:02:36] "GET /static/admin/css/base.css HTTP/1.1" 404 99
[17/May/2018 15:02:36] "GET /static/admin/css/login.css HTTP/1.1" 404 100
[17/May/2018 15:02:36] "GET /static/admin/css/responsive.css HTTP/1.1" 404 105
[17/May/2018 15:02:37] "GET /admin/ HTTP/1.1" 302 0
[17/May/2018 15:02:37] "GET /admin/login/?next=/admin/ HTTP/1.1" 200 1859
[17/May/2018 15:02:45] "GET /static/admin/css/base.css HTTP/1.1" 404 99
[17/May/2018 15:02:45] "GET /static/admin/css/login.css HTTP/1.1" 404 100
[17/May/2018 15:02:45] "GET /static/admin/css/responsive.css HTTP/1.1" 404 105
[17/May/2018 15:03:13] "POST /admin/login/?next=/admin/ HTTP/1.1" 302 0
[17/May/2018 15:03:13] "GET /admin/ HTTP/1.1" 200 2989
[17/May/2018 15:03:13] "GET /static/admin/css/dashboard.css HTTP/1.1" 404 104
[17/May/2018 15:03:13] "GET /static/admin/css/base.css HTTP/1.1" 404 99
[17/May/2018 15:03:13] "GET /static/admin/css/responsive.css HTTP/1.1" 404 105
[17/May/2018 15:16:34] "GET /admin/ HTTP/1.1" 200 2989
[17/May/2018 15:16:34] "GET /static/admin/css/base.css HTTP/1.1" 404 99
[17/May/2018 15:16:34] "GET /static/admin/css/responsive.css HTTP/1.1" 404 105
[17/May/2018 15:16:34] "GET /static/admin/css/dashboard.css HTTP/1.1" 404 104
[17/May/2018 15:16:35] "GET /admin/ HTTP/1.1" 200 2989
[17/May/2018 15:16:35] "GET /static/admin/css/base.css HTTP/1.1" 404 99
[17/May/2018 15:16:35] "GET /static/admin/css/responsive.css HTTP/1.1" 404 105
[17/May/2018 15:16:35] "GET /static/admin/css/dashboard.css HTTP/1.1" 404 104
[17/May/2018 15:16:36] "GET /admin/ HTTP/1.1" 200 2989
[17/May/2018 15:16:36] "GET /static/admin/css/base.css HTTP/1.1" 404 99
[17/May/2018 15:16:36] "GET /static/admin/css/dashboard.css HTTP/1.1" 404 104
[17/May/2018 15:16:36] "GET /static/admin/css/responsive.css HTTP/1.1" 404 105
[17/May/2018 15:16:36] "GET /admin/ HTTP/1.1" 200 2989
[17/May/2018 15:16:36] "GET /static/admin/css/dashboard.css HTTP/1.1" 404 104
[17/May/2018 15:16:36] "GET /static/admin/css/base.css HTTP/1.1" 404 99
[17/May/2018 15:16:36] "GET /static/admin/css/responsive.css HTTP/1.1" 404 105
[17/May/2018 15:16:36] "GET /admin/ HTTP/1.1" 200 2989
[17/May/2018 15:16:36] "GET /static/admin/css/base.css HTTP/1.1" 404 99
[17/May/2018 15:16:36] "GET /static/admin/css/dashboard.css HTTP/1.1" 404 104
[17/May/2018 15:16:36] "GET /static/admin/css/responsive.css HTTP/1.1" 404 105
[17/May/2018 15:16:37] "GET /admin/ HTTP/1.1" 200 2989
[17/May/2018 15:16:37] "GET /static/admin/css/base.css HTTP/1.1" 404 99
[17/May/2018 15:16:37] "GET /static/admin/css/dashboard.css HTTP/1.1" 404 104
[17/May/2018 15:16:37] "GET /static/admin/css/responsive.css HTTP/1.1" 404 105
Performing system checks...

System check identified no issues (0 silenced).
May 16, 2018 - 22:37:57
Django version 2.0.4, using settings 'khalid.settings'
Starting development server at http://0:8000/
Quit the server with CONTROL-C.
[17/May/2018 15:19:47] "GET /admin/ HTTP/1.1" 200 2989
[17/May/2018 15:19:47] "GET /static/admin/css/dashboard.css HTTP/1.1" 200 412
[17/May/2018 15:19:47] "GET /static/admin/css/responsive.css HTTP/1.1" 200 17894
[17/May/2018 15:19:47] "GET /static/admin/css/base.css HTTP/1.1" 200 16106
[17/May/2018 15:19:48] "GET /static/admin/css/fonts.css HTTP/1.1" 200 423
[17/May/2018 15:19:48] "GET /static/admin/img/icon-addlink.svg HTTP/1.1" 200 331
[17/May/2018 15:19:48] "GET /static/admin/img/icon-changelink.svg HTTP/1.1" 200 380
[17/May/2018 15:19:48] "GET /static/admin/fonts/Roboto-Light-webfont.woff HTTP/1.1" 200 81348
[17/May/2018 15:19:48] "GET /static/admin/fonts/Roboto-Regular-webfont.woff HTTP/1.1" 200 80304
[17/May/2018 15:19:48] "GET /static/admin/fonts/Roboto-Bold-webfont.woff HTTP/1.1" 200 82564
[17/May/2018 15:19:53] "GET /admin/logout/ HTTP/1.1" 200 1219
[17/May/2018 15:19:55] "GET /admin/ HTTP/1.1" 302 0
[17/May/2018 15:19:55] "GET /admin/login/?next=/admin/ HTTP/1.1" 200 1859
[17/May/2018 15:19:55] "GET /static/admin/css/login.css HTTP/1.1" 200 1203
[17/May/2018 15:20:01] "POST /admin/login/?next=/admin/ HTTP/1.1" 302 0
[17/May/2018 15:20:01] "GET /admin/ HTTP/1.1" 200 2989
Performing system checks...

System check identified no issues (0 silenced).
May 17, 2018 - 15:19:46
Django version 2.0.4, using settings 'khalid.settings'
Starting development server at http://0:8000/
Quit the server with CONTROL-C.
[17/May/2018 15:26:28] "GET /admin/ HTTP/1.1" 200 2945
Performing system checks...

System check identified no issues (0 silenced).
May 17, 2018 - 15:26:26
Django version 2.0.4, using settings 'khalid.settings'
Starting development server at http://0:8000/
Quit the server with CONTROL-C.
[17/May/2018 15:30:29] "GET /admin/ HTTP/1.1" 200 3596
[17/May/2018 15:30:41] "GET /admin/polls/question/ HTTP/1.1" 200 4418
[17/May/2018 15:30:41] "GET /static/admin/css/changelists.css HTTP/1.1" 200 6170
[17/May/2018 15:30:41] "GET /static/admin/js/jquery.init.js HTTP/1.1" 200 363
[17/May/2018 15:30:41] "GET /static/admin/js/core.js HTTP/1.1" 200 7134
[17/May/2018 15:30:41] "GET /static/admin/js/admin/RelatedObjectLookups.js HTTP/1.1" 200 6897
[17/May/2018 15:30:41] "GET /admin/jsi18n/ HTTP/1.1" 200 7684
[17/May/2018 15:30:41] "GET /static/admin/js/actions.js HTTP/1.1" 200 6502
[17/May/2018 15:30:41] "GET /static/admin/js/urlify.js HTTP/1.1" 200 8729
[17/May/2018 15:30:41] "GET /static/admin/js/prepopulate.js HTTP/1.1" 200 1538
[17/May/2018 15:30:41] "GET /static/admin/js/vendor/jquery/jquery.js HTTP/1.1" 200 258648
[17/May/2018 15:30:41] "GET /static/admin/js/vendor/xregexp/xregexp.js HTTP/1.1" 200 128820
[17/May/2018 15:30:43] "GET /static/admin/img/tooltag-add.svg HTTP/1.1" 200 331
[17/May/2018 15:30:45] "GET /admin/ HTTP/1.1" 200 3596
Performing system checks...

System check identified no issues (0 silenced).
May 17, 2018 - 15:30:27
Django version 2.0.4, using settings 'khalid.settings'
Starting development server at http://0:8000/
Quit the server with CONTROL-C.
[17/May/2018 15:31:16] "GET /admin/ HTTP/1.1" 200 3994
[17/May/2018 15:31:17] "GET /admin/polls/choice/ HTTP/1.1" 200 4842
[17/May/2018 15:31:17] "GET /admin/jsi18n/ HTTP/1.1" 200 7684
[17/May/2018 15:31:21] "GET /admin/ HTTP/1.1" 200 3994
[17/May/2018 15:31:22] "GET /admin/polls/question/ HTTP/1.1" 200 4418
[17/May/2018 15:31:22] "GET /admin/jsi18n/ HTTP/1.1" 200 7684
[17/May/2018 15:31:23] "GET /admin/polls/question/1/change/ HTTP/1.1" 200 6220
[17/May/2018 15:31:23] "GET /admin/jsi18n/ HTTP/1.1" 200 7684
[17/May/2018 15:31:23] "GET /static/admin/css/forms.css HTTP/1.1" 200 8173
[17/May/2018 15:31:23] "GET /static/admin/js/calendar.js HTTP/1.1" 200 7777
[17/May/2018 15:31:23] "GET /static/admin/js/change_form.js HTTP/1.1" 200 712
[17/May/2018 15:31:23] "GET /static/admin/js/admin/DateTimeShortcuts.js HTTP/1.1" 200 20283
[17/May/2018 15:31:23] "GET /static/admin/js/prepopulate_init.js HTTP/1.1" 200 495
[17/May/2018 15:31:23] "GET /static/admin/css/widgets.css HTTP/1.1" 200 10340
[17/May/2018 15:31:23] "GET /static/admin/img/icon-clock.svg HTTP/1.1" 200 677
[17/May/2018 15:31:23] "GET /static/admin/img/icon-calendar.svg HTTP/1.1" 200 1086
[17/May/2018 15:32:21] "GET /admin/polls/question/ HTTP/1.1" 200 4418
[17/May/2018 15:32:23] "GET /admin/ HTTP/1.1" 200 3994
[17/May/2018 15:32:24] "GET /admin/polls/choice/ HTTP/1.1" 200 4842
[17/May/2018 15:32:24] "GET /admin/jsi18n/ HTTP/1.1" 200 7684
[17/May/2018 15:32:25] "GET /admin/polls/choice/3/change/ HTTP/1.1" 200 5927
[17/May/2018 15:32:25] "GET /admin/jsi18n/ HTTP/1.1" 200 7684
[17/May/2018 15:32:28] "GET /admin/polls/choice/ HTTP/1.1" 200 4842
[17/May/2018 15:32:28] "GET /admin/ HTTP/1.1" 200 3994
[17/May/2018 15:34:22] "GET /admin/polls/question/ HTTP/1.1" 200 4418
[17/May/2018 15:34:22] "GET /admin/jsi18n/ HTTP/1.1" 200 7684
[17/May/2018 15:34:26] "GET /admin/polls/question/1/change/ HTTP/1.1" 200 6220
[17/May/2018 15:34:26] "GET /admin/jsi18n/ HTTP/1.1" 200 7684
[17/May/2018 15:35:38] "GET /admin/polls/question/ HTTP/1.1" 200 4418
[17/May/2018 15:35:42] "GET /admin/ HTTP/1.1" 200 3994
[17/May/2018 15:35:45] "GET /admin/polls/choice/add/ HTTP/1.1" 200 5705
[17/May/2018 15:35:45] "GET /admin/jsi18n/ HTTP/1.1" 200 7684
[17/May/2018 15:35:50] "GET /admin/ HTTP/1.1" 200 3994
[17/May/2018 15:35:51] "GET /admin/polls/choice/ HTTP/1.1" 200 4842
[17/May/2018 15:35:51] "GET /admin/jsi18n/ HTTP/1.1" 200 7684
[17/May/2018 15:35:58] "GET /admin/polls/choice/3/change/ HTTP/1.1" 200 5927
[17/May/2018 15:35:58] "GET /admin/jsi18n/ HTTP/1.1" 200 7684
[17/May/2018 15:36:00] "GET /admin/polls/choice/ HTTP/1.1" 200 4842
[17/May/2018 15:36:00] "GET /admin/ HTTP/1.1" 200 3994
[17/May/2018 15:36:01] "GET /admin/polls/choice/add/ HTTP/1.1" 200 5705
[17/May/2018 15:36:01] "GET /admin/jsi18n/ HTTP/1.1" 200 7684
[17/May/2018 15:36:14] "POST /admin/polls/choice/add/ HTTP/1.1" 302 0
[17/May/2018 15:36:14] "GET /admin/polls/choice/5/change/ HTTP/1.1" 200 6168
[17/May/2018 15:36:14] "GET /admin/jsi18n/ HTTP/1.1" 200 7684
[17/May/2018 15:36:14] "GET /static/admin/img/icon-yes.svg HTTP/1.1" 200 436
[17/May/2018 15:36:17] "POST /admin/polls/choice/5/change/ HTTP/1.1" 302 0
[17/May/2018 15:36:17] "GET /admin/polls/choice/ HTTP/1.1" 200 5247
[17/May/2018 15:36:17] "GET /admin/jsi18n/ HTTP/1.1" 200 7684
[17/May/2018 15:36:20] "GET /admin/polls/choice/5/change/ HTTP/1.1" 200 5949
[17/May/2018 15:36:21] "GET /admin/ HTTP/1.1" 200 4620
[17/May/2018 15:36:23] "GET /admin/polls/choice/ HTTP/1.1" 200 5072
[17/May/2018 15:36:23] "GET /admin/jsi18n/ HTTP/1.1" 200 7684
[17/May/2018 15:36:26] "GET /admin/ HTTP/1.1" 200 4620
Performing system checks...

System check identified no issues (0 silenced).
May 17, 2018 - 15:31:14
Django version 2.0.4, using settings 'khalid.settings'
Starting development server at http://0:8000/
Quit the server with CONTROL-C.
Unhandled exception in thread started by <function check_errors.<locals>.wrapper at 0x7fb4ec04b6a8>
Traceback (most recent call last):
  File "/usr/local/lib/python3.6/site-packages/django/utils/autoreload.py", line 225, in wrapper
    fn(*args, **kwargs)
  File "/usr/local/lib/python3.6/site-packages/django/core/management/commands/runserver.py", line 120, in inner_run
    self.check(display_num_errors=True)
  File "/usr/local/lib/python3.6/site-packages/django/core/management/base.py", line 364, in check
    include_deployment_checks=include_deployment_checks,
  File "/usr/local/lib/python3.6/site-packages/django/core/management/base.py", line 351, in _run_checks
    return checks.run_checks(**kwargs)
  File "/usr/local/lib/python3.6/site-packages/django/core/checks/registry.py", line 73, in run_checks
    new_errors = check(app_configs=app_configs)
  File "/usr/local/lib/python3.6/site-packages/django/core/checks/urls.py", line 40, in check_url_namespaces_unique
    all_namespaces = _load_all_namespaces(resolver)
  File "/usr/local/lib/python3.6/site-packages/django/core/checks/urls.py", line 57, in _load_all_namespaces
    url_patterns = getattr(resolver, 'url_patterns', [])
  File "/usr/local/lib/python3.6/site-packages/django/utils/functional.py", line 36, in __get__
    res = instance.__dict__[self.name] = self.func(instance)
  File "/usr/local/lib/python3.6/site-packages/django/urls/resolvers.py", line 536, in url_patterns
    patterns = getattr(self.urlconf_module, "urlpatterns", self.urlconf_module)
  File "/usr/local/lib/python3.6/site-packages/django/utils/functional.py", line 36, in __get__
    res = instance.__dict__[self.name] = self.func(instance)
  File "/usr/local/lib/python3.6/site-packages/django/urls/resolvers.py", line 529, in urlconf_module
    return import_module(self.urlconf_name)
  File "/usr/local/lib/python3.6/importlib/__init__.py", line 126, in import_module
    return _bootstrap._gcd_import(name[level:], package, level)
  File "<frozen importlib._bootstrap>", line 994, in _gcd_import
  File "<frozen importlib._bootstrap>", line 971, in _find_and_load
  File "<frozen importlib._bootstrap>", line 955, in _find_and_load_unlocked
  File "<frozen importlib._bootstrap>", line 665, in _load_unlocked
  File "<frozen importlib._bootstrap_external>", line 678, in exec_module
  File "<frozen importlib._bootstrap>", line 219, in _call_with_frames_removed
  File "/root/Django/khalid/khalid/urls.py", line 20, in <module>
    path('polls/',include('polls.urls')),
  File "/usr/local/lib/python3.6/site-packages/django/urls/conf.py", line 34, in include
    urlconf_module = import_module(urlconf_module)
  File "/usr/local/lib/python3.6/importlib/__init__.py", line 126, in import_module
    return _bootstrap._gcd_import(name[level:], package, level)
  File "<frozen importlib._bootstrap>", line 994, in _gcd_import
  File "<frozen importlib._bootstrap>", line 971, in _find_and_load
  File "<frozen importlib._bootstrap>", line 955, in _find_and_load_unlocked
  File "<frozen importlib._bootstrap>", line 665, in _load_unlocked
  File "<frozen importlib._bootstrap_external>", line 678, in exec_module
  File "<frozen importlib._bootstrap>", line 219, in _call_with_frames_removed
  File "/root/Django/khalid/polls/urls.py", line 3, in <module>
    from . import views
  File "/root/Django/khalid/polls/views.py", line 8
    return HttpResponse("you are looking at the fucking question %s." question_id)
                                                                                ^
SyntaxError: invalid syntax
Performing system checks...

Unhandled exception in thread started by <function check_errors.<locals>.wrapper at 0x7fdcf4db66a8>
Traceback (most recent call last):
  File "/usr/local/lib/python3.6/site-packages/django/utils/autoreload.py", line 225, in wrapper
    fn(*args, **kwargs)
  File "/usr/local/lib/python3.6/site-packages/django/core/management/commands/runserver.py", line 120, in inner_run
    self.check(display_num_errors=True)
  File "/usr/local/lib/python3.6/site-packages/django/core/management/base.py", line 364, in check
    include_deployment_checks=include_deployment_checks,
  File "/usr/local/lib/python3.6/site-packages/django/core/management/base.py", line 351, in _run_checks
    return checks.run_checks(**kwargs)
  File "/usr/local/lib/python3.6/site-packages/django/core/checks/registry.py", line 73, in run_checks
    new_errors = check(app_configs=app_configs)
  File "/usr/local/lib/python3.6/site-packages/django/core/checks/urls.py", line 40, in check_url_namespaces_unique
    all_namespaces = _load_all_namespaces(resolver)
  File "/usr/local/lib/python3.6/site-packages/django/core/checks/urls.py", line 57, in _load_all_namespaces
    url_patterns = getattr(resolver, 'url_patterns', [])
  File "/usr/local/lib/python3.6/site-packages/django/utils/functional.py", line 36, in __get__
    res = instance.__dict__[self.name] = self.func(instance)
  File "/usr/local/lib/python3.6/site-packages/django/urls/resolvers.py", line 536, in url_patterns
    patterns = getattr(self.urlconf_module, "urlpatterns", self.urlconf_module)
  File "/usr/local/lib/python3.6/site-packages/django/utils/functional.py", line 36, in __get__
    res = instance.__dict__[self.name] = self.func(instance)
  File "/usr/local/lib/python3.6/site-packages/django/urls/resolvers.py", line 529, in urlconf_module
    return import_module(self.urlconf_name)
  File "/usr/local/lib/python3.6/importlib/__init__.py", line 126, in import_module
    return _bootstrap._gcd_import(name[level:], package, level)
  File "<frozen importlib._bootstrap>", line 994, in _gcd_import
  File "<frozen importlib._bootstrap>", line 971, in _find_and_load
  File "<frozen importlib._bootstrap>", line 955, in _find_and_load_unlocked
  File "<frozen importlib._bootstrap>", line 665, in _load_unlocked
  File "<frozen importlib._bootstrap_external>", line 678, in exec_module
  File "<frozen importlib._bootstrap>", line 219, in _call_with_frames_removed
  File "/root/Django/khalid/khalid/urls.py", line 20, in <module>
    path('polls/',include('polls.urls')),
  File "/usr/local/lib/python3.6/site-packages/django/urls/conf.py", line 34, in include
    urlconf_module = import_module(urlconf_module)
  File "/usr/local/lib/python3.6/importlib/__init__.py", line 126, in import_module
    return _bootstrap._gcd_import(name[level:], package, level)
  File "<frozen importlib._bootstrap>", line 994, in _gcd_import
  File "<frozen importlib._bootstrap>", line 971, in _find_and_load
  File "<frozen importlib._bootstrap>", line 955, in _find_and_load_unlocked
  File "<frozen importlib._bootstrap>", line 665, in _load_unlocked
  File "<frozen importlib._bootstrap_external>", line 678, in exec_module
  File "<frozen importlib._bootstrap>", line 219, in _call_with_frames_removed
  File "/root/Django/khalid/polls/urls.py", line 3, in <module>
    from . import views
  File "/root/Django/khalid/polls/views.py", line 8
    return HttpResponse("you are looking at the fucking question %s." question_id)
                                                                                ^
SyntaxError: invalid syntax
Performing system checks...

Unhandled exception in thread started by <function check_errors.<locals>.wrapper at 0x7f82f991c6a8>
Traceback (most recent call last):
  File "/usr/local/lib/python3.6/site-packages/django/utils/autoreload.py", line 225, in wrapper
    fn(*args, **kwargs)
  File "/usr/local/lib/python3.6/site-packages/django/core/management/commands/runserver.py", line 120, in inner_run
    self.check(display_num_errors=True)
  File "/usr/local/lib/python3.6/site-packages/django/core/management/base.py", line 364, in check
    include_deployment_checks=include_deployment_checks,
  File "/usr/local/lib/python3.6/site-packages/django/core/management/base.py", line 351, in _run_checks
    return checks.run_checks(**kwargs)
  File "/usr/local/lib/python3.6/site-packages/django/core/checks/registry.py", line 73, in run_checks
    new_errors = check(app_configs=app_configs)
  File "/usr/local/lib/python3.6/site-packages/django/core/checks/urls.py", line 40, in check_url_namespaces_unique
    all_namespaces = _load_all_namespaces(resolver)
  File "/usr/local/lib/python3.6/site-packages/django/core/checks/urls.py", line 57, in _load_all_namespaces
    url_patterns = getattr(resolver, 'url_patterns', [])
  File "/usr/local/lib/python3.6/site-packages/django/utils/functional.py", line 36, in __get__
    res = instance.__dict__[self.name] = self.func(instance)
  File "/usr/local/lib/python3.6/site-packages/django/urls/resolvers.py", line 536, in url_patterns
    patterns = getattr(self.urlconf_module, "urlpatterns", self.urlconf_module)
  File "/usr/local/lib/python3.6/site-packages/django/utils/functional.py", line 36, in __get__
    res = instance.__dict__[self.name] = self.func(instance)
  File "/usr/local/lib/python3.6/site-packages/django/urls/resolvers.py", line 529, in urlconf_module
    return import_module(self.urlconf_name)
  File "/usr/local/lib/python3.6/importlib/__init__.py", line 126, in import_module
    return _bootstrap._gcd_import(name[level:], package, level)
  File "<frozen importlib._bootstrap>", line 994, in _gcd_import
  File "<frozen importlib._bootstrap>", line 971, in _find_and_load
  File "<frozen importlib._bootstrap>", line 955, in _find_and_load_unlocked
  File "<frozen importlib._bootstrap>", line 665, in _load_unlocked
  File "<frozen importlib._bootstrap_external>", line 678, in exec_module
  File "<frozen importlib._bootstrap>", line 219, in _call_with_frames_removed
  File "/root/Django/khalid/khalid/urls.py", line 20, in <module>
    path('polls/',include('polls.urls')),
  File "/usr/local/lib/python3.6/site-packages/django/urls/conf.py", line 34, in include
    urlconf_module = import_module(urlconf_module)
  File "/usr/local/lib/python3.6/importlib/__init__.py", line 126, in import_module
    return _bootstrap._gcd_import(name[level:], package, level)
  File "<frozen importlib._bootstrap>", line 994, in _gcd_import
  File "<frozen importlib._bootstrap>", line 971, in _find_and_load
  File "<frozen importlib._bootstrap>", line 955, in _find_and_load_unlocked
  File "<frozen importlib._bootstrap>", line 665, in _load_unlocked
  File "<frozen importlib._bootstrap_external>", line 678, in exec_module
  File "<frozen importlib._bootstrap>", line 219, in _call_with_frames_removed
  File "/root/Django/khalid/polls/urls.py", line 3, in <module>
    from . import views
  File "/root/Django/khalid/polls/views.py", line 8
    return HttpResponse("you are looking at the fucking question %s." question_id)
                                                                                ^
SyntaxError: invalid syntax
Performing system checks...

Unhandled exception in thread started by <function check_errors.<locals>.wrapper at 0x7fcee53b66a8>
Traceback (most recent call last):
  File "/usr/local/lib/python3.6/site-packages/django/utils/autoreload.py", line 225, in wrapper
    fn(*args, **kwargs)
  File "/usr/local/lib/python3.6/site-packages/django/core/management/commands/runserver.py", line 120, in inner_run
    self.check(display_num_errors=True)
  File "/usr/local/lib/python3.6/site-packages/django/core/management/base.py", line 364, in check
    include_deployment_checks=include_deployment_checks,
  File "/usr/local/lib/python3.6/site-packages/django/core/management/base.py", line 351, in _run_checks
    return checks.run_checks(**kwargs)
  File "/usr/local/lib/python3.6/site-packages/django/core/checks/registry.py", line 73, in run_checks
    new_errors = check(app_configs=app_configs)
  File "/usr/local/lib/python3.6/site-packages/django/core/checks/urls.py", line 40, in check_url_namespaces_unique
    all_namespaces = _load_all_namespaces(resolver)
  File "/usr/local/lib/python3.6/site-packages/django/core/checks/urls.py", line 57, in _load_all_namespaces
    url_patterns = getattr(resolver, 'url_patterns', [])
  File "/usr/local/lib/python3.6/site-packages/django/utils/functional.py", line 36, in __get__
    res = instance.__dict__[self.name] = self.func(instance)
  File "/usr/local/lib/python3.6/site-packages/django/urls/resolvers.py", line 536, in url_patterns
    patterns = getattr(self.urlconf_module, "urlpatterns", self.urlconf_module)
  File "/usr/local/lib/python3.6/site-packages/django/utils/functional.py", line 36, in __get__
    res = instance.__dict__[self.name] = self.func(instance)
  File "/usr/local/lib/python3.6/site-packages/django/urls/resolvers.py", line 529, in urlconf_module
    return import_module(self.urlconf_name)
  File "/usr/local/lib/python3.6/importlib/__init__.py", line 126, in import_module
    return _bootstrap._gcd_import(name[level:], package, level)
  File "<frozen importlib._bootstrap>", line 994, in _gcd_import
  File "<frozen importlib._bootstrap>", line 971, in _find_and_load
  File "<frozen importlib._bootstrap>", line 955, in _find_and_load_unlocked
  File "<frozen importlib._bootstrap>", line 665, in _load_unlocked
  File "<frozen importlib._bootstrap_external>", line 678, in exec_module
  File "<frozen importlib._bootstrap>", line 219, in _call_with_frames_removed
  File "/root/Django/khalid/khalid/urls.py", line 20, in <module>
    path('polls/',include('polls.urls')),
  File "/usr/local/lib/python3.6/site-packages/django/urls/conf.py", line 34, in include
    urlconf_module = import_module(urlconf_module)
  File "/usr/local/lib/python3.6/importlib/__init__.py", line 126, in import_module
    return _bootstrap._gcd_import(name[level:], package, level)
  File "<frozen importlib._bootstrap>", line 994, in _gcd_import
  File "<frozen importlib._bootstrap>", line 971, in _find_and_load
  File "<frozen importlib._bootstrap>", line 955, in _find_and_load_unlocked
  File "<frozen importlib._bootstrap>", line 665, in _load_unlocked
  File "<frozen importlib._bootstrap_external>", line 678, in exec_module
  File "<frozen importlib._bootstrap>", line 219, in _call_with_frames_removed
  File "/root/Django/khalid/polls/urls.py", line 3, in <module>
    from . import views
  File "/root/Django/khalid/polls/views.py", line 8
    return HttpResponse("you are looking at the fucking question %s." question_id)
                                                                                ^
SyntaxError: invalid syntax
Performing system checks...

Unhandled exception in thread started by <function check_errors.<locals>.wrapper at 0x7f27e444e6a8>
Traceback (most recent call last):
  File "/usr/local/lib/python3.6/site-packages/django/utils/autoreload.py", line 225, in wrapper
    fn(*args, **kwargs)
  File "/usr/local/lib/python3.6/site-packages/django/core/management/commands/runserver.py", line 120, in inner_run
    self.check(display_num_errors=True)
  File "/usr/local/lib/python3.6/site-packages/django/core/management/base.py", line 364, in check
    include_deployment_checks=include_deployment_checks,
  File "/usr/local/lib/python3.6/site-packages/django/core/management/base.py", line 351, in _run_checks
    return checks.run_checks(**kwargs)
  File "/usr/local/lib/python3.6/site-packages/django/core/checks/registry.py", line 73, in run_checks
    new_errors = check(app_configs=app_configs)
  File "/usr/local/lib/python3.6/site-packages/django/core/checks/urls.py", line 40, in check_url_namespaces_unique
    all_namespaces = _load_all_namespaces(resolver)
  File "/usr/local/lib/python3.6/site-packages/django/core/checks/urls.py", line 57, in _load_all_namespaces
    url_patterns = getattr(resolver, 'url_patterns', [])
  File "/usr/local/lib/python3.6/site-packages/django/utils/functional.py", line 36, in __get__
    res = instance.__dict__[self.name] = self.func(instance)
  File "/usr/local/lib/python3.6/site-packages/django/urls/resolvers.py", line 536, in url_patterns
    patterns = getattr(self.urlconf_module, "urlpatterns", self.urlconf_module)
  File "/usr/local/lib/python3.6/site-packages/django/utils/functional.py", line 36, in __get__
    res = instance.__dict__[self.name] = self.func(instance)
  File "/usr/local/lib/python3.6/site-packages/django/urls/resolvers.py", line 529, in urlconf_module
    return import_module(self.urlconf_name)
  File "/usr/local/lib/python3.6/importlib/__init__.py", line 126, in import_module
    return _bootstrap._gcd_import(name[level:], package, level)
  File "<frozen importlib._bootstrap>", line 994, in _gcd_import
  File "<frozen importlib._bootstrap>", line 971, in _find_and_load
  File "<frozen importlib._bootstrap>", line 955, in _find_and_load_unlocked
  File "<frozen importlib._bootstrap>", line 665, in _load_unlocked
  File "<frozen importlib._bootstrap_external>", line 678, in exec_module
  File "<frozen importlib._bootstrap>", line 219, in _call_with_frames_removed
  File "/root/Django/khalid/khalid/urls.py", line 20, in <module>
    path('polls/',include('polls.urls')),
  File "/usr/local/lib/python3.6/site-packages/django/urls/conf.py", line 34, in include
    urlconf_module = import_module(urlconf_module)
  File "/usr/local/lib/python3.6/importlib/__init__.py", line 126, in import_module
    return _bootstrap._gcd_import(name[level:], package, level)
  File "<frozen importlib._bootstrap>", line 994, in _gcd_import
  File "<frozen importlib._bootstrap>", line 971, in _find_and_load
  File "<frozen importlib._bootstrap>", line 955, in _find_and_load_unlocked
  File "<frozen importlib._bootstrap>", line 665, in _load_unlocked
  File "<frozen importlib._bootstrap_external>", line 678, in exec_module
  File "<frozen importlib._bootstrap>", line 219, in _call_with_frames_removed
  File "/root/Django/khalid/polls/urls.py", line 3, in <module>
    from . import views
  File "/root/Django/khalid/polls/views.py", line 14
    def vote(request.question_id):
                    ^
SyntaxError: invalid syntax
Performing system checks...

Unhandled exception in thread started by <function check_errors.<locals>.wrapper at 0x7f3a10a386a8>
Traceback (most recent call last):
  File "/usr/local/lib/python3.6/site-packages/django/utils/autoreload.py", line 225, in wrapper
    fn(*args, **kwargs)
  File "/usr/local/lib/python3.6/site-packages/django/core/management/commands/runserver.py", line 120, in inner_run
    self.check(display_num_errors=True)
  File "/usr/local/lib/python3.6/site-packages/django/core/management/base.py", line 364, in check
    include_deployment_checks=include_deployment_checks,
  File "/usr/local/lib/python3.6/site-packages/django/core/management/base.py", line 351, in _run_checks
    return checks.run_checks(**kwargs)
  File "/usr/local/lib/python3.6/site-packages/django/core/checks/registry.py", line 73, in run_checks
    new_errors = check(app_configs=app_configs)
  File "/usr/local/lib/python3.6/site-packages/django/core/checks/urls.py", line 13, in check_url_config
    return check_resolver(resolver)
  File "/usr/local/lib/python3.6/site-packages/django/core/checks/urls.py", line 23, in check_resolver
    return check_method()
  File "/usr/local/lib/python3.6/site-packages/django/urls/resolvers.py", line 397, in check
    for pattern in self.url_patterns:
  File "/usr/local/lib/python3.6/site-packages/django/utils/functional.py", line 36, in __get__
    res = instance.__dict__[self.name] = self.func(instance)
  File "/usr/local/lib/python3.6/site-packages/django/urls/resolvers.py", line 536, in url_patterns
    patterns = getattr(self.urlconf_module, "urlpatterns", self.urlconf_module)
  File "/usr/local/lib/python3.6/site-packages/django/utils/functional.py", line 36, in __get__
    res = instance.__dict__[self.name] = self.func(instance)
  File "/usr/local/lib/python3.6/site-packages/django/urls/resolvers.py", line 529, in urlconf_module
    return import_module(self.urlconf_name)
  File "/usr/local/lib/python3.6/importlib/__init__.py", line 126, in import_module
    return _bootstrap._gcd_import(name[level:], package, level)
  File "<frozen importlib._bootstrap>", line 994, in _gcd_import
  File "<frozen importlib._bootstrap>", line 971, in _find_and_load
  File "<frozen importlib._bootstrap>", line 955, in _find_and_load_unlocked
  File "<frozen importlib._bootstrap>", line 665, in _load_unlocked
  File "<frozen importlib._bootstrap_external>", line 678, in exec_module
  File "<frozen importlib._bootstrap>", line 219, in _call_with_frames_removed
  File "/root/Django/khalid/khalid/urls.py", line 20, in <module>
    path('polls/',include('polls.urls')),
  File "/usr/local/lib/python3.6/site-packages/django/urls/conf.py", line 34, in include
    urlconf_module = import_module(urlconf_module)
  File "/usr/local/lib/python3.6/importlib/__init__.py", line 126, in import_module
    return _bootstrap._gcd_import(name[level:], package, level)
  File "<frozen importlib._bootstrap>", line 994, in _gcd_import
  File "<frozen importlib._bootstrap>", line 971, in _find_and_load
  File "<frozen importlib._bootstrap>", line 955, in _find_and_load_unlocked
  File "<frozen importlib._bootstrap>", line 665, in _load_unlocked
  File "<frozen importlib._bootstrap_external>", line 678, in exec_module
  File "<frozen importlib._bootstrap>", line 219, in _call_with_frames_removed
  File "/root/Django/khalid/polls/urls.py", line 8, in <module>
    path('<int:question_id>/results/',views.results,name='results'),
AttributeError: module 'polls.views' has no attribute 'results'
Performing system checks...

[17/May/2018 16:26:09] "GET /admin/ HTTP/1.1" 200 4620
[17/May/2018 16:26:18] "GET /polls/ HTTP/1.1" 200 8
[17/May/2018 16:26:41] "GET /polls/1 HTTP/1.1" 301 0
[17/May/2018 16:26:41] "GET /polls/1/ HTTP/1.1" 200 42
[17/May/2018 16:26:45] "GET /polls/10 HTTP/1.1" 301 0
[17/May/2018 16:26:45] "GET /polls/10/ HTTP/1.1" 200 43
[17/May/2018 16:27:18] "GET /polls/10/vote HTTP/1.1" 301 0
[17/May/2018 16:27:18] "GET /polls/10/vote/ HTTP/1.1" 200 29
[17/May/2018 16:27:52] "GET /polls/10/results HTTP/1.1" 301 0
[17/May/2018 16:27:52] "GET /polls/10/results/ HTTP/1.1" 200 31
Invalid HTTP_HOST header: '59.110.246.72:8000'. You may need to add '59.110.246.72' to ALLOWED_HOSTS.
[17/May/2018 16:45:49] "GET / HTTP/1.1" 400 58582
Performing system checks...

System check identified no issues (0 silenced).
May 17, 2018 - 16:25:54
Django version 2.0.4, using settings 'khalid.settings'
Starting development server at http://0:8000/
Quit the server with CONTROL-C.
[17/May/2018 17:36:05] "GET /polls/ HTTP/1.1" 200 18
[17/May/2018 17:36:17] "GET /admin/ HTTP/1.1" 200 4620
[17/May/2018 17:36:19] "GET /admin/polls/question/add/ HTTP/1.1" 200 5901
[17/May/2018 17:36:20] "GET /admin/jsi18n/ HTTP/1.1" 200 7684
[17/May/2018 17:36:37] "POST /admin/polls/question/add/ HTTP/1.1" 302 0
[17/May/2018 17:36:37] "GET /admin/polls/question/ HTTP/1.1" 200 4810
[17/May/2018 17:36:37] "GET /admin/jsi18n/ HTTP/1.1" 200 7684
[17/May/2018 17:36:43] "GET /polls/ HTTP/1.1" 200 25
[17/May/2018 17:36:48] "GET /admin/ HTTP/1.1" 200 4908
Performing system checks...

System check identified no issues (0 silenced).
May 17, 2018 - 17:36:00
Django version 2.0.4, using settings 'khalid.settings'
Starting development server at http://0:8000/
Quit the server with CONTROL-C.
[17/May/2018 17:56:33] "GET /polls/ HTTP/1.1" 200 120
[17/May/2018 17:56:35] "GET /polls/ HTTP/1.1" 200 120
[17/May/2018 17:58:07] "GET /polls/ HTTP/1.1" 200 120
[17/May/2018 17:59:46] "GET /polls/ HTTP/1.1" 200 144
[17/May/2018 17:59:48] "GET /polls/1/ HTTP/1.1" 200 42
[17/May/2018 17:59:54] "GET /polls/2/ HTTP/1.1" 200 42
Performing system checks...

System check identified no issues (0 silenced).
May 17, 2018 - 17:56:30
Django version 2.0.4, using settings 'khalid.settings'
Starting development server at http://0:8000/
Quit the server with CONTROL-C.
[17/May/2018 18:10:20] "GET /polls/ HTTP/1.1" 200 144
Performing system checks...

System check identified no issues (0 silenced).
May 17, 2018 - 18:10:18
Django version 2.0.4, using settings 'khalid.settings'
Starting development server at http://0:8000/
Quit the server with CONTROL-C.
[17/May/2018 18:14:33] "GET /polls/1/ HTTP/1.1" 200 19
[17/May/2018 18:14:36] "GET /polls/2/ HTTP/1.1" 200 7
[17/May/2018 18:15:05] "GET /polls/4 HTTP/1.1" 301 0
Not Found: /polls/4/
[17/May/2018 18:15:05] "GET /polls/4/ HTTP/1.1" 404 1718
Not Found: /polls/4/dd
[17/May/2018 18:15:17] "GET /polls/4/dd HTTP/1.1" 404 2728
[17/May/2018 19:46:44] "GET /admin/login/?next=/admin/ HTTP/1.1" 200 1856
Not Found: /favicon.ico
[17/May/2018 19:46:44] "GET /favicon.ico HTTP/1.1" 404 2082
[17/May/2018 19:47:09] "GET /polls/ HTTP/1.1" 200 144
Invalid HTTP_HOST header: 'iZuf6640ra8ceyqgctyqibZ:8000'. You may need to add 'izuf6640ra8ceyqgctyqibz' to ALLOWED_HOSTS.
[17/May/2018 20:10:16] "GET / HTTP/1.0" 400 58323
Traceback (most recent call last):
  File "/usr/local/lib/python3.6/wsgiref/handlers.py", line 138, in run
    self.finish_response()
  File "/usr/local/lib/python3.6/wsgiref/handlers.py", line 180, in finish_response
    self.write(data)
  File "/usr/local/lib/python3.6/wsgiref/handlers.py", line 279, in write
    self._write(data)
  File "/usr/local/lib/python3.6/wsgiref/handlers.py", line 453, in _write
    result = self.stdout.write(data)
  File "/usr/local/lib/python3.6/socketserver.py", line 775, in write
    self._sock.sendall(b)
ConnectionResetError: [Errno 104] Connection reset by peer
[17/May/2018 20:10:16] "GET / HTTP/1.0" 500 59
----------------------------------------
Exception happened during processing of request from ('89.102.204.66', 36812)
Traceback (most recent call last):
  File "/usr/local/lib/python3.6/wsgiref/handlers.py", line 138, in run
    self.finish_response()
  File "/usr/local/lib/python3.6/wsgiref/handlers.py", line 180, in finish_response
    self.write(data)
  File "/usr/local/lib/python3.6/wsgiref/handlers.py", line 279, in write
    self._write(data)
  File "/usr/local/lib/python3.6/wsgiref/handlers.py", line 453, in _write
    result = self.stdout.write(data)
  File "/usr/local/lib/python3.6/socketserver.py", line 775, in write
    self._sock.sendall(b)
ConnectionResetError: [Errno 104] Connection reset by peer

During handling of the above exception, another exception occurred:

Traceback (most recent call last):
  File "/usr/local/lib/python3.6/wsgiref/handlers.py", line 141, in run
    self.handle_error()
  File "/usr/local/lib/python3.6/site-packages/django/core/servers/basehttp.py", line 86, in handle_error
    super().handle_error()
  File "/usr/local/lib/python3.6/wsgiref/handlers.py", line 368, in handle_error
    self.finish_response()
  File "/usr/local/lib/python3.6/wsgiref/handlers.py", line 180, in finish_response
    self.write(data)
  File "/usr/local/lib/python3.6/wsgiref/handlers.py", line 274, in write
    self.send_headers()
  File "/usr/local/lib/python3.6/wsgiref/handlers.py", line 331, in send_headers
    if not self.origin_server or self.client_is_modern():
  File "/usr/local/lib/python3.6/wsgiref/handlers.py", line 344, in client_is_modern
    return self.environ['SERVER_PROTOCOL'].upper() != 'HTTP/0.9'
TypeError: 'NoneType' object is not subscriptable

During handling of the above exception, another exception occurred:

Traceback (most recent call last):
  File "/usr/local/lib/python3.6/socketserver.py", line 639, in process_request_thread
    self.finish_request(request, client_address)
  File "/usr/local/lib/python3.6/socketserver.py", line 361, in finish_request
    self.RequestHandlerClass(request, client_address, self)
  File "/usr/local/lib/python3.6/socketserver.py", line 696, in __init__
    self.handle()
  File "/usr/local/lib/python3.6/site-packages/django/core/servers/basehttp.py", line 154, in handle
    handler.run(self.server.get_app())
  File "/usr/local/lib/python3.6/wsgiref/handlers.py", line 144, in run
    self.close()
  File "/usr/local/lib/python3.6/wsgiref/simple_server.py", line 35, in close
    self.status.split(' ',1)[0], self.bytes_sent
AttributeError: 'NoneType' object has no attribute 'split'
----------------------------------------
Performing system checks...

System check identified no issues (0 silenced).
May 17, 2018 - 18:14:04
Django version 2.0.4, using settings 'khalid.settings'
Starting development server at http://0:8000/
Quit the server with CONTROL-C.
Unhandled exception in thread started by <function check_errors.<locals>.wrapper at 0x7fb0dcc366a8>
Traceback (most recent call last):
  File "/usr/local/lib/python3.6/site-packages/django/utils/autoreload.py", line 225, in wrapper
    fn(*args, **kwargs)
  File "/usr/local/lib/python3.6/site-packages/django/core/management/commands/runserver.py", line 120, in inner_run
    self.check(display_num_errors=True)
  File "/usr/local/lib/python3.6/site-packages/django/core/management/base.py", line 364, in check
    include_deployment_checks=include_deployment_checks,
  File "/usr/local/lib/python3.6/site-packages/django/core/management/base.py", line 351, in _run_checks
    return checks.run_checks(**kwargs)
  File "/usr/local/lib/python3.6/site-packages/django/core/checks/registry.py", line 73, in run_checks
    new_errors = check(app_configs=app_configs)
  File "/usr/local/lib/python3.6/site-packages/django/core/checks/urls.py", line 40, in check_url_namespaces_unique
    all_namespaces = _load_all_namespaces(resolver)
  File "/usr/local/lib/python3.6/site-packages/django/core/checks/urls.py", line 57, in _load_all_namespaces
    url_patterns = getattr(resolver, 'url_patterns', [])
  File "/usr/local/lib/python3.6/site-packages/django/utils/functional.py", line 36, in __get__
    res = instance.__dict__[self.name] = self.func(instance)
  File "/usr/local/lib/python3.6/site-packages/django/urls/resolvers.py", line 536, in url_patterns
    patterns = getattr(self.urlconf_module, "urlpatterns", self.urlconf_module)
  File "/usr/local/lib/python3.6/site-packages/django/utils/functional.py", line 36, in __get__
    res = instance.__dict__[self.name] = self.func(instance)
  File "/usr/local/lib/python3.6/site-packages/django/urls/resolvers.py", line 529, in urlconf_module
    return import_module(self.urlconf_name)
  File "/usr/local/lib/python3.6/importlib/__init__.py", line 126, in import_module
    return _bootstrap._gcd_import(name[level:], package, level)
  File "<frozen importlib._bootstrap>", line 994, in _gcd_import
  File "<frozen importlib._bootstrap>", line 971, in _find_and_load
  File "<frozen importlib._bootstrap>", line 955, in _find_and_load_unlocked
  File "<frozen importlib._bootstrap>", line 665, in _load_unlocked
  File "<frozen importlib._bootstrap_external>", line 678, in exec_module
  File "<frozen importlib._bootstrap>", line 219, in _call_with_frames_removed
  File "/root/Django/khalid/khalid/urls.py", line 20, in <module>
    path('polls/',include('polls.urls')),
  File "/usr/local/lib/python3.6/site-packages/django/urls/conf.py", line 34, in include
    urlconf_module = import_module(urlconf_module)
  File "/usr/local/lib/python3.6/importlib/__init__.py", line 126, in import_module
    return _bootstrap._gcd_import(name[level:], package, level)
  File "<frozen importlib._bootstrap>", line 994, in _gcd_import
  File "<frozen importlib._bootstrap>", line 971, in _find_and_load
  File "<frozen importlib._bootstrap>", line 955, in _find_and_load_unlocked
  File "<frozen importlib._bootstrap>", line 665, in _load_unlocked
  File "<frozen importlib._bootstrap_external>", line 678, in exec_module
  File "<frozen importlib._bootstrap>", line 219, in _call_with_frames_removed
  File "/root/Django/khalid/polls/urls.py", line 3, in <module>
    from . import views
  File "/root/Django/khalid/polls/views.py", line 1, in <module>
    from django.shortcuts import render,get_objects_or_404
ImportError: cannot import name 'get_objects_or_404'
Performing system checks...

[17/May/2018 22:16:38] "GET /polls HTTP/1.1" 301 0
[17/May/2018 22:16:38] "GET /polls/ HTTP/1.1" 200 144
Not Found: /favicon.ico
[17/May/2018 22:16:38] "GET /favicon.ico HTTP/1.1" 404 2082
[17/May/2018 22:16:42] "GET /polls/1 HTTP/1.1" 301 0
[17/May/2018 22:16:42] "GET /polls/1/ HTTP/1.1" 200 19
[17/May/2018 22:16:47] "GET /polls/0 HTTP/1.1" 301 0
Not Found: /polls/0/
[17/May/2018 22:16:47] "GET /polls/0/ HTTP/1.1" 404 1731
Internal Server Error: /polls/1/
Traceback (most recent call last):
  File "/usr/local/lib/python3.6/site-packages/django/core/handlers/exception.py", line 35, in inner
    response = get_response(request)
  File "/usr/local/lib/python3.6/site-packages/django/core/handlers/base.py", line 128, in _get_response
    response = self.process_exception_by_middleware(e, request)
  File "/usr/local/lib/python3.6/site-packages/django/core/handlers/base.py", line 126, in _get_response
    response = wrapped_callback(request, *callback_args, **callback_kwargs)
  File "/root/Django/khalid/polls/views.py", line 15, in detail
    return render(request,'polls/detail.html',{'question':question})
  File "/usr/local/lib/python3.6/site-packages/django/shortcuts.py", line 36, in render
    content = loader.render_to_string(template_name, context, request, using=using)
  File "/usr/local/lib/python3.6/site-packages/django/template/loader.py", line 61, in render_to_string
    template = get_template(template_name, using=using)
  File "/usr/local/lib/python3.6/site-packages/django/template/loader.py", line 15, in get_template
    return engine.get_template(template_name)
  File "/usr/local/lib/python3.6/site-packages/django/template/backends/django.py", line 34, in get_template
    return Template(self.engine.get_template(template_name), self)
  File "/usr/local/lib/python3.6/site-packages/django/template/engine.py", line 144, in get_template
    template, origin = self.find_template(template_name)
  File "/usr/local/lib/python3.6/site-packages/django/template/engine.py", line 126, in find_template
    template = loader.get_template(name, skip=skip)
  File "/usr/local/lib/python3.6/site-packages/django/template/loaders/base.py", line 30, in get_template
    contents, origin, origin.template_name, self.engine,
  File "/usr/local/lib/python3.6/site-packages/django/template/base.py", line 160, in __init__
    self.nodelist = self.compile_nodelist()
  File "/usr/local/lib/python3.6/site-packages/django/template/base.py", line 198, in compile_nodelist
    return parser.parse()
  File "/usr/local/lib/python3.6/site-packages/django/template/base.py", line 483, in parse
    raise self.error(token, e)
  File "/usr/local/lib/python3.6/site-packages/django/template/base.py", line 481, in parse
    compiled_result = compile_func(self, token)
  File "/usr/local/lib/python3.6/site-packages/django/template/defaulttags.py", line 814, in do_for
    sequence = parser.compile_filter(bits[in_index + 1])
  File "/usr/local/lib/python3.6/site-packages/django/template/base.py", line 568, in compile_filter
    return FilterExpression(token, self)
  File "/usr/local/lib/python3.6/site-packages/django/template/base.py", line 668, in __init__
    "from '%s'" % (token[upto:], token))
django.template.exceptions.TemplateSyntaxError: Could not parse the remainder: '()' from 'question.choice_set.all()'
[17/May/2018 22:19:13] "GET /polls/1/ HTTP/1.1" 500 129021
Internal Server Error: /polls/1/
Traceback (most recent call last):
  File "/usr/local/lib/python3.6/site-packages/django/core/handlers/exception.py", line 35, in inner
    response = get_response(request)
  File "/usr/local/lib/python3.6/site-packages/django/core/handlers/base.py", line 128, in _get_response
    response = self.process_exception_by_middleware(e, request)
  File "/usr/local/lib/python3.6/site-packages/django/core/handlers/base.py", line 126, in _get_response
    response = wrapped_callback(request, *callback_args, **callback_kwargs)
  File "/root/Django/khalid/polls/views.py", line 15, in detail
    return render(request,'polls/detail.html',{'question':question})
  File "/usr/local/lib/python3.6/site-packages/django/shortcuts.py", line 36, in render
    content = loader.render_to_string(template_name, context, request, using=using)
  File "/usr/local/lib/python3.6/site-packages/django/template/loader.py", line 61, in render_to_string
    template = get_template(template_name, using=using)
  File "/usr/local/lib/python3.6/site-packages/django/template/loader.py", line 15, in get_template
    return engine.get_template(template_name)
  File "/usr/local/lib/python3.6/site-packages/django/template/backends/django.py", line 34, in get_template
    return Template(self.engine.get_template(template_name), self)
  File "/usr/local/lib/python3.6/site-packages/django/template/engine.py", line 144, in get_template
    template, origin = self.find_template(template_name)
  File "/usr/local/lib/python3.6/site-packages/django/template/engine.py", line 126, in find_template
    template = loader.get_template(name, skip=skip)
  File "/usr/local/lib/python3.6/site-packages/django/template/loaders/base.py", line 30, in get_template
    contents, origin, origin.template_name, self.engine,
  File "/usr/local/lib/python3.6/site-packages/django/template/base.py", line 160, in __init__
    self.nodelist = self.compile_nodelist()
  File "/usr/local/lib/python3.6/site-packages/django/template/base.py", line 198, in compile_nodelist
    return parser.parse()
  File "/usr/local/lib/python3.6/site-packages/django/template/base.py", line 483, in parse
    raise self.error(token, e)
  File "/usr/local/lib/python3.6/site-packages/django/template/base.py", line 481, in parse
    compiled_result = compile_func(self, token)
  File "/usr/local/lib/python3.6/site-packages/django/template/defaulttags.py", line 815, in do_for
    nodelist_loop = parser.parse(('empty', 'endfor',))
  File "/usr/local/lib/python3.6/site-packages/django/template/base.py", line 488, in parse
    self.unclosed_block_tag(parse_until)
  File "/usr/local/lib/python3.6/site-packages/django/template/base.py", line 549, in unclosed_block_tag
    raise self.error(token, msg)
django.template.exceptions.TemplateSyntaxError: Unclosed tag on line 3: 'for'. Looking for one of: empty, endfor.
[17/May/2018 22:19:47] "GET /polls/1/ HTTP/1.1" 500 128784
Internal Server Error: /polls/1/
Traceback (most recent call last):
  File "/usr/local/lib/python3.6/site-packages/django/core/handlers/exception.py", line 35, in inner
    response = get_response(request)
  File "/usr/local/lib/python3.6/site-packages/django/core/handlers/base.py", line 128, in _get_response
    response = self.process_exception_by_middleware(e, request)
  File "/usr/local/lib/python3.6/site-packages/django/core/handlers/base.py", line 126, in _get_response
    response = wrapped_callback(request, *callback_args, **callback_kwargs)
  File "/root/Django/khalid/polls/views.py", line 15, in detail
    return render(request,'polls/detail.html',{'question':question})
  File "/usr/local/lib/python3.6/site-packages/django/shortcuts.py", line 36, in render
    content = loader.render_to_string(template_name, context, request, using=using)
  File "/usr/local/lib/python3.6/site-packages/django/template/loader.py", line 61, in render_to_string
    template = get_template(template_name, using=using)
  File "/usr/local/lib/python3.6/site-packages/django/template/loader.py", line 15, in get_template
    return engine.get_template(template_name)
  File "/usr/local/lib/python3.6/site-packages/django/template/backends/django.py", line 34, in get_template
    return Template(self.engine.get_template(template_name), self)
  File "/usr/local/lib/python3.6/site-packages/django/template/engine.py", line 144, in get_template
    template, origin = self.find_template(template_name)
  File "/usr/local/lib/python3.6/site-packages/django/template/engine.py", line 126, in find_template
    template = loader.get_template(name, skip=skip)
  File "/usr/local/lib/python3.6/site-packages/django/template/loaders/base.py", line 30, in get_template
    contents, origin, origin.template_name, self.engine,
  File "/usr/local/lib/python3.6/site-packages/django/template/base.py", line 160, in __init__
    self.nodelist = self.compile_nodelist()
  File "/usr/local/lib/python3.6/site-packages/django/template/base.py", line 198, in compile_nodelist
    return parser.parse()
  File "/usr/local/lib/python3.6/site-packages/django/template/base.py", line 483, in parse
    raise self.error(token, e)
  File "/usr/local/lib/python3.6/site-packages/django/template/base.py", line 481, in parse
    compiled_result = compile_func(self, token)
  File "/usr/local/lib/python3.6/site-packages/django/template/defaulttags.py", line 815, in do_for
    nodelist_loop = parser.parse(('empty', 'endfor',))
  File "/usr/local/lib/python3.6/site-packages/django/template/base.py", line 454, in parse
    raise self.error(token, e)
  File "/usr/local/lib/python3.6/site-packages/django/template/base.py", line 452, in parse
    filter_expression = self.compile_filter(token.contents)
  File "/usr/local/lib/python3.6/site-packages/django/template/base.py", line 568, in compile_filter
    return FilterExpression(token, self)
  File "/usr/local/lib/python3.6/site-packages/django/template/base.py", line 668, in __init__
    "from '%s'" % (token[upto:], token))
django.template.exceptions.TemplateSyntaxError: Could not parse the remainder: '%endfor%' from '%endfor%'
[17/May/2018 22:20:25] "GET /polls/1/ HTTP/1.1" 500 138343
[17/May/2018 22:21:35] "GET /polls/1/ HTTP/1.1" 200 149
[17/May/2018 22:21:41] "GET /polls/2/ HTTP/1.1" 200 28
Internal Server Error: /polls/1/
Traceback (most recent call last):
  File "/usr/local/lib/python3.6/site-packages/django/core/handlers/exception.py", line 35, in inner
    response = get_response(request)
  File "/usr/local/lib/python3.6/site-packages/django/core/handlers/base.py", line 128, in _get_response
    response = self.process_exception_by_middleware(e, request)
  File "/usr/local/lib/python3.6/site-packages/django/core/handlers/base.py", line 126, in _get_response
    response = wrapped_callback(request, *callback_args, **callback_kwargs)
  File "/root/Django/khalid/polls/views.py", line 15, in detail
    return render(request,'polls/detail.html',{'question':question})
  File "/usr/local/lib/python3.6/site-packages/django/shortcuts.py", line 36, in render
    content = loader.render_to_string(template_name, context, request, using=using)
  File "/usr/local/lib/python3.6/site-packages/django/template/loader.py", line 61, in render_to_string
    template = get_template(template_name, using=using)
  File "/usr/local/lib/python3.6/site-packages/django/template/loader.py", line 15, in get_template
    return engine.get_template(template_name)
  File "/usr/local/lib/python3.6/site-packages/django/template/backends/django.py", line 34, in get_template
    return Template(self.engine.get_template(template_name), self)
  File "/usr/local/lib/python3.6/site-packages/django/template/engine.py", line 144, in get_template
    template, origin = self.find_template(template_name)
  File "/usr/local/lib/python3.6/site-packages/django/template/engine.py", line 126, in find_template
    template = loader.get_template(name, skip=skip)
  File "/usr/local/lib/python3.6/site-packages/django/template/loaders/base.py", line 30, in get_template
    contents, origin, origin.template_name, self.engine,
  File "/usr/local/lib/python3.6/site-packages/django/template/base.py", line 160, in __init__
    self.nodelist = self.compile_nodelist()
  File "/usr/local/lib/python3.6/site-packages/django/template/base.py", line 198, in compile_nodelist
    return parser.parse()
  File "/usr/local/lib/python3.6/site-packages/django/template/base.py", line 454, in parse
    raise self.error(token, e)
  File "/usr/local/lib/python3.6/site-packages/django/template/base.py", line 452, in parse
    filter_expression = self.compile_filter(token.contents)
  File "/usr/local/lib/python3.6/site-packages/django/template/base.py", line 568, in compile_filter
    return FilterExpression(token, self)
  File "/usr/local/lib/python3.6/site-packages/django/template/base.py", line 668, in __init__
    "from '%s'" % (token[upto:], token))
django.template.exceptions.TemplateSyntaxError: Could not parse the remainder: '=1' from 'question.pk=1'
[17/May/2018 22:23:41] "GET /polls/1/ HTTP/1.1" 500 122111
[17/May/2018 22:23:56] "GET /polls/1/ HTTP/1.1" 200 131
Internal Server Error: /polls/1/
Traceback (most recent call last):
  File "/usr/local/lib/python3.6/site-packages/django/core/handlers/exception.py", line 35, in inner
    response = get_response(request)
  File "/usr/local/lib/python3.6/site-packages/django/core/handlers/base.py", line 128, in _get_response
    response = self.process_exception_by_middleware(e, request)
  File "/usr/local/lib/python3.6/site-packages/django/core/handlers/base.py", line 126, in _get_response
    response = wrapped_callback(request, *callback_args, **callback_kwargs)
  File "/root/Django/khalid/polls/views.py", line 15, in detail
    return render(request,'polls/detail.html',{'question':question})
  File "/usr/local/lib/python3.6/site-packages/django/shortcuts.py", line 36, in render
    content = loader.render_to_string(template_name, context, request, using=using)
  File "/usr/local/lib/python3.6/site-packages/django/template/loader.py", line 61, in render_to_string
    template = get_template(template_name, using=using)
  File "/usr/local/lib/python3.6/site-packages/django/template/loader.py", line 15, in get_template
    return engine.get_template(template_name)
  File "/usr/local/lib/python3.6/site-packages/django/template/backends/django.py", line 34, in get_template
    return Template(self.engine.get_template(template_name), self)
  File "/usr/local/lib/python3.6/site-packages/django/template/engine.py", line 144, in get_template
    template, origin = self.find_template(template_name)
  File "/usr/local/lib/python3.6/site-packages/django/template/engine.py", line 126, in find_template
    template = loader.get_template(name, skip=skip)
  File "/usr/local/lib/python3.6/site-packages/django/template/loaders/base.py", line 30, in get_template
    contents, origin, origin.template_name, self.engine,
  File "/usr/local/lib/python3.6/site-packages/django/template/base.py", line 160, in __init__
    self.nodelist = self.compile_nodelist()
  File "/usr/local/lib/python3.6/site-packages/django/template/base.py", line 198, in compile_nodelist
    return parser.parse()
  File "/usr/local/lib/python3.6/site-packages/django/template/base.py", line 454, in parse
    raise self.error(token, e)
  File "/usr/local/lib/python3.6/site-packages/django/template/base.py", line 452, in parse
    filter_expression = self.compile_filter(token.contents)
  File "/usr/local/lib/python3.6/site-packages/django/template/base.py", line 568, in compile_filter
    return FilterExpression(token, self)
  File "/usr/local/lib/python3.6/site-packages/django/template/base.py", line 668, in __init__
    "from '%s'" % (token[upto:], token))
django.template.exceptions.TemplateSyntaxError: Could not parse the remainder: ''pk':1' from 'question.'pk':1'
[17/May/2018 22:25:09] "GET /polls/1/ HTTP/1.1" 500 122438
[17/May/2018 22:25:23] "GET /polls/1/ HTTP/1.1" 200 134
[17/May/2018 22:33:23] "GET /polls/1/ HTTP/1.1" 200 149
[17/May/2018 22:33:45] "GET /polls/1/ HTTP/1.1" 200 149
[17/May/2018 22:33:47] "GET /polls/1/ HTTP/1.1" 200 149
[17/May/2018 22:33:49] "GET /polls/1/ HTTP/1.1" 200 149
[17/May/2018 22:33:53] "GET /polls/2/ HTTP/1.1" 200 28
Performing system checks...

System check identified no issues (0 silenced).
May 17, 2018 - 22:16:24
Django version 2.0.4, using settings 'khalid.settings'
Starting development server at http://0:8000/
Quit the server with CONTROL-C.
[17/May/2018 22:37:25] "GET /polls/1/ HTTP/1.1" 200 149
Invalid HTTP_HOST header: '59.110.41.4:8000'. You may need to add '59.110.41.4' to ALLOWED_HOSTS.
[18/May/2018 00:53:33] "GET / HTTP/1.1" 400 58551
Invalid HTTP_HOST header: 'www.qq.com'. You may need to add 'www.qq.com' to ALLOWED_HOSTS.
[18/May/2018 03:42:02] "GET http://www.qq.com/404/search_children.js HTTP/1.1" 400 59141
[18/May/2018 03:42:07] code 400, message Bad request syntax ('\x04\x01\x00PpTi4\x00')
[18/May/2018 03:42:07] " PpTi4 " 400 -
[18/May/2018 03:42:07] code 400, message Bad request syntax ('\x05\x01\x00')
[18/May/2018 03:42:07] " " 400 -
Invalid HTTP_HOST header: 'www.baidu.com'. You may need to add 'www.baidu.com' to ALLOWED_HOSTS.
[18/May/2018 03:44:36] "GET http://www.baidu.com/cache/global/img/gs.gif HTTP/1.1" 400 59032
Invalid HTTP_HOST header: 'www.baidu.com'. You may need to add 'www.baidu.com' to ALLOWED_HOSTS.
[18/May/2018 06:21:54] "GET http://www.baidu.com/cache/global/img/gs.gif HTTP/1.1" 400 59030
Invalid HTTP_HOST header: 'www.baidu.com'. You may need to add 'www.baidu.com' to ALLOWED_HOSTS.
[18/May/2018 08:32:50] "GET http://www.baidu.com/cache/global/img/gs.gif HTTP/1.1" 400 59029
Invalid HTTP_HOST header: '59.110.41.4:8000'. You may need to add '59.110.41.4' to ALLOWED_HOSTS.
[18/May/2018 08:48:04] "GET / HTTP/1.1" 400 58552
Invalid HTTP_HOST header: '59.110.139.184:8000'. You may need to add '59.110.139.184' to ALLOWED_HOSTS.
[18/May/2018 16:49:03] "GET / HTTP/1.1" 400 58593
[18/May/2018 19:59:55] "GET /admin/login/?next=/admin/ HTTP/1.1" 200 1856
Not Found: /favicon.ico
[18/May/2018 21:18:29] "GET /favicon.ico HTTP/1.1" 404 2082
Not Found: /
[19/May/2018 00:29:17] "GET / HTTP/1.1" 404 2031
Invalid HTTP_HOST header: 'www.baidu.com'. You may need to add 'www.baidu.com' to ALLOWED_HOSTS.
[19/May/2018 00:51:44] "GET http://www.baidu.com/cache/global/img/gs.gif HTTP/1.1" 400 59030
Invalid HTTP_HOST header: '59.110.245.182:8000'. You may need to add '59.110.245.182' to ALLOWED_HOSTS.
[19/May/2018 00:52:08] "GET / HTTP/1.1" 400 58593
[19/May/2018 01:24:14] code 400, message Bad request syntax ('\x00\x00\x00TZ\x00\x00\x00\x00\x00\x00\x00\x00\x01\x00\x00\x04\x010I\x00\x00\x00\x00\x80\x0b\x00\x0c)t F\x07\x00tsXrcsXYs9\x00\x00\x00\x00\x00\x00\x00\x00\x00\x00\x00\x00\x00\x00\x00\x00\x00\x00\x00\x00\x00\x00bbXcsXctst\x00\x00\x00\x00\x00\x00')
[19/May/2018 01:24:14] "   TZ          0I     )t F tsXrcsXYs9                      bbXcsXctst      " 400 -
Invalid HTTP_HOST header: 'www.baidu.com'. You may need to add 'www.baidu.com' to ALLOWED_HOSTS.
[19/May/2018 05:44:55] "GET http://www.baidu.com/cache/global/img/gs.gif HTTP/1.1" 400 59029
Invalid HTTP_HOST header: '59.110.247.216:8000'. You may need to add '59.110.247.216' to ALLOWED_HOSTS.
[19/May/2018 08:57:22] "GET / HTTP/1.1" 400 58598
Invalid HTTP_HOST header: 'www.baidu.com'. You may need to add 'www.baidu.com' to ALLOWED_HOSTS.
[19/May/2018 09:45:49] "GET http://www.baidu.com/cache/global/img/gs.gif HTTP/1.1" 400 59030
Invalid HTTP_HOST header: '59.110.168.137:8000'. You may need to add '59.110.168.137' to ALLOWED_HOSTS.
[19/May/2018 16:53:57] "GET / HTTP/1.1" 400 58593
Invalid HTTP_HOST header: 'www.baidu.com'. You may need to add 'www.baidu.com' to ALLOWED_HOSTS.
[19/May/2018 18:37:47] "GET http://www.baidu.com/cache/global/img/gs.gif HTTP/1.1" 400 59030
Invalid HTTP_HOST header: '59.110.244.4:8000'. You may need to add '59.110.244.4' to ALLOWED_HOSTS.
[20/May/2018 02:50:49] "GET / HTTP/1.1" 400 58568
Invalid HTTP_HOST header: 'www.baidu.com'. You may need to add 'www.baidu.com' to ALLOWED_HOSTS.
[20/May/2018 03:15:02] "GET http://www.baidu.com/cache/global/img/gs.gif HTTP/1.1" 400 59029
Invalid HTTP_HOST header: 'www.baidu.com'. You may need to add 'www.baidu.com' to ALLOWED_HOSTS.
[20/May/2018 03:49:53] "GET http://www.baidu.com/cache/global/img/gs.gif HTTP/1.1" 400 59030
----------------------------------------
Exception happened during processing of request from ('85.25.185.112', 7939)
Traceback (most recent call last):
  File "/usr/local/lib/python3.6/socketserver.py", line 639, in process_request_thread
    self.finish_request(request, client_address)
  File "/usr/local/lib/python3.6/socketserver.py", line 361, in finish_request
    self.RequestHandlerClass(request, client_address, self)
  File "/usr/local/lib/python3.6/socketserver.py", line 696, in __init__
    self.handle()
  File "/usr/local/lib/python3.6/site-packages/django/core/servers/basehttp.py", line 139, in handle
    self.raw_requestline = self.rfile.readline(65537)
  File "/usr/local/lib/python3.6/socket.py", line 586, in readinto
    return self._sock.recv_into(b)
ConnectionResetError: [Errno 104] Connection reset by peer
----------------------------------------
[20/May/2018 06:15:18] code 400, message Bad request syntax ('\x00\x00\x00TZ\x00\x00\x00\x00\x00\x00\x00\x00\x01\x00\x10\x04\x01.\x05\x00\x00\x00\x00\x81I\x00\x0c)\x83z\x01\x00zf\x00\x8d\x16~\x9dU\x05\x1fi\x00\x00\x00\x00\x00\x00\x00\x00\x00\x00\x00\x00\x00\x00\x00\x00|v\x1eOd')
[20/May/2018 06:15:18] "   TZ         .    I )z zf ~Ui                |vOd" 400 -
Not Found: /
[20/May/2018 07:27:24] "GET / HTTP/1.1" 404 2031
[20/May/2018 07:33:05] code 400, message Bad HTTP/0.9 request type ('\x03\x00\x00/*\x00\x00\x00\x00\x00Cookie:')
[20/May/2018 07:33:05] "  /*     Cookie: mstshash=Administr" 400 -
Invalid HTTP_HOST header: '139.219.106.96:11000'. You may need to add '139.219.106.96' to ALLOWED_HOSTS.
[20/May/2018 13:17:06] "GET http://139.219.106.96:11000/1qiWaz2wRsx3eXdc4rDfv5tgb6yhn7Uujm8Lik999 HTTP/1.1" 400 59628
[20/May/2018 19:01:57] code 400, message Bad request syntax ('\x00\x00\x00TZ\x00\x00\x00\x00\x00\x00\x00\x00\x01\x00\x00\x04\x010I\x00\x00\x00\x00\x80\x0b\x00\x0c)t F\x07\x00tsXrcsXYs9\x00\x00\x00\x00\x00\x00\x00\x00\x00\x00\x00\x00\x00\x00\x00\x00\x00\x00\x00\x00\x00\x00bbXcsXctst\x00\x00\x00\x00\x00\x00')
[20/May/2018 19:01:57] "   TZ          0I     )t F tsXrcsXYs9                      bbXcsXctst      " 400 -
Not Found: /wls-wsat/CoordinatorPortType
[21/May/2018 06:57:36] "GET /wls-wsat/CoordinatorPortType HTTP/1.1" 404 2133
Invalid HTTP_HOST header: 'www.baidu.com'. You may need to add 'www.baidu.com' to ALLOWED_HOSTS.
[21/May/2018 07:28:01] "GET http://www.baidu.com/cache/global/img/gs.gif HTTP/1.1" 400 59030
Invalid HTTP_HOST header: '59.110.24.189:8000'. You may need to add '59.110.24.189' to ALLOWED_HOSTS.
[21/May/2018 08:50:16] "GET / HTTP/1.1" 400 58582
Internal Server Error: /polls/
Traceback (most recent call last):
  File "/usr/local/lib/python3.6/site-packages/django/core/handlers/exception.py", line 35, in inner
    response = get_response(request)
  File "/usr/local/lib/python3.6/site-packages/django/core/handlers/base.py", line 128, in _get_response
    response = self.process_exception_by_middleware(e, request)
  File "/usr/local/lib/python3.6/site-packages/django/core/handlers/base.py", line 126, in _get_response
    response = wrapped_callback(request, *callback_args, **callback_kwargs)
  File "/root/Django/khalid/polls/views.py", line 11, in index
    return render(request,'polls/index.html',context)
  File "/usr/local/lib/python3.6/site-packages/django/shortcuts.py", line 36, in render
    content = loader.render_to_string(template_name, context, request, using=using)
  File "/usr/local/lib/python3.6/site-packages/django/template/loader.py", line 62, in render_to_string
    return template.render(context, request)
  File "/usr/local/lib/python3.6/site-packages/django/template/backends/django.py", line 61, in render
    return self.template.render(context)
  File "/usr/local/lib/python3.6/site-packages/django/template/base.py", line 175, in render
    return self._render(context)
  File "/usr/local/lib/python3.6/site-packages/django/template/base.py", line 167, in _render
    return self.nodelist.render(context)
  File "/usr/local/lib/python3.6/site-packages/django/template/base.py", line 943, in render
    bit = node.render_annotated(context)
  File "/usr/local/lib/python3.6/site-packages/django/template/base.py", line 910, in render_annotated
    return self.render(context)
  File "/usr/local/lib/python3.6/site-packages/django/template/defaulttags.py", line 314, in render
    return nodelist.render(context)
  File "/usr/local/lib/python3.6/site-packages/django/template/base.py", line 943, in render
    bit = node.render_annotated(context)
  File "/usr/local/lib/python3.6/site-packages/django/template/base.py", line 910, in render_annotated
    return self.render(context)
  File "/usr/local/lib/python3.6/site-packages/django/template/defaulttags.py", line 211, in render
    nodelist.append(node.render_annotated(context))
  File "/usr/local/lib/python3.6/site-packages/django/template/base.py", line 910, in render_annotated
    return self.render(context)
  File "/usr/local/lib/python3.6/site-packages/django/template/defaulttags.py", line 447, in render
    url = reverse(view_name, args=args, kwargs=kwargs, current_app=current_app)
  File "/usr/local/lib/python3.6/site-packages/django/urls/base.py", line 88, in reverse
    return iri_to_uri(resolver._reverse_with_prefix(view, prefix, *args, **kwargs))
  File "/usr/local/lib/python3.6/site-packages/django/urls/resolvers.py", line 632, in _reverse_with_prefix
    raise NoReverseMatch(msg)
django.urls.exceptions.NoReverseMatch: Reverse for 'detail' with no arguments not found. 1 pattern(s) tried: ['polls\\/(?P<question_id>[0-9]+)\\/$']
[21/May/2018 11:12:37] "GET /polls/ HTTP/1.1" 500 136258
Not Found: /favicon.ico
[21/May/2018 11:12:38] "GET /favicon.ico HTTP/1.1" 404 2082
Internal Server Error: /polls/
Traceback (most recent call last):
  File "/usr/local/lib/python3.6/site-packages/django/core/handlers/exception.py", line 35, in inner
    response = get_response(request)
  File "/usr/local/lib/python3.6/site-packages/django/core/handlers/base.py", line 128, in _get_response
    response = self.process_exception_by_middleware(e, request)
  File "/usr/local/lib/python3.6/site-packages/django/core/handlers/base.py", line 126, in _get_response
    response = wrapped_callback(request, *callback_args, **callback_kwargs)
  File "/root/Django/khalid/polls/views.py", line 11, in index
    return render(request,'polls/index.html',context)
  File "/usr/local/lib/python3.6/site-packages/django/shortcuts.py", line 36, in render
    content = loader.render_to_string(template_name, context, request, using=using)
  File "/usr/local/lib/python3.6/site-packages/django/template/loader.py", line 62, in render_to_string
    return template.render(context, request)
  File "/usr/local/lib/python3.6/site-packages/django/template/backends/django.py", line 61, in render
    return self.template.render(context)
  File "/usr/local/lib/python3.6/site-packages/django/template/base.py", line 175, in render
    return self._render(context)
  File "/usr/local/lib/python3.6/site-packages/django/template/base.py", line 167, in _render
    return self.nodelist.render(context)
  File "/usr/local/lib/python3.6/site-packages/django/template/base.py", line 943, in render
    bit = node.render_annotated(context)
  File "/usr/local/lib/python3.6/site-packages/django/template/base.py", line 910, in render_annotated
    return self.render(context)
  File "/usr/local/lib/python3.6/site-packages/django/template/defaulttags.py", line 314, in render
    return nodelist.render(context)
  File "/usr/local/lib/python3.6/site-packages/django/template/base.py", line 943, in render
    bit = node.render_annotated(context)
  File "/usr/local/lib/python3.6/site-packages/django/template/base.py", line 910, in render_annotated
    return self.render(context)
  File "/usr/local/lib/python3.6/site-packages/django/template/defaulttags.py", line 211, in render
    nodelist.append(node.render_annotated(context))
  File "/usr/local/lib/python3.6/site-packages/django/template/base.py", line 910, in render_annotated
    return self.render(context)
  File "/usr/local/lib/python3.6/site-packages/django/template/defaulttags.py", line 447, in render
    url = reverse(view_name, args=args, kwargs=kwargs, current_app=current_app)
  File "/usr/local/lib/python3.6/site-packages/django/urls/base.py", line 88, in reverse
    return iri_to_uri(resolver._reverse_with_prefix(view, prefix, *args, **kwargs))
  File "/usr/local/lib/python3.6/site-packages/django/urls/resolvers.py", line 632, in _reverse_with_prefix
    raise NoReverseMatch(msg)
django.urls.exceptions.NoReverseMatch: Reverse for 'detail' with no arguments not found. 1 pattern(s) tried: ['polls\\/(?P<question_id>[0-9]+)\\/$']
[21/May/2018 11:14:45] "GET /polls/ HTTP/1.1" 500 136258
Internal Server Error: /polls/
Traceback (most recent call last):
  File "/usr/local/lib/python3.6/site-packages/django/core/handlers/exception.py", line 35, in inner
    response = get_response(request)
  File "/usr/local/lib/python3.6/site-packages/django/core/handlers/base.py", line 128, in _get_response
    response = self.process_exception_by_middleware(e, request)
  File "/usr/local/lib/python3.6/site-packages/django/core/handlers/base.py", line 126, in _get_response
    response = wrapped_callback(request, *callback_args, **callback_kwargs)
  File "/root/Django/khalid/polls/views.py", line 11, in index
    return render(request,'polls/index.html',context)
  File "/usr/local/lib/python3.6/site-packages/django/shortcuts.py", line 36, in render
    content = loader.render_to_string(template_name, context, request, using=using)
  File "/usr/local/lib/python3.6/site-packages/django/template/loader.py", line 62, in render_to_string
    return template.render(context, request)
  File "/usr/local/lib/python3.6/site-packages/django/template/backends/django.py", line 61, in render
    return self.template.render(context)
  File "/usr/local/lib/python3.6/site-packages/django/template/base.py", line 175, in render
    return self._render(context)
  File "/usr/local/lib/python3.6/site-packages/django/template/base.py", line 167, in _render
    return self.nodelist.render(context)
  File "/usr/local/lib/python3.6/site-packages/django/template/base.py", line 943, in render
    bit = node.render_annotated(context)
  File "/usr/local/lib/python3.6/site-packages/django/template/base.py", line 910, in render_annotated
    return self.render(context)
  File "/usr/local/lib/python3.6/site-packages/django/template/defaulttags.py", line 314, in render
    return nodelist.render(context)
  File "/usr/local/lib/python3.6/site-packages/django/template/base.py", line 943, in render
    bit = node.render_annotated(context)
  File "/usr/local/lib/python3.6/site-packages/django/template/base.py", line 910, in render_annotated
    return self.render(context)
  File "/usr/local/lib/python3.6/site-packages/django/template/defaulttags.py", line 211, in render
    nodelist.append(node.render_annotated(context))
  File "/usr/local/lib/python3.6/site-packages/django/template/base.py", line 910, in render_annotated
    return self.render(context)
  File "/usr/local/lib/python3.6/site-packages/django/template/defaulttags.py", line 447, in render
    url = reverse(view_name, args=args, kwargs=kwargs, current_app=current_app)
  File "/usr/local/lib/python3.6/site-packages/django/urls/base.py", line 88, in reverse
    return iri_to_uri(resolver._reverse_with_prefix(view, prefix, *args, **kwargs))
  File "/usr/local/lib/python3.6/site-packages/django/urls/resolvers.py", line 632, in _reverse_with_prefix
    raise NoReverseMatch(msg)
django.urls.exceptions.NoReverseMatch: Reverse for 'detail' with arguments '('',)' not found. 1 pattern(s) tried: ['polls\\/(?P<question_id>[0-9]+)\\/$']
[21/May/2018 14:06:15] "GET /polls/ HTTP/1.1" 500 137538
Internal Server Error: /polls/
Traceback (most recent call last):
  File "/usr/local/lib/python3.6/site-packages/django/core/handlers/exception.py", line 35, in inner
    response = get_response(request)
  File "/usr/local/lib/python3.6/site-packages/django/core/handlers/base.py", line 128, in _get_response
    response = self.process_exception_by_middleware(e, request)
  File "/usr/local/lib/python3.6/site-packages/django/core/handlers/base.py", line 126, in _get_response
    response = wrapped_callback(request, *callback_args, **callback_kwargs)
  File "/root/Django/khalid/polls/views.py", line 11, in index
    return render(request,'polls/index.html',context)
  File "/usr/local/lib/python3.6/site-packages/django/shortcuts.py", line 36, in render
    content = loader.render_to_string(template_name, context, request, using=using)
  File "/usr/local/lib/python3.6/site-packages/django/template/loader.py", line 62, in render_to_string
    return template.render(context, request)
  File "/usr/local/lib/python3.6/site-packages/django/template/backends/django.py", line 61, in render
    return self.template.render(context)
  File "/usr/local/lib/python3.6/site-packages/django/template/base.py", line 175, in render
    return self._render(context)
  File "/usr/local/lib/python3.6/site-packages/django/template/base.py", line 167, in _render
    return self.nodelist.render(context)
  File "/usr/local/lib/python3.6/site-packages/django/template/base.py", line 943, in render
    bit = node.render_annotated(context)
  File "/usr/local/lib/python3.6/site-packages/django/template/base.py", line 910, in render_annotated
    return self.render(context)
  File "/usr/local/lib/python3.6/site-packages/django/template/defaulttags.py", line 314, in render
    return nodelist.render(context)
  File "/usr/local/lib/python3.6/site-packages/django/template/base.py", line 943, in render
    bit = node.render_annotated(context)
  File "/usr/local/lib/python3.6/site-packages/django/template/base.py", line 910, in render_annotated
    return self.render(context)
  File "/usr/local/lib/python3.6/site-packages/django/template/defaulttags.py", line 211, in render
    nodelist.append(node.render_annotated(context))
  File "/usr/local/lib/python3.6/site-packages/django/template/base.py", line 910, in render_annotated
    return self.render(context)
  File "/usr/local/lib/python3.6/site-packages/django/template/defaulttags.py", line 447, in render
    url = reverse(view_name, args=args, kwargs=kwargs, current_app=current_app)
  File "/usr/local/lib/python3.6/site-packages/django/urls/base.py", line 88, in reverse
    return iri_to_uri(resolver._reverse_with_prefix(view, prefix, *args, **kwargs))
  File "/usr/local/lib/python3.6/site-packages/django/urls/resolvers.py", line 632, in _reverse_with_prefix
    raise NoReverseMatch(msg)
django.urls.exceptions.NoReverseMatch: Reverse for 'detail' with no arguments not found. 1 pattern(s) tried: ['polls\\/(?P<question_id>[0-9]+)\\/$']
[21/May/2018 14:08:00] "GET /polls/ HTTP/1.1" 500 136393
Internal Server Error: /polls/
Traceback (most recent call last):
  File "/usr/local/lib/python3.6/site-packages/django/core/handlers/exception.py", line 35, in inner
    response = get_response(request)
  File "/usr/local/lib/python3.6/site-packages/django/core/handlers/base.py", line 128, in _get_response
    response = self.process_exception_by_middleware(e, request)
  File "/usr/local/lib/python3.6/site-packages/django/core/handlers/base.py", line 126, in _get_response
    response = wrapped_callback(request, *callback_args, **callback_kwargs)
  File "/root/Django/khalid/polls/views.py", line 11, in index
    return render(request,'polls/index.html',context)
  File "/usr/local/lib/python3.6/site-packages/django/shortcuts.py", line 36, in render
    content = loader.render_to_string(template_name, context, request, using=using)
  File "/usr/local/lib/python3.6/site-packages/django/template/loader.py", line 62, in render_to_string
    return template.render(context, request)
  File "/usr/local/lib/python3.6/site-packages/django/template/backends/django.py", line 61, in render
    return self.template.render(context)
  File "/usr/local/lib/python3.6/site-packages/django/template/base.py", line 175, in render
    return self._render(context)
  File "/usr/local/lib/python3.6/site-packages/django/template/base.py", line 167, in _render
    return self.nodelist.render(context)
  File "/usr/local/lib/python3.6/site-packages/django/template/base.py", line 943, in render
    bit = node.render_annotated(context)
  File "/usr/local/lib/python3.6/site-packages/django/template/base.py", line 910, in render_annotated
    return self.render(context)
  File "/usr/local/lib/python3.6/site-packages/django/template/defaulttags.py", line 314, in render
    return nodelist.render(context)
  File "/usr/local/lib/python3.6/site-packages/django/template/base.py", line 943, in render
    bit = node.render_annotated(context)
  File "/usr/local/lib/python3.6/site-packages/django/template/base.py", line 910, in render_annotated
    return self.render(context)
  File "/usr/local/lib/python3.6/site-packages/django/template/defaulttags.py", line 211, in render
    nodelist.append(node.render_annotated(context))
  File "/usr/local/lib/python3.6/site-packages/django/template/base.py", line 910, in render_annotated
    return self.render(context)
  File "/usr/local/lib/python3.6/site-packages/django/template/defaulttags.py", line 447, in render
    url = reverse(view_name, args=args, kwargs=kwargs, current_app=current_app)
  File "/usr/local/lib/python3.6/site-packages/django/urls/base.py", line 88, in reverse
    return iri_to_uri(resolver._reverse_with_prefix(view, prefix, *args, **kwargs))
  File "/usr/local/lib/python3.6/site-packages/django/urls/resolvers.py", line 632, in _reverse_with_prefix
    raise NoReverseMatch(msg)
django.urls.exceptions.NoReverseMatch: Reverse for 'detail' with arguments '('',)' not found. 1 pattern(s) tried: ['polls\\/(?P<question_id>[0-9]+)\\/$']
[21/May/2018 14:08:43] "GET /polls/ HTTP/1.1" 500 137538
[21/May/2018 14:09:30] "GET /polls/ HTTP/1.1" 200 144
Internal Server Error: /polls/1/
Traceback (most recent call last):
  File "/usr/local/lib/python3.6/site-packages/django/core/handlers/exception.py", line 35, in inner
    response = get_response(request)
  File "/usr/local/lib/python3.6/site-packages/django/core/handlers/base.py", line 128, in _get_response
    response = self.process_exception_by_middleware(e, request)
  File "/usr/local/lib/python3.6/site-packages/django/core/handlers/base.py", line 126, in _get_response
    response = wrapped_callback(request, *callback_args, **callback_kwargs)
  File "/root/Django/khalid/polls/views.py", line 15, in detail
    return render(request,'polls/detail.html',{'question':question})
  File "/usr/local/lib/python3.6/site-packages/django/shortcuts.py", line 36, in render
    content = loader.render_to_string(template_name, context, request, using=using)
  File "/usr/local/lib/python3.6/site-packages/django/template/loader.py", line 62, in render_to_string
    return template.render(context, request)
  File "/usr/local/lib/python3.6/site-packages/django/template/backends/django.py", line 61, in render
    return self.template.render(context)
  File "/usr/local/lib/python3.6/site-packages/django/template/base.py", line 175, in render
    return self._render(context)
  File "/usr/local/lib/python3.6/site-packages/django/template/base.py", line 167, in _render
    return self.nodelist.render(context)
  File "/usr/local/lib/python3.6/site-packages/django/template/base.py", line 943, in render
    bit = node.render_annotated(context)
  File "/usr/local/lib/python3.6/site-packages/django/template/base.py", line 910, in render_annotated
    return self.render(context)
  File "/usr/local/lib/python3.6/site-packages/django/template/defaulttags.py", line 447, in render
    url = reverse(view_name, args=args, kwargs=kwargs, current_app=current_app)
  File "/usr/local/lib/python3.6/site-packages/django/urls/base.py", line 88, in reverse
    return iri_to_uri(resolver._reverse_with_prefix(view, prefix, *args, **kwargs))
  File "/usr/local/lib/python3.6/site-packages/django/urls/resolvers.py", line 632, in _reverse_with_prefix
    raise NoReverseMatch(msg)
django.urls.exceptions.NoReverseMatch: Reverse for 'vote' with no arguments not found. 1 pattern(s) tried: ['polls\\/(?P<question_id>[0-9]+)\\/vote\\/$']
[21/May/2018 14:09:32] "GET /polls/1/ HTTP/1.1" 500 113665
[21/May/2018 14:10:48] "GET /polls/1/ HTTP/1.1" 200 705
[21/May/2018 14:11:10] "GET /polls/1/ HTTP/1.1" 200 705
[21/May/2018 14:11:12] "POST /polls/1/vote/ HTTP/1.1" 200 28
Performing system checks...

System check identified no issues (0 silenced).
May 17, 2018 - 22:37:05
Django version 2.0.4, using settings 'khalid.settings'
Starting development server at http://0:8000/
Quit the server with CONTROL-C.
Performing system checks...

System check identified no issues (0 silenced).
May 21, 2018 - 14:45:51
Django version 2.0.4, using settings 'khalid.settings'
Starting development server at http://0:8000/
Quit the server with CONTROL-C.
Internal Server Error: /polls/1/vote/
Traceback (most recent call last):
  File "/usr/local/lib/python3.6/site-packages/django/utils/datastructures.py", line 77, in __getitem__
    list_ = super().__getitem__(key)
KeyError: 'choice'

During handling of the above exception, another exception occurred:

Traceback (most recent call last):
  File "/root/Django/khalid/polls/views.py", line 24, in vote
    selected_choice=question.choice_set.get(pk=request.POST['choice'])
  File "/usr/local/lib/python3.6/site-packages/django/utils/datastructures.py", line 79, in __getitem__
    raise MultiValueDictKeyError(key)
django.utils.datastructures.MultiValueDictKeyError: 'choice'

During handling of the above exception, another exception occurred:

Traceback (most recent call last):
  File "/usr/local/lib/python3.6/site-packages/django/core/handlers/exception.py", line 35, in inner
    response = get_response(request)
  File "/usr/local/lib/python3.6/site-packages/django/core/handlers/base.py", line 128, in _get_response
    response = self.process_exception_by_middleware(e, request)
  File "/usr/local/lib/python3.6/site-packages/django/core/handlers/base.py", line 126, in _get_response
    response = wrapped_callback(request, *callback_args, **callback_kwargs)
  File "/root/Django/khalid/polls/views.py", line 25, in vote
    except (KeyError ,Choice.DoesNotExist):
NameError: name 'Choice' is not defined
[21/May/2018 15:29:44] "GET /polls/1/vote/ HTTP/1.1" 500 75344
[21/May/2018 15:29:50] "GET /polls/ HTTP/1.1" 200 144
[21/May/2018 15:29:52] "GET /polls/1/ HTTP/1.1" 200 705
Internal Server Error: /polls/1/vote/
Traceback (most recent call last):
  File "/usr/local/lib/python3.6/site-packages/django/core/handlers/exception.py", line 35, in inner
    response = get_response(request)
  File "/usr/local/lib/python3.6/site-packages/django/core/handlers/base.py", line 128, in _get_response
    response = self.process_exception_by_middleware(e, request)
  File "/usr/local/lib/python3.6/site-packages/django/core/handlers/base.py", line 126, in _get_response
    response = wrapped_callback(request, *callback_args, **callback_kwargs)
  File "/root/Django/khalid/polls/views.py", line 28, in vote
    selected_chice.votes+=1
NameError: name 'selected_chice' is not defined
[21/May/2018 15:29:54] "POST /polls/1/vote/ HTTP/1.1" 500 63377
Performing system checks...

System check identified no issues (0 silenced).
May 21, 2018 - 14:55:48
Django version 2.0.4, using settings 'khalid.settings'
Starting development server at http://0:8000/
Quit the server with CONTROL-C.
Internal Server Error: /polls/1/vote/
Traceback (most recent call last):
  File "/usr/local/lib/python3.6/site-packages/django/core/handlers/exception.py", line 35, in inner
    response = get_response(request)
  File "/usr/local/lib/python3.6/site-packages/django/core/handlers/base.py", line 128, in _get_response
    response = self.process_exception_by_middleware(e, request)
  File "/usr/local/lib/python3.6/site-packages/django/core/handlers/base.py", line 126, in _get_response
    response = wrapped_callback(request, *callback_args, **callback_kwargs)
  File "/root/Django/khalid/polls/views.py", line 30, in vote
    return HttpResponseRedirect(reverse('polls:results',args=(question.id,)))
NameError: name 'HttpResponseRedirect' is not defined
[21/May/2018 15:31:45] "POST /polls/1/vote/ HTTP/1.1" 500 63003
Performing system checks...

System check identified no issues (0 silenced).
May 21, 2018 - 15:31:43
Django version 2.0.4, using settings 'khalid.settings'
Starting development server at http://0:8000/
Quit the server with CONTROL-C.
Internal Server Error: /polls/1/vote/
Traceback (most recent call last):
  File "/usr/local/lib/python3.6/site-packages/django/core/handlers/exception.py", line 35, in inner
    response = get_response(request)
  File "/usr/local/lib/python3.6/site-packages/django/core/handlers/base.py", line 128, in _get_response
    response = self.process_exception_by_middleware(e, request)
  File "/usr/local/lib/python3.6/site-packages/django/core/handlers/base.py", line 126, in _get_response
    response = wrapped_callback(request, *callback_args, **callback_kwargs)
  File "/root/Django/khalid/polls/views.py", line 30, in vote
    return HttpResponseRedirect(reverse('polls:results',args=(question.id,)))
NameError: name 'reverse' is not defined
[21/May/2018 15:32:44] "POST /polls/1/vote/ HTTP/1.1" 500 62951
Performing system checks...

System check identified no issues (0 silenced).
May 21, 2018 - 15:32:40
Django version 2.0.4, using settings 'khalid.settings'
Starting development server at http://0:8000/
Quit the server with CONTROL-C.
Internal Server Error: /polls/1/vote/
Traceback (most recent call last):
  File "/usr/local/lib/python3.6/site-packages/django/utils/datastructures.py", line 77, in __getitem__
    list_ = super().__getitem__(key)
KeyError: 'choice'

During handling of the above exception, another exception occurred:

Traceback (most recent call last):
  File "/root/Django/khalid/polls/views.py", line 26, in vote
    selected_choice=question.choice_set.get(pk=request.POST['choice'])
  File "/usr/local/lib/python3.6/site-packages/django/utils/datastructures.py", line 79, in __getitem__
    raise MultiValueDictKeyError(key)
django.utils.datastructures.MultiValueDictKeyError: 'choice'

During handling of the above exception, another exception occurred:

Traceback (most recent call last):
  File "/usr/local/lib/python3.6/site-packages/django/core/handlers/exception.py", line 35, in inner
    response = get_response(request)
  File "/usr/local/lib/python3.6/site-packages/django/core/handlers/base.py", line 128, in _get_response
    response = self.process_exception_by_middleware(e, request)
  File "/usr/local/lib/python3.6/site-packages/django/core/handlers/base.py", line 126, in _get_response
    response = wrapped_callback(request, *callback_args, **callback_kwargs)
  File "/root/Django/khalid/polls/views.py", line 27, in vote
    except (KeyError ,Choice.DoesNotExist):
NameError: name 'Choice' is not defined
[21/May/2018 15:33:12] "GET /polls/1/vote/ HTTP/1.1" 500 75346
Performing system checks...

System check identified no issues (0 silenced).
May 21, 2018 - 15:33:10
Django version 2.0.4, using settings 'khalid.settings'
Starting development server at http://0:8000/
Quit the server with CONTROL-C.
[21/May/2018 15:34:04] "GET /polls/1/vote/ HTTP/1.1" 200 760
[21/May/2018 15:34:09] "POST /polls/1/vote/ HTTP/1.1" 302 0
[21/May/2018 15:34:09] "GET /polls/1/results/ HTTP/1.1" 200 76
[21/May/2018 15:34:27] "GET /polls/1/ HTTP/1.1" 200 705
[21/May/2018 15:34:28] "POST /polls/1/vote/ HTTP/1.1" 200 760
[21/May/2018 15:37:39] "POST /polls/1/vote/ HTTP/1.1" 302 0
[21/May/2018 15:37:39] "GET /polls/1/results/ HTTP/1.1" 200 76
[21/May/2018 15:37:40] "GET /polls/1/ HTTP/1.1" 200 705
[21/May/2018 15:47:18] "POST /polls/1/vote/ HTTP/1.1" 302 0
[21/May/2018 15:47:18] "GET /polls/1/results/ HTTP/1.1" 200 76
Performing system checks...

System check identified no issues (0 silenced).
May 21, 2018 - 15:34:02
Django version 2.0.4, using settings 'khalid.settings'
Starting development server at http://0:8000/
Quit the server with CONTROL-C.
[21/May/2018 15:55:49] "GET /polls/ HTTP/1.1" 200 144
[21/May/2018 15:55:51] "GET /polls/1/ HTTP/1.1" 200 705
Internal Server Error: /polls/1/vote/
Traceback (most recent call last):
  File "/usr/local/lib/python3.6/site-packages/django/core/handlers/exception.py", line 35, in inner
    response = get_response(request)
  File "/usr/local/lib/python3.6/site-packages/django/core/handlers/base.py", line 128, in _get_response
    response = self.process_exception_by_middleware(e, request)
  File "/usr/local/lib/python3.6/site-packages/django/core/handlers/base.py", line 126, in _get_response
    response = wrapped_callback(request, *callback_args, **callback_kwargs)
  File "/root/Django/khalid/polls/views.py", line 30, in vote
    selected_choice.votes=F('votes')+1
NameError: name 'F' is not defined
[21/May/2018 15:55:53] "POST /polls/1/vote/ HTTP/1.1" 500 63373
Performing system checks...

System check identified no issues (0 silenced).
May 21, 2018 - 15:55:43
Django version 2.0.4, using settings 'khalid.settings'
Starting development server at http://0:8000/
Quit the server with CONTROL-C.
[21/May/2018 15:56:49] "GET /polls/1/vote/ HTTP/1.1" 200 760
[21/May/2018 15:56:51] "POST /polls/1/vote/ HTTP/1.1" 302 0
[21/May/2018 15:56:51] "GET /polls/1/results/ HTTP/1.1" 200 76
[21/May/2018 16:04:25] "GET /polls/1/ HTTP/1.1" 200 705
[21/May/2018 16:04:32] "GET /polls/ HTTP/1.1" 200 144
[21/May/2018 16:04:34] "GET /admin/ HTTP/1.1" 200 4908
[21/May/2018 16:04:34] "GET /static/admin/css/base.css HTTP/1.1" 304 0
[21/May/2018 16:04:34] "GET /static/admin/css/dashboard.css HTTP/1.1" 304 0
[21/May/2018 16:04:34] "GET /static/admin/css/responsive.css HTTP/1.1" 304 0
[21/May/2018 16:04:35] "GET /admin/ HTTP/1.1" 200 4908
[21/May/2018 16:04:35] "GET /static/admin/css/fonts.css HTTP/1.1" 200 423
[21/May/2018 16:04:35] "GET /static/admin/img/icon-addlink.svg HTTP/1.1" 200 331
[21/May/2018 16:04:35] "GET /static/admin/img/icon-changelink.svg HTTP/1.1" 200 380
[21/May/2018 16:04:35] "GET /static/admin/fonts/Roboto-Light-webfont.woff HTTP/1.1" 200 81348
[21/May/2018 16:04:35] "GET /static/admin/fonts/Roboto-Bold-webfont.woff HTTP/1.1" 200 82564
[21/May/2018 16:04:35] "GET /static/admin/fonts/Roboto-Regular-webfont.woff HTTP/1.1" 200 80304
[21/May/2018 16:04:38] "GET /admin/logout/ HTTP/1.1" 200 1216
[21/May/2018 16:04:43] "GET /admin/ HTTP/1.1" 302 0
[21/May/2018 16:04:43] "GET /admin/login/?next=/admin/ HTTP/1.1" 200 1857
[21/May/2018 16:04:43] "GET /static/admin/css/login.css HTTP/1.1" 200 1203
[21/May/2018 16:07:18] "POST /admin/login/?next=/admin/ HTTP/1.1" 302 0
[21/May/2018 16:07:19] "GET /admin/ HTTP/1.1" 200 4908
Performing system checks...

System check identified no issues (0 silenced).
May 21, 2018 - 15:56:47
Django version 2.0.4, using settings 'khalid.settings'
Starting development server at http://0:8000/
Quit the server with CONTROL-C.
Unhandled exception in thread started by <function check_errors.<locals>.wrapper at 0x7f3582f4e6a8>
Traceback (most recent call last):
  File "/usr/local/lib/python3.6/site-packages/django/utils/autoreload.py", line 225, in wrapper
    fn(*args, **kwargs)
  File "/usr/local/lib/python3.6/site-packages/django/core/management/commands/runserver.py", line 120, in inner_run
    self.check(display_num_errors=True)
  File "/usr/local/lib/python3.6/site-packages/django/core/management/base.py", line 364, in check
    include_deployment_checks=include_deployment_checks,
  File "/usr/local/lib/python3.6/site-packages/django/core/management/base.py", line 351, in _run_checks
    return checks.run_checks(**kwargs)
  File "/usr/local/lib/python3.6/site-packages/django/core/checks/registry.py", line 73, in run_checks
    new_errors = check(app_configs=app_configs)
  File "/usr/local/lib/python3.6/site-packages/django/core/checks/urls.py", line 13, in check_url_config
    return check_resolver(resolver)
  File "/usr/local/lib/python3.6/site-packages/django/core/checks/urls.py", line 23, in check_resolver
    return check_method()
  File "/usr/local/lib/python3.6/site-packages/django/urls/resolvers.py", line 397, in check
    for pattern in self.url_patterns:
  File "/usr/local/lib/python3.6/site-packages/django/utils/functional.py", line 36, in __get__
    res = instance.__dict__[self.name] = self.func(instance)
  File "/usr/local/lib/python3.6/site-packages/django/urls/resolvers.py", line 536, in url_patterns
    patterns = getattr(self.urlconf_module, "urlpatterns", self.urlconf_module)
  File "/usr/local/lib/python3.6/site-packages/django/utils/functional.py", line 36, in __get__
    res = instance.__dict__[self.name] = self.func(instance)
  File "/usr/local/lib/python3.6/site-packages/django/urls/resolvers.py", line 529, in urlconf_module
    return import_module(self.urlconf_name)
  File "/usr/local/lib/python3.6/importlib/__init__.py", line 126, in import_module
    return _bootstrap._gcd_import(name[level:], package, level)
  File "<frozen importlib._bootstrap>", line 994, in _gcd_import
  File "<frozen importlib._bootstrap>", line 971, in _find_and_load
  File "<frozen importlib._bootstrap>", line 955, in _find_and_load_unlocked
  File "<frozen importlib._bootstrap>", line 665, in _load_unlocked
  File "<frozen importlib._bootstrap_external>", line 678, in exec_module
  File "<frozen importlib._bootstrap>", line 219, in _call_with_frames_removed
  File "/root/Django/khalid/khalid/urls.py", line 20, in <module>
    path('polls/',include('polls.urls')),
  File "/usr/local/lib/python3.6/site-packages/django/urls/conf.py", line 34, in include
    urlconf_module = import_module(urlconf_module)
  File "/usr/local/lib/python3.6/importlib/__init__.py", line 126, in import_module
    return _bootstrap._gcd_import(name[level:], package, level)
  File "<frozen importlib._bootstrap>", line 994, in _gcd_import
  File "<frozen importlib._bootstrap>", line 971, in _find_and_load
  File "<frozen importlib._bootstrap>", line 955, in _find_and_load_unlocked
  File "<frozen importlib._bootstrap>", line 665, in _load_unlocked
  File "<frozen importlib._bootstrap_external>", line 678, in exec_module
  File "<frozen importlib._bootstrap>", line 219, in _call_with_frames_removed
  File "/root/Django/khalid/polls/urls.py", line 7, in <module>
    path('',views.IndexView.as_view(),name='index'),
AttributeError: module 'polls.views' has no attribute 'IndexView'
Performing system checks...

Unhandled exception in thread started by <function check_errors.<locals>.wrapper at 0x7ff8733836a8>
Traceback (most recent call last):
  File "/usr/local/lib/python3.6/site-packages/django/utils/autoreload.py", line 225, in wrapper
    fn(*args, **kwargs)
  File "/usr/local/lib/python3.6/site-packages/django/core/management/commands/runserver.py", line 120, in inner_run
    self.check(display_num_errors=True)
  File "/usr/local/lib/python3.6/site-packages/django/core/management/base.py", line 364, in check
    include_deployment_checks=include_deployment_checks,
  File "/usr/local/lib/python3.6/site-packages/django/core/management/base.py", line 351, in _run_checks
    return checks.run_checks(**kwargs)
  File "/usr/local/lib/python3.6/site-packages/django/core/checks/registry.py", line 73, in run_checks
    new_errors = check(app_configs=app_configs)
  File "/usr/local/lib/python3.6/site-packages/django/core/checks/urls.py", line 13, in check_url_config
    return check_resolver(resolver)
  File "/usr/local/lib/python3.6/site-packages/django/core/checks/urls.py", line 23, in check_resolver
    return check_method()
  File "/usr/local/lib/python3.6/site-packages/django/urls/resolvers.py", line 397, in check
    for pattern in self.url_patterns:
  File "/usr/local/lib/python3.6/site-packages/django/utils/functional.py", line 36, in __get__
    res = instance.__dict__[self.name] = self.func(instance)
  File "/usr/local/lib/python3.6/site-packages/django/urls/resolvers.py", line 536, in url_patterns
    patterns = getattr(self.urlconf_module, "urlpatterns", self.urlconf_module)
  File "/usr/local/lib/python3.6/site-packages/django/utils/functional.py", line 36, in __get__
    res = instance.__dict__[self.name] = self.func(instance)
  File "/usr/local/lib/python3.6/site-packages/django/urls/resolvers.py", line 529, in urlconf_module
    return import_module(self.urlconf_name)
  File "/usr/local/lib/python3.6/importlib/__init__.py", line 126, in import_module
    return _bootstrap._gcd_import(name[level:], package, level)
  File "<frozen importlib._bootstrap>", line 994, in _gcd_import
  File "<frozen importlib._bootstrap>", line 971, in _find_and_load
  File "<frozen importlib._bootstrap>", line 955, in _find_and_load_unlocked
  File "<frozen importlib._bootstrap>", line 665, in _load_unlocked
  File "<frozen importlib._bootstrap_external>", line 678, in exec_module
  File "<frozen importlib._bootstrap>", line 219, in _call_with_frames_removed
  File "/root/Django/khalid/khalid/urls.py", line 20, in <module>
    path('polls/',include('polls.urls')),
  File "/usr/local/lib/python3.6/site-packages/django/urls/conf.py", line 34, in include
    urlconf_module = import_module(urlconf_module)
  File "/usr/local/lib/python3.6/importlib/__init__.py", line 126, in import_module
    return _bootstrap._gcd_import(name[level:], package, level)
  File "<frozen importlib._bootstrap>", line 994, in _gcd_import
  File "<frozen importlib._bootstrap>", line 971, in _find_and_load
  File "<frozen importlib._bootstrap>", line 955, in _find_and_load_unlocked
  File "<frozen importlib._bootstrap>", line 665, in _load_unlocked
  File "<frozen importlib._bootstrap_external>", line 678, in exec_module
  File "<frozen importlib._bootstrap>", line 219, in _call_with_frames_removed
  File "/root/Django/khalid/polls/urls.py", line 8, in <module>
    path('<int:pk>/',views.DeatilView.as_view(),name='detail'),
AttributeError: module 'polls.views' has no attribute 'DeatilView'
Performing system checks...

[21/May/2018 17:21:54] "GET /polls/ HTTP/1.1" 200 144
[21/May/2018 17:22:01] "GET /polls/2/ HTTP/1.1" 200 232
[21/May/2018 17:22:02] "POST /polls/2/vote/ HTTP/1.1" 200 287
[21/May/2018 17:22:05] "GET /polls/1/ HTTP/1.1" 200 705
[21/May/2018 17:22:06] "POST /polls/1/vote/ HTTP/1.1" 302 0
[21/May/2018 17:22:06] "GET /polls/1/results/ HTTP/1.1" 200 76
[21/May/2018 17:22:07] "GET /polls/1/ HTTP/1.1" 200 705
[21/May/2018 17:22:09] "POST /polls/1/vote/ HTTP/1.1" 302 0
[21/May/2018 17:22:09] "GET /polls/1/results/ HTTP/1.1" 200 76
[21/May/2018 17:22:11] "GET /polls/1/ HTTP/1.1" 200 705
[21/May/2018 17:22:50] "GET /polls/ HTTP/1.1" 200 144
[21/May/2018 17:23:10] "GET /polls/1/ HTTP/1.1" 200 705
[21/May/2018 17:23:13] "GET /polls/2/ HTTP/1.1" 200 232
Performing system checks...

System check identified no issues (0 silenced).
May 21, 2018 - 17:21:48
Django version 2.0.4, using settings 'khalid.settings'
Starting development server at http://0:8000/
Quit the server with CONTROL-C.
Internal Server Error: /polls/
Traceback (most recent call last):
  File "/usr/local/lib/python3.6/site-packages/django/core/handlers/exception.py", line 35, in inner
    response = get_response(request)
  File "/usr/local/lib/python3.6/site-packages/django/core/handlers/base.py", line 128, in _get_response
    response = self.process_exception_by_middleware(e, request)
  File "/usr/local/lib/python3.6/site-packages/django/core/handlers/base.py", line 126, in _get_response
    response = wrapped_callback(request, *callback_args, **callback_kwargs)
  File "/usr/local/lib/python3.6/site-packages/django/views/generic/base.py", line 69, in view
    return self.dispatch(request, *args, **kwargs)
  File "/usr/local/lib/python3.6/site-packages/django/views/generic/base.py", line 89, in dispatch
    return handler(request, *args, **kwargs)
  File "/usr/local/lib/python3.6/site-packages/django/views/generic/list.py", line 142, in get
    self.object_list = self.get_queryset()
  File "/usr/local/lib/python3.6/site-packages/django/views/generic/list.py", line 39, in get_queryset
    'cls': self.__class__.__name__
django.core.exceptions.ImproperlyConfigured: IndexView is missing a QuerySet. Define IndexView.model, IndexView.queryset, or override IndexView.get_queryset().
[21/May/2018 17:29:23] "GET /polls/ HTTP/1.1" 500 76337
Performing system checks...

System check identified no issues (0 silenced).
May 21, 2018 - 17:29:22
Django version 2.0.4, using settings 'khalid.settings'
Starting development server at http://0:8000/
Quit the server with CONTROL-C.
[21/May/2018 17:29:44] "GET /polls/ HTTP/1.1" 200 144
[21/May/2018 17:32:41] "GET /polls/1/ HTTP/1.1" 200 705
[21/May/2018 17:32:42] "POST /polls/1/vote/ HTTP/1.1" 302 0
[21/May/2018 17:32:42] "GET /polls/1/results/ HTTP/1.1" 200 76
[21/May/2018 17:34:44] "GET /polls/1/results/ HTTP/1.1" 200 76
[21/May/2018 17:36:22] "GET /polls/1/results/ HTTP/1.1" 200 233
Invalid HTTP_HOST header: '59.110.244.74:8000'. You may need to add '59.110.244.74' to ALLOWED_HOSTS.
[22/May/2018 00:49:32] "GET / HTTP/1.1" 400 58582
Invalid HTTP_HOST header: 'www.baidu.com'. You may need to add 'www.baidu.com' to ALLOWED_HOSTS.
[22/May/2018 02:04:22] "GET http://www.baidu.com/cache/global/img/gs.gif HTTP/1.1" 400 59030
Invalid HTTP_HOST header: 'www.baidu.com'. You may need to add 'www.baidu.com' to ALLOWED_HOSTS.
[22/May/2018 03:42:40] "GET http://www.baidu.com/cache/global/img/gs.gif HTTP/1.1" 400 59032
Invalid HTTP_HOST header: 'www.qq.com'. You may need to add 'www.qq.com' to ALLOWED_HOSTS.
[22/May/2018 03:43:32] "GET http://www.qq.com/404/search_children.js HTTP/1.1" 400 59141
Traceback (most recent call last):
  File "/usr/local/lib/python3.6/wsgiref/handlers.py", line 138, in run
    self.finish_response()
  File "/usr/local/lib/python3.6/wsgiref/handlers.py", line 180, in finish_response
    self.write(data)
  File "/usr/local/lib/python3.6/wsgiref/handlers.py", line 279, in write
    self._write(data)
  File "/usr/local/lib/python3.6/wsgiref/handlers.py", line 453, in _write
    result = self.stdout.write(data)
  File "/usr/local/lib/python3.6/socketserver.py", line 775, in write
    self._sock.sendall(b)
ConnectionResetError: [Errno 104] Connection reset by peer
[22/May/2018 03:43:32] "GET http://www.qq.com/404/search_children.js HTTP/1.1" 500 59
----------------------------------------
Exception happened during processing of request from ('120.132.3.65', 34592)
Traceback (most recent call last):
  File "/usr/local/lib/python3.6/wsgiref/handlers.py", line 138, in run
    self.finish_response()
  File "/usr/local/lib/python3.6/wsgiref/handlers.py", line 180, in finish_response
    self.write(data)
  File "/usr/local/lib/python3.6/wsgiref/handlers.py", line 279, in write
    self._write(data)
  File "/usr/local/lib/python3.6/wsgiref/handlers.py", line 453, in _write
    result = self.stdout.write(data)
  File "/usr/local/lib/python3.6/socketserver.py", line 775, in write
    self._sock.sendall(b)
ConnectionResetError: [Errno 104] Connection reset by peer

During handling of the above exception, another exception occurred:

Traceback (most recent call last):
  File "/usr/local/lib/python3.6/wsgiref/handlers.py", line 141, in run
    self.handle_error()
  File "/usr/local/lib/python3.6/site-packages/django/core/servers/basehttp.py", line 86, in handle_error
    super().handle_error()
  File "/usr/local/lib/python3.6/wsgiref/handlers.py", line 368, in handle_error
    self.finish_response()
  File "/usr/local/lib/python3.6/wsgiref/handlers.py", line 180, in finish_response
    self.write(data)
  File "/usr/local/lib/python3.6/wsgiref/handlers.py", line 274, in write
    self.send_headers()
  File "/usr/local/lib/python3.6/wsgiref/handlers.py", line 331, in send_headers
    if not self.origin_server or self.client_is_modern():
  File "/usr/local/lib/python3.6/wsgiref/handlers.py", line 344, in client_is_modern
    return self.environ['SERVER_PROTOCOL'].upper() != 'HTTP/0.9'
TypeError: 'NoneType' object is not subscriptable

During handling of the above exception, another exception occurred:

Traceback (most recent call last):
  File "/usr/local/lib/python3.6/socketserver.py", line 639, in process_request_thread
    self.finish_request(request, client_address)
  File "/usr/local/lib/python3.6/socketserver.py", line 361, in finish_request
    self.RequestHandlerClass(request, client_address, self)
  File "/usr/local/lib/python3.6/socketserver.py", line 696, in __init__
    self.handle()
  File "/usr/local/lib/python3.6/site-packages/django/core/servers/basehttp.py", line 154, in handle
    handler.run(self.server.get_app())
  File "/usr/local/lib/python3.6/wsgiref/handlers.py", line 144, in run
    self.close()
  File "/usr/local/lib/python3.6/wsgiref/simple_server.py", line 35, in close
    self.status.split(' ',1)[0], self.bytes_sent
AttributeError: 'NoneType' object has no attribute 'split'
----------------------------------------
[22/May/2018 03:43:37] code 400, message Bad request syntax ('\x04\x01\x00PpTi4\x00')
[22/May/2018 03:43:37] " PpTi4 " 400 -
[22/May/2018 03:43:37] code 400, message Bad request syntax ('\x05\x01\x00')
[22/May/2018 03:43:37] " " 400 -
Invalid HTTP_HOST header: '101.37.45.102:8000'. You may need to add '101.37.45.102' to ALLOWED_HOSTS.
[22/May/2018 08:53:31] "GET / HTTP/1.1" 400 58583
Invalid HTTP_HOST header: 'www.baidu.com'. You may need to add 'www.baidu.com' to ALLOWED_HOSTS.
[22/May/2018 11:15:24] "GET http://www.baidu.com/cache/global/img/gs.gif HTTP/1.1" 400 59030
[22/May/2018 15:35:05] "GET /admin/ HTTP/1.1" 200 4908
[22/May/2018 15:35:06] "GET /static/admin/css/fonts.css HTTP/1.1" 200 423
[22/May/2018 15:35:06] "GET /static/admin/fonts/Roboto-Regular-webfont.woff HTTP/1.1" 200 80304
[22/May/2018 15:35:06] "GET /static/admin/fonts/Roboto-Bold-webfont.woff HTTP/1.1" 200 82564
[22/May/2018 15:35:06] "GET /static/admin/fonts/Roboto-Light-webfont.woff HTTP/1.1" 200 81348
Not Found: /favicon.ico
[22/May/2018 15:35:07] "GET /favicon.ico HTTP/1.1" 404 2082
[22/May/2018 15:35:10] "GET /polls/ HTTP/1.1" 200 144
Performing system checks...

System check identified no issues (0 silenced).
May 21, 2018 - 17:29:42
Django version 2.0.4, using settings 'khalid.settings'
Starting development server at http://0:8000/
Quit the server with CONTROL-C.
Performing system checks...

System check identified no issues (0 silenced).
May 22, 2018 - 15:36:42
Django version 2.0.4, using settings 'khalid.settings'
Starting development server at http://0:8000/
Quit the server with CONTROL-C.
[22/May/2018 15:37:53] "GET /polls/ HTTP/1.1" 200 144
Not Found: /show
[22/May/2018 15:37:55] "GET /show HTTP/1.1" 404 2061
Not Found: /show/
[22/May/2018 15:38:30] "GET /show/ HTTP/1.1" 404 2064
[22/May/2018 15:38:48] "GET /polls/ HTTP/1.1" 200 144
[22/May/2018 15:38:49] "GET /polls/show HTTP/1.1" 301 0
Internal Server Error: /polls/show/
Traceback (most recent call last):
  File "/usr/local/lib/python3.6/site-packages/django/core/handlers/exception.py", line 35, in inner
    response = get_response(request)
  File "/usr/local/lib/python3.6/site-packages/django/core/handlers/base.py", line 128, in _get_response
    response = self.process_exception_by_middleware(e, request)
  File "/usr/local/lib/python3.6/site-packages/django/core/handlers/base.py", line 126, in _get_response
    response = wrapped_callback(request, *callback_args, **callback_kwargs)
TypeError: object() takes no parameters
[22/May/2018 15:38:49] "GET /polls/show/ HTTP/1.1" 500 58617
Performing system checks...

System check identified no issues (0 silenced).
May 22, 2018 - 15:37:20
Django version 2.0.4, using settings 'khalid.settings'
Starting development server at http://0:8000/
Quit the server with CONTROL-C.
Internal Server Error: /polls/show/
Traceback (most recent call last):
  File "/usr/local/lib/python3.6/site-packages/django/core/handlers/exception.py", line 35, in inner
    response = get_response(request)
  File "/usr/local/lib/python3.6/site-packages/django/core/handlers/base.py", line 128, in _get_response
    response = self.process_exception_by_middleware(e, request)
  File "/usr/local/lib/python3.6/site-packages/django/core/handlers/base.py", line 126, in _get_response
    response = wrapped_callback(request, *callback_args, **callback_kwargs)
TypeError: object() takes no parameters
[22/May/2018 15:39:58] "GET /polls/show/ HTTP/1.1" 500 58752
Performing system checks...

System check identified no issues (0 silenced).
May 22, 2018 - 15:39:36
Django version 2.0.4, using settings 'khalid.settings'
Starting development server at http://0:8000/
Quit the server with CONTROL-C.
Unhandled exception in thread started by <function check_errors.<locals>.wrapper at 0x7fc8df3a36a8>
Traceback (most recent call last):
  File "/usr/local/lib/python3.6/site-packages/django/utils/autoreload.py", line 225, in wrapper
    fn(*args, **kwargs)
  File "/usr/local/lib/python3.6/site-packages/django/core/management/commands/runserver.py", line 120, in inner_run
    self.check(display_num_errors=True)
  File "/usr/local/lib/python3.6/site-packages/django/core/management/base.py", line 364, in check
    include_deployment_checks=include_deployment_checks,
  File "/usr/local/lib/python3.6/site-packages/django/core/management/base.py", line 351, in _run_checks
    return checks.run_checks(**kwargs)
  File "/usr/local/lib/python3.6/site-packages/django/core/checks/registry.py", line 73, in run_checks
    new_errors = check(app_configs=app_configs)
  File "/usr/local/lib/python3.6/site-packages/django/core/checks/urls.py", line 40, in check_url_namespaces_unique
    all_namespaces = _load_all_namespaces(resolver)
  File "/usr/local/lib/python3.6/site-packages/django/core/checks/urls.py", line 57, in _load_all_namespaces
    url_patterns = getattr(resolver, 'url_patterns', [])
  File "/usr/local/lib/python3.6/site-packages/django/utils/functional.py", line 36, in __get__
    res = instance.__dict__[self.name] = self.func(instance)
  File "/usr/local/lib/python3.6/site-packages/django/urls/resolvers.py", line 536, in url_patterns
    patterns = getattr(self.urlconf_module, "urlpatterns", self.urlconf_module)
  File "/usr/local/lib/python3.6/site-packages/django/utils/functional.py", line 36, in __get__
    res = instance.__dict__[self.name] = self.func(instance)
  File "/usr/local/lib/python3.6/site-packages/django/urls/resolvers.py", line 529, in urlconf_module
    return import_module(self.urlconf_name)
  File "/usr/local/lib/python3.6/importlib/__init__.py", line 126, in import_module
    return _bootstrap._gcd_import(name[level:], package, level)
  File "<frozen importlib._bootstrap>", line 994, in _gcd_import
  File "<frozen importlib._bootstrap>", line 971, in _find_and_load
  File "<frozen importlib._bootstrap>", line 955, in _find_and_load_unlocked
  File "<frozen importlib._bootstrap>", line 665, in _load_unlocked
  File "<frozen importlib._bootstrap_external>", line 678, in exec_module
  File "<frozen importlib._bootstrap>", line 219, in _call_with_frames_removed
  File "/root/Django/khalid/khalid/urls.py", line 20, in <module>
    path('polls/',include('polls.urls')),
  File "/usr/local/lib/python3.6/site-packages/django/urls/conf.py", line 34, in include
    urlconf_module = import_module(urlconf_module)
  File "/usr/local/lib/python3.6/importlib/__init__.py", line 126, in import_module
    return _bootstrap._gcd_import(name[level:], package, level)
  File "<frozen importlib._bootstrap>", line 994, in _gcd_import
  File "<frozen importlib._bootstrap>", line 971, in _find_and_load
  File "<frozen importlib._bootstrap>", line 955, in _find_and_load_unlocked
  File "<frozen importlib._bootstrap>", line 665, in _load_unlocked
  File "<frozen importlib._bootstrap_external>", line 678, in exec_module
  File "<frozen importlib._bootstrap>", line 219, in _call_with_frames_removed
  File "/root/Django/khalid/polls/urls.py", line 3, in <module>
    from . import views
  File "/root/Django/khalid/polls/views.py", line 25, in <module>
    class show():
  File "/root/Django/khalid/polls/views.py", line 26, in show
    render(request,'polls/show.html',{'shabi':shabi})
NameError: name 'request' is not defined
Performing system checks...

Unhandled exception in thread started by <function check_errors.<locals>.wrapper at 0x7f748cc936a8>
Traceback (most recent call last):
  File "/usr/local/lib/python3.6/site-packages/django/utils/autoreload.py", line 225, in wrapper
    fn(*args, **kwargs)
  File "/usr/local/lib/python3.6/site-packages/django/core/management/commands/runserver.py", line 120, in inner_run
    self.check(display_num_errors=True)
  File "/usr/local/lib/python3.6/site-packages/django/core/management/base.py", line 364, in check
    include_deployment_checks=include_deployment_checks,
  File "/usr/local/lib/python3.6/site-packages/django/core/management/base.py", line 351, in _run_checks
    return checks.run_checks(**kwargs)
  File "/usr/local/lib/python3.6/site-packages/django/core/checks/registry.py", line 73, in run_checks
    new_errors = check(app_configs=app_configs)
  File "/usr/local/lib/python3.6/site-packages/django/core/checks/urls.py", line 40, in check_url_namespaces_unique
    all_namespaces = _load_all_namespaces(resolver)
  File "/usr/local/lib/python3.6/site-packages/django/core/checks/urls.py", line 57, in _load_all_namespaces
    url_patterns = getattr(resolver, 'url_patterns', [])
  File "/usr/local/lib/python3.6/site-packages/django/utils/functional.py", line 36, in __get__
    res = instance.__dict__[self.name] = self.func(instance)
  File "/usr/local/lib/python3.6/site-packages/django/urls/resolvers.py", line 536, in url_patterns
    patterns = getattr(self.urlconf_module, "urlpatterns", self.urlconf_module)
  File "/usr/local/lib/python3.6/site-packages/django/utils/functional.py", line 36, in __get__
    res = instance.__dict__[self.name] = self.func(instance)
  File "/usr/local/lib/python3.6/site-packages/django/urls/resolvers.py", line 529, in urlconf_module
    return import_module(self.urlconf_name)
  File "/usr/local/lib/python3.6/importlib/__init__.py", line 126, in import_module
    return _bootstrap._gcd_import(name[level:], package, level)
  File "<frozen importlib._bootstrap>", line 994, in _gcd_import
  File "<frozen importlib._bootstrap>", line 971, in _find_and_load
  File "<frozen importlib._bootstrap>", line 955, in _find_and_load_unlocked
  File "<frozen importlib._bootstrap>", line 665, in _load_unlocked
  File "<frozen importlib._bootstrap_external>", line 678, in exec_module
  File "<frozen importlib._bootstrap>", line 219, in _call_with_frames_removed
  File "/root/Django/khalid/khalid/urls.py", line 20, in <module>
    path('polls/',include('polls.urls')),
  File "/usr/local/lib/python3.6/site-packages/django/urls/conf.py", line 34, in include
    urlconf_module = import_module(urlconf_module)
  File "/usr/local/lib/python3.6/importlib/__init__.py", line 126, in import_module
    return _bootstrap._gcd_import(name[level:], package, level)
  File "<frozen importlib._bootstrap>", line 994, in _gcd_import
  File "<frozen importlib._bootstrap>", line 971, in _find_and_load
  File "<frozen importlib._bootstrap>", line 955, in _find_and_load_unlocked
  File "<frozen importlib._bootstrap>", line 665, in _load_unlocked
  File "<frozen importlib._bootstrap_external>", line 678, in exec_module
  File "<frozen importlib._bootstrap>", line 219, in _call_with_frames_removed
  File "/root/Django/khalid/polls/urls.py", line 3, in <module>
    from . import views
  File "/root/Django/khalid/polls/views.py", line 26
    return render(request,'polls/show.html',{'shabi':shabi})
    ^
SyntaxError: 'return' outside function
Performing system checks...

Internal Server Error: /polls/show/
Traceback (most recent call last):
  File "/usr/local/lib/python3.6/site-packages/django/core/handlers/exception.py", line 35, in inner
    response = get_response(request)
  File "/usr/local/lib/python3.6/site-packages/django/core/handlers/base.py", line 128, in _get_response
    response = self.process_exception_by_middleware(e, request)
  File "/usr/local/lib/python3.6/site-packages/django/core/handlers/base.py", line 126, in _get_response
    response = wrapped_callback(request, *callback_args, **callback_kwargs)
  File "/root/Django/khalid/polls/views.py", line 26, in show
    return render(request,'polls/show.html',{'shabi':shabi})
NameError: name 'shabi' is not defined
[22/May/2018 15:44:27] "GET /polls/show/ HTTP/1.1" 500 62321
Performing system checks...

System check identified no issues (0 silenced).
May 22, 2018 - 15:44:20
Django version 2.0.4, using settings 'khalid.settings'
Starting development server at http://0:8000/
Quit the server with CONTROL-C.
[22/May/2018 15:45:16] "GET /polls/show/ HTTP/1.1" 200 6
Invalid HTTP_HOST header: '59.110.247.134:8000'. You may need to add '59.110.247.134' to ALLOWED_HOSTS.
[22/May/2018 16:51:35] "GET / HTTP/1.1" 400 58598
[22/May/2018 18:02:31] "GET /polls/ HTTP/1.1" 200 144
[22/May/2018 18:02:34] "GET /polls/show/ HTTP/1.1" 200 135
Invalid HTTP_HOST header: '59.110.139.69:8000'. You may need to add '59.110.139.69' to ALLOWED_HOSTS.
[23/May/2018 00:53:50] "GET / HTTP/1.1" 400 58582
Invalid HTTP_HOST header: 'www.baidu.com'. You may need to add 'www.baidu.com' to ALLOWED_HOSTS.
[23/May/2018 05:40:14] "GET http://www.baidu.com/cache/global/img/gs.gif HTTP/1.1" 400 59030
Invalid HTTP_HOST header: '59.110.12.133:8000'. You may need to add '59.110.12.133' to ALLOWED_HOSTS.
[23/May/2018 08:51:08] "GET / HTTP/1.1" 400 58583
Invalid HTTP_HOST header: 'www.baidu.com'. You may need to add 'www.baidu.com' to ALLOWED_HOSTS.
[23/May/2018 14:55:15] "GET http://www.baidu.com/cache/global/img/gs.gif HTTP/1.1" 400 59030
Invalid HTTP_HOST header: '59.110.245.246:8000'. You may need to add '59.110.245.246' to ALLOWED_HOSTS.
[23/May/2018 16:46:54] "GET / HTTP/1.1" 400 58598
[23/May/2018 17:27:04] code 400, message Bad request syntax ('\x00\x00\x00TZ\x00\x00\x00\x00\x00\x00\x00\x00\x01\x00\x00\x04\x010I\x00\x00\x00\x00\x80\x0b\x00\x0c)t F\x07\x00tsXrcsXYs9\x00\x00\x00\x00\x00\x00\x00\x00\x00\x00\x00\x00\x00\x00\x00\x00\x00\x00\x00\x00\x00\x00bbXcsXctst\x00\x00\x00\x00\x00\x00')
[23/May/2018 17:27:04] "   TZ          0I     )t F tsXrcsXYs9                      bbXcsXctst      " 400 -
Invalid HTTP_HOST header: 'www.baidu.com'. You may need to add 'www.baidu.com' to ALLOWED_HOSTS.
[23/May/2018 18:04:58] "GET http://www.baidu.com/cache/global/img/gs.gif HTTP/1.1" 400 59029
Invalid HTTP_HOST header: 'www.baidu.com'. You may need to add 'www.baidu.com' to ALLOWED_HOSTS.
[24/May/2018 00:07:51] "GET http://www.baidu.com/cache/global/img/gs.gif HTTP/1.1" 400 59030
Invalid HTTP_HOST header: '59.110.113.100:8000'. You may need to add '59.110.113.100' to ALLOWED_HOSTS.
[24/May/2018 00:44:44] "GET / HTTP/1.1" 400 58598
[24/May/2018 05:10:00] code 400, message Bad request syntax ('\x04\x01\x00PqR\x00')
[24/May/2018 05:10:00] " PqR " 400 -
[24/May/2018 05:11:41] code 400, message Bad request syntax ('\x05\x02\x00\x02')
[24/May/2018 05:11:41] " " 400 -
Invalid HTTP_HOST header: '60.205.1.179:8000'. You may need to add '60.205.1.179' to ALLOWED_HOSTS.
[24/May/2018 08:57:28] "GET / HTTP/1.1" 400 58568
Invalid HTTP_HOST header: 'www.baidu.com'. You may need to add 'www.baidu.com' to ALLOWED_HOSTS.
[24/May/2018 09:19:18] "GET http://www.baidu.com/cache/global/img/gs.gif HTTP/1.1" 400 59030
[24/May/2018 12:16:47] "GET /polls/ HTTP/1.1" 200 144
Not Found: /favicon.ico
[24/May/2018 12:16:48] "GET /favicon.ico HTTP/1.1" 404 2082
[24/May/2018 12:16:51] "GET /polls/show/ HTTP/1.1" 200 135
[24/May/2018 12:25:07] "GET /polls/show/ HTTP/1.1" 200 162
[24/May/2018 12:27:39] "GET /polls/show/ HTTP/1.1" 200 177
[24/May/2018 12:29:18] "GET /polls/show/ HTTP/1.1" 200 199
[24/May/2018 12:35:25] "GET /polls/show/ HTTP/1.1" 200 251
[24/May/2018 12:37:33] "GET /polls/show/ HTTP/1.1" 200 297
Not Found: /polls/show/my.jpg
[24/May/2018 12:37:34] "GET /polls/show/my.jpg HTTP/1.1" 404 2902
[24/May/2018 12:50:30] "GET /polls/ HTTP/1.1" 200 144
[24/May/2018 12:56:55] "GET /polls/show/ HTTP/1.1" 200 371
[24/May/2018 12:56:55] "GET /static/polls/style.css HTTP/1.1" 404 1673
Not Found: /polls/show/my.jpg
[24/May/2018 12:56:55] "GET /polls/show/my.jpg HTTP/1.1" 404 2902
[24/May/2018 12:56:56] "GET /polls/show/ HTTP/1.1" 200 371
[24/May/2018 12:56:56] "GET /static/polls/style.css HTTP/1.1" 404 1673
Not Found: /polls/show/my.jpg
[24/May/2018 12:56:56] "GET /polls/show/my.jpg HTTP/1.1" 404 2902
[24/May/2018 12:56:56] "GET /polls/show/ HTTP/1.1" 200 371
[24/May/2018 12:56:56] "GET /static/polls/style.css HTTP/1.1" 404 1673
Not Found: /polls/show/my.jpg
[24/May/2018 12:56:56] "GET /polls/show/my.jpg HTTP/1.1" 404 2902
[24/May/2018 12:56:56] "GET /polls/show/ HTTP/1.1" 200 371
[24/May/2018 12:56:56] "GET /static/polls/style.css HTTP/1.1" 404 1673
Not Found: /polls/show/my.jpg
[24/May/2018 12:56:56] "GET /polls/show/my.jpg HTTP/1.1" 404 2902
[24/May/2018 12:56:56] "GET /polls/show/ HTTP/1.1" 200 371
[24/May/2018 12:56:56] "GET /static/polls/style.css HTTP/1.1" 404 1673
Not Found: /polls/show/my.jpg
[24/May/2018 12:56:57] "GET /polls/show/my.jpg HTTP/1.1" 404 2902
[24/May/2018 12:56:57] "GET /polls/show/ HTTP/1.1" 200 371
[24/May/2018 12:56:57] "GET /static/polls/style.css HTTP/1.1" 404 1673
Not Found: /polls/show/my.jpg
[24/May/2018 12:56:57] "GET /polls/show/my.jpg HTTP/1.1" 404 2902
[24/May/2018 12:56:57] "GET /polls/show/ HTTP/1.1" 200 371
[24/May/2018 12:56:57] "GET /static/polls/style.css HTTP/1.1" 404 1673
Not Found: /polls/show/my.jpg
[24/May/2018 12:56:57] "GET /polls/show/my.jpg HTTP/1.1" 404 2902
[24/May/2018 12:56:57] "GET /polls/show/ HTTP/1.1" 200 371
[24/May/2018 12:56:57] "GET /static/polls/style.css HTTP/1.1" 404 1673
Not Found: /polls/show/my.jpg
[24/May/2018 12:56:57] "GET /polls/show/my.jpg HTTP/1.1" 404 2902
[24/May/2018 12:56:57] "GET /polls/show/ HTTP/1.1" 200 371
Not Found: /polls/show/my.jpg
[24/May/2018 12:56:57] "GET /polls/show/my.jpg HTTP/1.1" 404 2902
[24/May/2018 12:56:57] "GET /static/polls/style.css HTTP/1.1" 404 1673
[24/May/2018 12:56:57] "GET /polls/show/ HTTP/1.1" 200 371
Not Found: /polls/show/my.jpg
[24/May/2018 12:56:57] "GET /polls/show/my.jpg HTTP/1.1" 404 2902
[24/May/2018 12:56:57] "GET /static/polls/style.css HTTP/1.1" 404 1673
[24/May/2018 12:56:58] "GET /polls/show/ HTTP/1.1" 200 371
[24/May/2018 12:56:58] "GET /static/polls/style.css HTTP/1.1" 404 1673
Not Found: /polls/show/my.jpg
[24/May/2018 12:56:58] "GET /polls/show/my.jpg HTTP/1.1" 404 2902
[24/May/2018 12:56:58] "GET /polls/show/ HTTP/1.1" 200 371
[24/May/2018 12:56:58] "GET /static/polls/style.css HTTP/1.1" 404 1673
Not Found: /polls/show/my.jpg
[24/May/2018 12:56:58] "GET /polls/show/my.jpg HTTP/1.1" 404 2902
[24/May/2018 12:58:31] "GET /polls/show/ HTTP/1.1" 200 371
[24/May/2018 12:58:31] "GET /static/polls/style.css HTTP/1.1" 404 1673
Not Found: /polls/show/my.jpg
[24/May/2018 12:58:31] "GET /polls/show/my.jpg HTTP/1.1" 404 2902
[24/May/2018 12:58:32] "GET /polls/show/ HTTP/1.1" 200 371
[24/May/2018 12:58:32] "GET /static/polls/style.css HTTP/1.1" 404 1673
Not Found: /polls/show/my.jpg
[24/May/2018 12:58:32] "GET /polls/show/my.jpg HTTP/1.1" 404 2902
[24/May/2018 12:58:32] "GET /polls/show/ HTTP/1.1" 200 371
[24/May/2018 12:58:32] "GET /static/polls/style.css HTTP/1.1" 404 1673
Not Found: /polls/show/my.jpg
[24/May/2018 12:58:32] "GET /polls/show/my.jpg HTTP/1.1" 404 2902
[24/May/2018 12:58:32] "GET /polls/show/ HTTP/1.1" 200 371
[24/May/2018 12:58:32] "GET /static/polls/style.css HTTP/1.1" 404 1673
Not Found: /polls/show/my.jpg
[24/May/2018 12:58:32] "GET /polls/show/my.jpg HTTP/1.1" 404 2902
[24/May/2018 12:58:32] "GET /polls/show/ HTTP/1.1" 200 371
[24/May/2018 12:58:32] "GET /static/polls/style.css HTTP/1.1" 404 1673
Not Found: /polls/show/my.jpg
[24/May/2018 12:58:32] "GET /polls/show/my.jpg HTTP/1.1" 404 2902
[24/May/2018 12:58:32] "GET /polls/show/ HTTP/1.1" 200 371
[24/May/2018 12:58:33] "GET /static/polls/style.css HTTP/1.1" 404 1673
Not Found: /polls/show/my.jpg
[24/May/2018 12:58:33] "GET /polls/show/my.jpg HTTP/1.1" 404 2902
[24/May/2018 12:58:33] "GET /polls/show/ HTTP/1.1" 200 371
[24/May/2018 12:58:33] "GET /static/polls/style.css HTTP/1.1" 404 1673
Not Found: /polls/show/my.jpg
[24/May/2018 12:58:33] "GET /polls/show/my.jpg HTTP/1.1" 404 2902
[24/May/2018 12:58:33] "GET /polls/show/ HTTP/1.1" 200 371
[24/May/2018 12:58:33] "GET /static/polls/style.css HTTP/1.1" 404 1673
Not Found: /polls/show/my.jpg
[24/May/2018 12:58:33] "GET /polls/show/my.jpg HTTP/1.1" 404 2902
[24/May/2018 12:58:33] "GET /polls/show/ HTTP/1.1" 200 371
[24/May/2018 12:58:33] "GET /static/polls/style.css HTTP/1.1" 404 1673
Not Found: /polls/show/my.jpg
[24/May/2018 12:58:33] "GET /polls/show/my.jpg HTTP/1.1" 404 2902
[24/May/2018 12:58:33] "GET /polls/show/ HTTP/1.1" 200 371
[24/May/2018 12:58:33] "GET /static/polls/style.css HTTP/1.1" 404 1673
Not Found: /polls/show/my.jpg
[24/May/2018 12:58:33] "GET /polls/show/my.jpg HTTP/1.1" 404 2902
[24/May/2018 12:58:33] "GET /polls/show/ HTTP/1.1" 200 371
[24/May/2018 12:58:33] "GET /static/polls/style.css HTTP/1.1" 404 1673
Not Found: /polls/show/my.jpg
[24/May/2018 12:58:33] "GET /polls/show/my.jpg HTTP/1.1" 404 2902
[24/May/2018 12:58:34] "GET /polls/show/ HTTP/1.1" 200 371
[24/May/2018 12:58:34] "GET /static/polls/style.css HTTP/1.1" 404 1673
Not Found: /polls/show/my.jpg
[24/May/2018 12:58:34] "GET /polls/show/my.jpg HTTP/1.1" 404 2902
[24/May/2018 12:58:34] "GET /polls/show/ HTTP/1.1" 200 371
[24/May/2018 12:58:34] "GET /static/polls/style.css HTTP/1.1" 404 1673
Not Found: /polls/show/my.jpg
[24/May/2018 12:58:34] "GET /polls/show/my.jpg HTTP/1.1" 404 2902
[24/May/2018 12:58:34] "GET /polls/show/ HTTP/1.1" 200 371
[24/May/2018 12:58:34] "GET /static/polls/style.css HTTP/1.1" 404 1673
Not Found: /polls/show/my.jpg
[24/May/2018 12:58:34] "GET /polls/show/my.jpg HTTP/1.1" 404 2902
[24/May/2018 12:58:34] "GET /polls/show/ HTTP/1.1" 200 371
[24/May/2018 12:58:34] "GET /static/polls/style.css HTTP/1.1" 404 1673
Not Found: /polls/show/my.jpg
[24/May/2018 12:58:34] "GET /polls/show/my.jpg HTTP/1.1" 404 2902
[24/May/2018 12:58:35] "GET /polls/show/ HTTP/1.1" 200 371
[24/May/2018 12:58:35] "GET /static/polls/style.css HTTP/1.1" 404 1673
Not Found: /polls/show/my.jpg
[24/May/2018 12:58:35] "GET /polls/show/my.jpg HTTP/1.1" 404 2902
[24/May/2018 13:00:01] "GET /polls/show/ HTTP/1.1" 200 371
[24/May/2018 13:00:01] "GET /static/polls/style.css HTTP/1.1" 404 1673
Not Found: /polls/show/my.jpg
[24/May/2018 13:00:01] "GET /polls/show/my.jpg HTTP/1.1" 404 2902
[24/May/2018 13:00:01] "GET /polls/show/ HTTP/1.1" 200 371
[24/May/2018 13:00:01] "GET /static/polls/style.css HTTP/1.1" 404 1673
Not Found: /polls/show/my.jpg
[24/May/2018 13:00:01] "GET /polls/show/my.jpg HTTP/1.1" 404 2902
[24/May/2018 13:00:01] "GET /polls/show/ HTTP/1.1" 200 371
[24/May/2018 13:00:01] "GET /static/polls/style.css HTTP/1.1" 404 1673
Not Found: /polls/show/my.jpg
[24/May/2018 13:00:01] "GET /polls/show/my.jpg HTTP/1.1" 404 2902
[24/May/2018 13:00:02] "GET /polls/show/ HTTP/1.1" 200 371
[24/May/2018 13:00:02] "GET /static/polls/style.css HTTP/1.1" 404 1673
Not Found: /polls/show/my.jpg
[24/May/2018 13:00:02] "GET /polls/show/my.jpg HTTP/1.1" 404 2902
[24/May/2018 13:00:02] "GET /polls/show/ HTTP/1.1" 200 371
[24/May/2018 13:00:02] "GET /static/polls/style.css HTTP/1.1" 404 1673
Not Found: /polls/show/my.jpg
[24/May/2018 13:00:02] "GET /polls/show/my.jpg HTTP/1.1" 404 2902
[24/May/2018 13:00:02] "GET /polls/show/ HTTP/1.1" 200 371
[24/May/2018 13:00:02] "GET /static/polls/style.css HTTP/1.1" 404 1673
Not Found: /polls/show/my.jpg
[24/May/2018 13:00:02] "GET /polls/show/my.jpg HTTP/1.1" 404 2902
[24/May/2018 13:00:02] "GET /polls/show/ HTTP/1.1" 200 371
[24/May/2018 13:00:02] "GET /static/polls/style.css HTTP/1.1" 404 1673
Not Found: /polls/show/my.jpg
[24/May/2018 13:00:02] "GET /polls/show/my.jpg HTTP/1.1" 404 2902
[24/May/2018 13:00:02] "GET /polls/show/ HTTP/1.1" 200 371
[24/May/2018 13:00:02] "GET /static/polls/style.css HTTP/1.1" 404 1673
Not Found: /polls/show/my.jpg
[24/May/2018 13:00:02] "GET /polls/show/my.jpg HTTP/1.1" 404 2902
[24/May/2018 13:00:02] "GET /polls/show/ HTTP/1.1" 200 371
[24/May/2018 13:00:03] "GET /static/polls/style.css HTTP/1.1" 404 1673
Not Found: /polls/show/my.jpg
[24/May/2018 13:00:03] "GET /polls/show/my.jpg HTTP/1.1" 404 2902
[24/May/2018 13:00:03] "GET /polls/show/ HTTP/1.1" 200 371
[24/May/2018 13:00:03] "GET /static/polls/style.css HTTP/1.1" 404 1673
Not Found: /polls/show/my.jpg
[24/May/2018 13:00:03] "GET /polls/show/my.jpg HTTP/1.1" 404 2902
[24/May/2018 13:00:03] "GET /polls/show/ HTTP/1.1" 200 371
[24/May/2018 13:00:03] "GET /static/polls/style.css HTTP/1.1" 404 1673
Not Found: /polls/show/my.jpg
[24/May/2018 13:00:03] "GET /polls/show/my.jpg HTTP/1.1" 404 2902
[24/May/2018 13:00:03] "GET /polls/show/ HTTP/1.1" 200 371
[24/May/2018 13:00:03] "GET /static/polls/style.css HTTP/1.1" 404 1673
Not Found: /polls/show/my.jpg
[24/May/2018 13:00:03] "GET /polls/show/my.jpg HTTP/1.1" 404 2902
[24/May/2018 13:01:25] "GET /static/polls/style.css HTTP/1.1" 404 1673
[24/May/2018 13:06:24] "GET /polls/show/ HTTP/1.1" 200 379
[24/May/2018 13:06:24] "GET /static/polls/style.css HTTP/1.1" 404 1673
Not Found: /polls/show/background.jpg
[24/May/2018 13:06:24] "GET /polls/show/background.jpg HTTP/1.1" 404 2926
[24/May/2018 13:06:33] "GET /polls/show/ HTTP/1.1" 200 379
[24/May/2018 13:06:33] "GET /static/polls/style.css HTTP/1.1" 404 1673
Not Found: /polls/show/background.jpg
[24/May/2018 13:06:33] "GET /polls/show/background.jpg HTTP/1.1" 404 2926
[24/May/2018 13:19:51] "GET /polls/show/ HTTP/1.1" 200 379
Not Found: /polls/show/background.jpg
[24/May/2018 13:19:51] "GET /polls/show/background.jpg HTTP/1.1" 404 2926
[24/May/2018 13:19:51] "GET /static/polls/style.css HTTP/1.1" 404 1673
[24/May/2018 13:19:52] "GET /polls/show/ HTTP/1.1" 200 379
[24/May/2018 13:19:52] "GET /static/polls/style.css HTTP/1.1" 404 1673
Not Found: /polls/show/background.jpg
[24/May/2018 13:19:52] "GET /polls/show/background.jpg HTTP/1.1" 404 2926
[24/May/2018 13:19:53] "GET /polls/show/ HTTP/1.1" 200 379
[24/May/2018 13:19:53] "GET /static/polls/style.css HTTP/1.1" 404 1673
Not Found: /polls/show/background.jpg
[24/May/2018 13:19:53] "GET /polls/show/background.jpg HTTP/1.1" 404 2926
[24/May/2018 15:09:15] "GET /polls/show/ HTTP/1.1" 200 379
[24/May/2018 15:09:15] "GET /static/polls/style.css HTTP/1.1" 404 1673
Not Found: /polls/show/background.jpg
[24/May/2018 15:09:15] "GET /polls/show/background.jpg HTTP/1.1" 404 2926
Performing system checks...

System check identified no issues (0 silenced).
May 22, 2018 - 15:45:14
Django version 2.0.4, using settings 'khalid.settings'
Starting development server at http://0:8000/
Quit the server with CONTROL-C.
[24/May/2018 15:23:20] "GET /polls/show/ HTTP/1.1" 200 379
[24/May/2018 15:23:20] "GET /static/polls/style.css HTTP/1.1" 404 1673
Not Found: /polls/show/background.jpg
[24/May/2018 15:23:20] "GET /polls/show/background.jpg HTTP/1.1" 404 2926
[24/May/2018 15:23:21] "GET /polls/show/ HTTP/1.1" 200 379
[24/May/2018 15:23:21] "GET /static/polls/style.css HTTP/1.1" 404 1673
Not Found: /polls/show/background.jpg
[24/May/2018 15:23:21] "GET /polls/show/background.jpg HTTP/1.1" 404 2926
[24/May/2018 15:23:22] "GET /polls/show/ HTTP/1.1" 200 379
[24/May/2018 15:23:22] "GET /static/polls/style.css HTTP/1.1" 404 1673
Not Found: /polls/show/background.jpg
[24/May/2018 15:23:22] "GET /polls/show/background.jpg HTTP/1.1" 404 2926
[24/May/2018 15:23:22] "GET /polls/show/ HTTP/1.1" 200 379
[24/May/2018 15:23:22] "GET /static/polls/style.css HTTP/1.1" 404 1673
Not Found: /polls/show/background.jpg
[24/May/2018 15:23:22] "GET /polls/show/background.jpg HTTP/1.1" 404 2926
[24/May/2018 15:23:22] "GET /polls/show/ HTTP/1.1" 200 379
[24/May/2018 15:23:22] "GET /static/polls/style.css HTTP/1.1" 404 1673
Not Found: /polls/show/background.jpg
[24/May/2018 15:23:22] "GET /polls/show/background.jpg HTTP/1.1" 404 2926
[24/May/2018 15:23:22] "GET /polls/show/ HTTP/1.1" 200 379
[24/May/2018 15:23:22] "GET /static/polls/style.css HTTP/1.1" 404 1673
Not Found: /polls/show/background.jpg
[24/May/2018 15:23:22] "GET /polls/show/background.jpg HTTP/1.1" 404 2926
[24/May/2018 15:23:23] "GET /polls/show/ HTTP/1.1" 200 379
[24/May/2018 15:23:23] "GET /static/polls/style.css HTTP/1.1" 404 1673
Not Found: /polls/show/background.jpg
[24/May/2018 15:23:23] "GET /polls/show/background.jpg HTTP/1.1" 404 2926
[24/May/2018 15:23:24] "GET /polls/show/ HTTP/1.1" 200 379
[24/May/2018 15:23:24] "GET /static/polls/style.css HTTP/1.1" 404 1673
Not Found: /polls/show/background.jpg
[24/May/2018 15:23:24] "GET /polls/show/background.jpg HTTP/1.1" 404 2926
[24/May/2018 15:23:25] "GET /polls/show/ HTTP/1.1" 200 379
[24/May/2018 15:23:25] "GET /static/polls/style.css HTTP/1.1" 404 1673
Not Found: /polls/show/background.jpg
[24/May/2018 15:23:25] "GET /polls/show/background.jpg HTTP/1.1" 404 2926
[24/May/2018 15:23:26] "GET /polls/show/ HTTP/1.1" 200 379
[24/May/2018 15:23:26] "GET /static/polls/style.css HTTP/1.1" 404 1673
Not Found: /polls/show/background.jpg
[24/May/2018 15:23:26] "GET /polls/show/background.jpg HTTP/1.1" 404 2926
[24/May/2018 15:23:26] "GET /polls/show/ HTTP/1.1" 200 379
[24/May/2018 15:23:26] "GET /static/polls/style.css HTTP/1.1" 404 1673
Not Found: /polls/show/background.jpg
[24/May/2018 15:23:26] "GET /polls/show/background.jpg HTTP/1.1" 404 2926
[24/May/2018 15:23:27] "GET /polls/show/ HTTP/1.1" 200 379
[24/May/2018 15:23:27] "GET /static/polls/style.css HTTP/1.1" 404 1673
Not Found: /polls/show/background.jpg
[24/May/2018 15:23:27] "GET /polls/show/background.jpg HTTP/1.1" 404 2926
[24/May/2018 15:23:27] "GET /polls/show/ HTTP/1.1" 200 379
Not Found: /polls/show/background.jpg
[24/May/2018 15:23:27] "GET /polls/show/background.jpg HTTP/1.1" 404 2926
[24/May/2018 15:23:27] "GET /static/polls/style.css HTTP/1.1" 404 1673
[24/May/2018 15:23:27] "GET /polls/show/ HTTP/1.1" 200 379
[24/May/2018 15:23:27] "GET /static/polls/style.css HTTP/1.1" 404 1673
Not Found: /polls/show/background.jpg
[24/May/2018 15:23:27] "GET /polls/show/background.jpg HTTP/1.1" 404 2926
[24/May/2018 15:23:27] "GET /polls/show/ HTTP/1.1" 200 379
[24/May/2018 15:23:27] "GET /static/polls/style.css HTTP/1.1" 404 1673
Not Found: /polls/show/background.jpg
[24/May/2018 15:23:27] "GET /polls/show/background.jpg HTTP/1.1" 404 2926
[24/May/2018 15:23:28] "GET /polls/show/ HTTP/1.1" 200 379
[24/May/2018 15:23:28] "GET /static/polls/style.css HTTP/1.1" 404 1673
Not Found: /polls/show/background.jpg
[24/May/2018 15:23:28] "GET /polls/show/background.jpg HTTP/1.1" 404 2926
[24/May/2018 15:23:28] "GET /polls/show/ HTTP/1.1" 200 379
[24/May/2018 15:23:28] "GET /static/polls/style.css HTTP/1.1" 404 1673
Not Found: /polls/show/background.jpg
[24/May/2018 15:23:28] "GET /polls/show/background.jpg HTTP/1.1" 404 2926
[24/May/2018 15:23:28] "GET /polls/show/ HTTP/1.1" 200 379
[24/May/2018 15:23:28] "GET /static/polls/style.css HTTP/1.1" 404 1673
Not Found: /polls/show/background.jpg
[24/May/2018 15:23:28] "GET /polls/show/background.jpg HTTP/1.1" 404 2926
[24/May/2018 15:23:29] "GET /polls/show/ HTTP/1.1" 200 379
[24/May/2018 15:23:29] "GET /static/polls/style.css HTTP/1.1" 404 1673
Not Found: /polls/show/background.jpg
[24/May/2018 15:23:29] "GET /polls/show/background.jpg HTTP/1.1" 404 2926
[24/May/2018 15:23:29] "GET /polls/show/ HTTP/1.1" 200 379
[24/May/2018 15:23:29] "GET /static/polls/style.css HTTP/1.1" 404 1673
Not Found: /polls/show/background.jpg
[24/May/2018 15:23:29] "GET /polls/show/background.jpg HTTP/1.1" 404 2926
[24/May/2018 15:23:29] "GET /polls/show/ HTTP/1.1" 200 379
[24/May/2018 15:23:29] "GET /static/polls/style.css HTTP/1.1" 404 1673
Not Found: /polls/show/background.jpg
[24/May/2018 15:23:29] "GET /polls/show/background.jpg HTTP/1.1" 404 2926
[24/May/2018 15:23:30] "GET /polls/show/ HTTP/1.1" 200 379
[24/May/2018 15:23:30] "GET /static/polls/style.css HTTP/1.1" 404 1673
Not Found: /polls/show/background.jpg
[24/May/2018 15:23:30] "GET /polls/show/background.jpg HTTP/1.1" 404 2926
[24/May/2018 15:23:30] "GET /polls/show/ HTTP/1.1" 200 379
[24/May/2018 15:23:30] "GET /static/polls/style.css HTTP/1.1" 404 1673
Not Found: /polls/show/background.jpg
[24/May/2018 15:23:30] "GET /polls/show/background.jpg HTTP/1.1" 404 2926
[24/May/2018 15:23:30] "GET /polls/show/ HTTP/1.1" 200 379
[24/May/2018 15:23:30] "GET /static/polls/style.css HTTP/1.1" 404 1673
Not Found: /polls/show/background.jpg
[24/May/2018 15:23:30] "GET /polls/show/background.jpg HTTP/1.1" 404 2926
[24/May/2018 15:23:31] "GET /polls/show/ HTTP/1.1" 200 379
[24/May/2018 15:23:31] "GET /static/polls/style.css HTTP/1.1" 404 1673
Not Found: /polls/show/background.jpg
[24/May/2018 15:23:31] "GET /polls/show/background.jpg HTTP/1.1" 404 2926
[24/May/2018 15:23:31] "GET /polls/show/ HTTP/1.1" 200 379
[24/May/2018 15:23:31] "GET /static/polls/style.css HTTP/1.1" 404 1673
Not Found: /polls/show/background.jpg
[24/May/2018 15:23:31] "GET /polls/show/background.jpg HTTP/1.1" 404 2926
[24/May/2018 15:23:32] "GET /polls/show/ HTTP/1.1" 200 379
[24/May/2018 15:23:32] "GET /static/polls/style.css HTTP/1.1" 404 1673
Not Found: /polls/show/background.jpg
[24/May/2018 15:23:32] "GET /polls/show/background.jpg HTTP/1.1" 404 2926
[24/May/2018 15:23:32] "GET /polls/show/ HTTP/1.1" 200 379
[24/May/2018 15:23:33] "GET /static/polls/style.css HTTP/1.1" 404 1673
Not Found: /polls/show/background.jpg
[24/May/2018 15:23:33] "GET /polls/show/background.jpg HTTP/1.1" 404 2926
[24/May/2018 15:23:33] "GET /polls/show/ HTTP/1.1" 200 379
[24/May/2018 15:23:33] "GET /static/polls/style.css HTTP/1.1" 404 1673
Not Found: /polls/show/background.jpg
[24/May/2018 15:23:33] "GET /polls/show/background.jpg HTTP/1.1" 404 2926
[24/May/2018 15:35:40] "GET /polls/show/ HTTP/1.1" 200 379
[24/May/2018 15:35:40] "GET /static/polls/style.css HTTP/1.1" 200 70
Not Found: /polls/show/background.jpg
[24/May/2018 15:35:40] "GET /polls/show/background.jpg HTTP/1.1" 404 2926
[24/May/2018 15:35:41] "GET /static/polls/images/background.jpg HTTP/1.1" 200 421211
[24/May/2018 15:47:27] "GET /polls/show/ HTTP/1.1" 200 379
Not Found: /polls/show/background.jpg
[24/May/2018 15:47:27] "GET /polls/show/background.jpg HTTP/1.1" 404 2926
[24/May/2018 15:47:33] "GET /polls/show/ HTTP/1.1" 200 379
Not Found: /polls/show/background.jpg
[24/May/2018 15:47:33] "GET /polls/show/background.jpg HTTP/1.1" 404 2926
[24/May/2018 15:47:33] "GET /polls/show/ HTTP/1.1" 200 379
Not Found: /polls/show/background.jpg
[24/May/2018 15:47:33] "GET /polls/show/background.jpg HTTP/1.1" 404 2926
[24/May/2018 15:47:34] "GET /polls/show/ HTTP/1.1" 200 379
Not Found: /polls/show/background.jpg
[24/May/2018 15:47:34] "GET /polls/show/background.jpg HTTP/1.1" 404 2926
[24/May/2018 15:47:34] "GET /polls/show/ HTTP/1.1" 200 379
Not Found: /polls/show/background.jpg
[24/May/2018 15:47:34] "GET /polls/show/background.jpg HTTP/1.1" 404 2926
[24/May/2018 15:48:32] "GET /polls/show/ HTTP/1.1" 200 379
Not Found: /polls/show/background.jpg
[24/May/2018 15:48:32] "GET /polls/show/background.jpg HTTP/1.1" 404 2926
[24/May/2018 15:49:10] "GET /polls/show/ HTTP/1.1" 200 379
Not Found: /polls/show/background.jpg
[24/May/2018 15:49:10] "GET /polls/show/background.jpg HTTP/1.1" 404 2926
[24/May/2018 15:50:00] "GET /polls/show/ HTTP/1.1" 200 379
Not Found: /polls/show/background.jpg
[24/May/2018 15:50:01] "GET /polls/show/background.jpg HTTP/1.1" 404 2926
[24/May/2018 15:50:36] "GET /polls/show/ HTTP/1.1" 200 305
Not Found: /polls/show/background.jpg
[24/May/2018 15:50:36] "GET /polls/show/background.jpg HTTP/1.1" 404 2926
Invalid HTTP_HOST header: 'www.baidu.com'. You may need to add 'www.baidu.com' to ALLOWED_HOSTS.
[24/May/2018 16:08:59] "GET http://www.baidu.com/cache/global/img/gs.gif HTTP/1.1" 400 59029
Invalid HTTP_HOST header: '59.110.22.80:8000'. You may need to add '59.110.22.80' to ALLOWED_HOSTS.
[24/May/2018 16:51:21] "GET / HTTP/1.1" 400 58566
[24/May/2018 17:48:15] "GET /polls/show/ HTTP/1.1" 200 305
Not Found: /polls/show/background.jpg
[24/May/2018 17:48:15] "GET /polls/show/background.jpg HTTP/1.1" 404 2926
[24/May/2018 17:48:17] "GET /polls/show/ HTTP/1.1" 200 305
Not Found: /polls/show/background.jpg
[24/May/2018 17:48:17] "GET /polls/show/background.jpg HTTP/1.1" 404 2926
Invalid HTTP_HOST header: 'www.baidu.com'. You may need to add 'www.baidu.com' to ALLOWED_HOSTS.
[24/May/2018 18:34:52] "GET http://www.baidu.com/cache/global/img/gs.gif HTTP/1.1" 400 59030
Invalid HTTP_HOST header: '59.110.222.141:8000'. You may need to add '59.110.222.141' to ALLOWED_HOSTS.
[25/May/2018 00:59:26] "GET / HTTP/1.1" 400 58596
Invalid HTTP_HOST header: 'www.qq.com'. You may need to add 'www.qq.com' to ALLOWED_HOSTS.
[25/May/2018 03:44:11] "GET http://www.qq.com/404/search_children.js HTTP/1.1" 400 59141
[25/May/2018 03:44:15] code 400, message Bad request syntax ('\x04\x01\x00PpTi4\x00')
[25/May/2018 03:44:15] " PpTi4 " 400 -
[25/May/2018 03:44:16] code 400, message Bad request syntax ('\x05\x01\x00')
[25/May/2018 03:44:16] " " 400 -
Invalid HTTP_HOST header: 'www.baidu.com'. You may need to add 'www.baidu.com' to ALLOWED_HOSTS.
[25/May/2018 03:52:46] "GET http://www.baidu.com/cache/global/img/gs.gif HTTP/1.1" 400 59030
----------------------------------------
Exception happened during processing of request from ('188.138.125.155', 31997)
Traceback (most recent call last):
  File "/usr/local/lib/python3.6/socketserver.py", line 639, in process_request_thread
    self.finish_request(request, client_address)
  File "/usr/local/lib/python3.6/socketserver.py", line 361, in finish_request
    self.RequestHandlerClass(request, client_address, self)
  File "/usr/local/lib/python3.6/socketserver.py", line 696, in __init__
    self.handle()
  File "/usr/local/lib/python3.6/site-packages/django/core/servers/basehttp.py", line 139, in handle
    self.raw_requestline = self.rfile.readline(65537)
  File "/usr/local/lib/python3.6/socket.py", line 586, in readinto
    return self._sock.recv_into(b)
ConnectionResetError: [Errno 104] Connection reset by peer
----------------------------------------
[25/May/2018 04:57:31] code 400, message Bad request syntax ('\x00\x00\x00TZ\x00\x00\x00\x00\x00\x00\x00\x00\x01\x00\x10\x04\x01.\x05\x00\x00\x00\x00\x81I\x00\x0c)\x83z\x01\x00zf\x00\x8d\x16~\x9dU\x05\x1fi\x00\x00\x00\x00\x00\x00\x00\x00\x00\x00\x00\x00\x00\x00\x00\x00|v\x1eOd')
[25/May/2018 04:57:31] "   TZ         .    I )z zf ~Ui                |vOd" 400 -
[25/May/2018 06:31:23] code 400, message Bad request syntax ('\x00\x00\x00TZ\x00\x00\x00\x00\x00\x00\x00\x00\x01\x00\x00\x04\x010I\x00\x00\x00\x00\x80\x0b\x00\x0c)t F\x07\x00tsXrcsXYs9\x00\x00\x00\x00\x00\x00\x00\x00\x00\x00\x00\x00\x00\x00\x00\x00\x00\x00\x00\x00\x00\x00bbXcsXctst\x00\x00\x00\x00\x00\x00')
[25/May/2018 06:31:23] "   TZ          0I     )t F tsXrcsXYs9                      bbXcsXctst      " 400 -
Invalid HTTP_HOST header: '101.37.45.146:8000'. You may need to add '101.37.45.146' to ALLOWED_HOSTS.
[25/May/2018 08:54:01] "GET / HTTP/1.1" 400 58583
Invalid HTTP_HOST header: 'www.baidu.com'. You may need to add 'www.baidu.com' to ALLOWED_HOSTS.
[25/May/2018 13:10:11] "GET http://www.baidu.com/cache/global/img/gs.gif HTTP/1.1" 400 59030
Not Found: /
[25/May/2018 13:10:50] "GET / HTTP/1.1" 404 2031
[25/May/2018 13:21:56] "GET /polls/show/ HTTP/1.1" 200 305
Not Found: /polls/show/background.jpg
[25/May/2018 13:21:56] "GET /polls/show/background.jpg HTTP/1.1" 404 2926
Not Found: /favicon.ico
[25/May/2018 13:21:56] "GET /favicon.ico HTTP/1.1" 404 2082
Invalid HTTP_HOST header: 'www.baidu.com'. You may need to add 'www.baidu.com' to ALLOWED_HOSTS.
[25/May/2018 14:15:11] "GET http://www.baidu.com/cache/global/img/gs.gif HTTP/1.1" 400 59029
Invalid HTTP_HOST header: 'www.baidu.com'. You may need to add 'www.baidu.com' to ALLOWED_HOSTS.
[25/May/2018 14:15:15] "GET http://www.baidu.com/cache/global/img/gs.gif HTTP/1.1" 400 59029
[25/May/2018 15:06:25] "GET /polls/show/ HTTP/1.1" 200 305
Not Found: /polls/show/background.jpg
[25/May/2018 15:06:26] "GET /polls/show/background.jpg HTTP/1.1" 404 2926
[25/May/2018 15:12:57] "GET /polls/show/ HTTP/1.1" 200 348
Not Found: /polls/show/background.jpg
[25/May/2018 15:12:57] "GET /polls/show/background.jpg HTTP/1.1" 404 2926
[25/May/2018 15:14:04] "GET /polls/show/ HTTP/1.1" 200 349
Not Found: /polls/show/background.jpg
[25/May/2018 15:14:04] "GET /polls/show/background.jpg HTTP/1.1" 404 2926
[25/May/2018 15:14:35] "GET /polls/show/ HTTP/1.1" 200 357
Not Found: /polls/show/background.jpg
[25/May/2018 15:14:35] "GET /polls/show/background.jpg HTTP/1.1" 404 2926
[25/May/2018 15:22:09] "GET /polls/show/ HTTP/1.1" 200 358
Not Found: /polls/show/background.jpg
[25/May/2018 15:22:09] "GET /polls/show/background.jpg HTTP/1.1" 404 2926
[25/May/2018 15:22:50] "GET /polls/show/ HTTP/1.1" 200 358
Not Found: /polls/show/background.jpg
[25/May/2018 15:22:50] "GET /polls/show/background.jpg HTTP/1.1" 404 2926
[25/May/2018 15:23:15] "GET /polls/show/ HTTP/1.1" 200 358
Not Found: /polls/show/background.jpg
[25/May/2018 15:23:15] "GET /polls/show/background.jpg HTTP/1.1" 404 2926
[25/May/2018 15:24:39] "GET /polls/show/ HTTP/1.1" 200 373
Not Found: /polls/show/background.jpg
[25/May/2018 15:24:39] "GET /polls/show/background.jpg HTTP/1.1" 404 2926
[25/May/2018 15:25:41] "GET /polls/show/ HTTP/1.1" 200 389
Not Found: /polls/show/background.jpg
[25/May/2018 15:25:41] "GET /polls/show/background.jpg HTTP/1.1" 404 2926
[25/May/2018 15:27:27] "GET /polls/show/ HTTP/1.1" 200 391
Not Found: /polls/show/background.jpg
[25/May/2018 15:27:28] "GET /polls/show/background.jpg HTTP/1.1" 404 2926
[25/May/2018 15:30:17] "GET /polls/show/ HTTP/1.1" 200 418
Not Found: /polls/show/background.jpg
[25/May/2018 15:30:17] "GET /polls/show/background.jpg HTTP/1.1" 404 2926
[25/May/2018 15:30:18] "GET /polls/show/ HTTP/1.1" 200 418
Not Found: /polls/show/background.jpg
[25/May/2018 15:30:18] "GET /polls/show/background.jpg HTTP/1.1" 404 2926
[25/May/2018 15:30:18] "GET /polls/show/ HTTP/1.1" 200 418
Not Found: /polls/show/background.jpg
[25/May/2018 15:30:18] "GET /polls/show/background.jpg HTTP/1.1" 404 2926
[25/May/2018 15:30:19] "GET /polls/show/ HTTP/1.1" 200 418
Not Found: /polls/show/background.jpg
[25/May/2018 15:30:19] "GET /polls/show/background.jpg HTTP/1.1" 404 2926
[25/May/2018 15:35:03] "GET /polls/show/ HTTP/1.1" 200 135
[25/May/2018 15:43:10] "GET /polls/show/ HTTP/1.1" 200 158
[25/May/2018 15:44:16] "GET /polls/show/ HTTP/1.1" 200 157
[25/May/2018 15:50:20] "GET /polls/show/ HTTP/1.1" 200 132
[25/May/2018 15:55:46] "GET /polls/show/ HTTP/1.1" 200 126
[25/May/2018 15:59:03] "GET /polls/show/ HTTP/1.1" 200 126
[25/May/2018 15:59:12] "GET /polls/show/ HTTP/1.1" 200 140
[25/May/2018 16:00:36] "GET /polls/show/ HTTP/1.1" 200 151
[25/May/2018 16:02:55] "GET /polls/show/ HTTP/1.1" 200 203
[25/May/2018 16:03:09] "GET /polls/show/ HTTP/1.1" 200 203
[25/May/2018 16:04:46] "GET /polls/show/ HTTP/1.1" 200 185
[25/May/2018 16:05:23] "GET /polls/show/ HTTP/1.1" 200 185
[25/May/2018 16:05:24] "GET /polls/show/ HTTP/1.1" 200 185
[25/May/2018 16:05:24] "GET /polls/show/ HTTP/1.1" 200 185
[25/May/2018 16:05:24] "GET /polls/show/ HTTP/1.1" 200 185
[25/May/2018 16:05:25] "GET /polls/show/ HTTP/1.1" 200 185
[25/May/2018 16:05:25] "GET /polls/show/ HTTP/1.1" 200 185
[25/May/2018 16:05:54] "GET /polls/show/ HTTP/1.1" 200 179
[25/May/2018 16:06:28] "GET /polls/show/ HTTP/1.1" 200 179
[25/May/2018 16:06:32] "GET /polls/show/ HTTP/1.1" 200 179
[25/May/2018 16:06:32] "GET /polls/show/ HTTP/1.1" 200 179
[25/May/2018 16:06:33] "GET /polls/show/ HTTP/1.1" 200 179
[25/May/2018 16:06:33] "GET /polls/show/ HTTP/1.1" 200 179
[25/May/2018 16:06:34] "GET /polls/show/ HTTP/1.1" 200 179
[25/May/2018 16:06:34] "GET /polls/show/ HTTP/1.1" 200 179
[25/May/2018 16:06:34] "GET /polls/show/ HTTP/1.1" 200 179
[25/May/2018 16:06:35] "GET /polls/show/ HTTP/1.1" 200 179
[25/May/2018 16:06:46] "GET /polls/show/ HTTP/1.1" 200 179
[25/May/2018 16:07:17] "GET /polls/show/ HTTP/1.1" 200 169
[25/May/2018 16:07:28] "GET /polls/show/ HTTP/1.1" 200 169
[25/May/2018 16:11:12] "GET /polls/show/ HTTP/1.1" 200 183
[25/May/2018 16:11:29] "GET /polls/show/ HTTP/1.1" 200 183
[25/May/2018 16:12:46] "GET /polls/show/ HTTP/1.1" 200 194
[25/May/2018 16:20:54] "GET /polls/show/ HTTP/1.1" 200 237
[25/May/2018 16:30:47] "GET /polls/show/ HTTP/1.1" 200 323
[25/May/2018 16:33:44] "GET /polls/show/ HTTP/1.1" 200 362
[25/May/2018 16:35:16] "GET /polls/show/ HTTP/1.1" 200 362
[25/May/2018 16:35:17] "GET /polls/show/ HTTP/1.1" 200 362
[25/May/2018 16:35:19] "GET /polls/show/ HTTP/1.1" 200 362
[25/May/2018 16:41:58] "GET /polls/show/ HTTP/1.1" 200 368
[25/May/2018 16:42:35] "GET /polls/show/ HTTP/1.1" 200 363
[25/May/2018 16:42:55] "GET /polls/show/ HTTP/1.1" 200 368
[25/May/2018 16:42:56] "GET /polls/show/ HTTP/1.1" 200 368
[25/May/2018 16:42:57] "GET /polls/show/ HTTP/1.1" 200 368
[25/May/2018 16:42:57] "GET /polls/show/ HTTP/1.1" 200 368
[25/May/2018 16:43:06] "GET /polls/show/ HTTP/1.1" 200 362
[25/May/2018 16:45:56] "GET /polls/show/ HTTP/1.1" 200 359
Invalid HTTP_HOST header: '59.110.126.184:8000'. You may need to add '59.110.126.184' to ALLOWED_HOSTS.
[25/May/2018 16:57:00] "GET / HTTP/1.1" 400 58598
[25/May/2018 17:01:43] "GET /polls/show/ HTTP/1.1" 200 392
[25/May/2018 17:04:01] "GET /polls/show/ HTTP/1.1" 200 405
[25/May/2018 17:04:04] "GET /polls/show/ HTTP/1.1" 200 405
[25/May/2018 17:04:04] "GET /polls/show/ HTTP/1.1" 200 405
[25/May/2018 17:04:04] "GET /polls/show/ HTTP/1.1" 200 405
[25/May/2018 17:04:05] "GET /polls/show/ HTTP/1.1" 200 405
[25/May/2018 17:04:05] "GET /polls/show/ HTTP/1.1" 200 405
[25/May/2018 17:04:55] "GET /polls/show/ HTTP/1.1" 200 386
[25/May/2018 17:05:18] "GET /polls/show/ HTTP/1.1" 200 405
[25/May/2018 17:13:53] "GET /polls/show/ HTTP/1.1" 200 446
[25/May/2018 17:14:39] "GET /polls/show/ HTTP/1.1" 200 441
[25/May/2018 17:16:44] "GET /polls/show/ HTTP/1.1" 200 459
[25/May/2018 17:28:34] "GET /polls/show/ HTTP/1.1" 200 468
[25/May/2018 17:29:49] "GET /polls/show/ HTTP/1.1" 200 483
[25/May/2018 17:30:58] "GET /polls/show/ HTTP/1.1" 200 506
[25/May/2018 17:31:00] "GET /polls/show/ HTTP/1.1" 200 506
[25/May/2018 17:31:00] "GET /polls/show/ HTTP/1.1" 200 506
[25/May/2018 17:31:47] "GET /polls/show/ HTTP/1.1" 200 506
[25/May/2018 17:37:01] "GET /polls/show/ HTTP/1.1" 200 513
[25/May/2018 17:37:02] "GET /polls/show/ HTTP/1.1" 200 513
[25/May/2018 17:37:20] "GET /polls/show/ HTTP/1.1" 200 513
[25/May/2018 17:37:49] "GET /polls/show/ HTTP/1.1" 200 511
[25/May/2018 17:40:36] "GET /polls/show/ HTTP/1.1" 200 512
[25/May/2018 17:43:46] "GET /polls/show/ HTTP/1.1" 200 583
[25/May/2018 17:45:29] "GET /polls/show/ HTTP/1.1" 200 591
[25/May/2018 17:54:29] "GET /polls/show/ HTTP/1.1" 200 635
[25/May/2018 17:54:54] "GET /polls/show/ HTTP/1.1" 200 637
[25/May/2018 17:56:02] "GET /polls/show/ HTTP/1.1" 200 650
[25/May/2018 17:56:47] "GET /polls/show/ HTTP/1.1" 200 639
[25/May/2018 17:57:26] "GET /polls/show/ HTTP/1.1" 200 638
[25/May/2018 17:57:27] "GET /polls/show/ HTTP/1.1" 200 638
[25/May/2018 17:57:42] "GET /polls/show/ HTTP/1.1" 200 637
[25/May/2018 18:00:21] "GET /polls/show/ HTTP/1.1" 200 664
[25/May/2018 18:00:37] "GET /polls/show/ HTTP/1.1" 200 664
[25/May/2018 18:01:28] "GET /polls/show/ HTTP/1.1" 200 625
[25/May/2018 18:03:30] "GET /polls/show/ HTTP/1.1" 200 671
[25/May/2018 18:08:53] "GET /polls/show/ HTTP/1.1" 200 671
[25/May/2018 18:36:01] "GET /polls/show/ HTTP/1.1" 200 671
[25/May/2018 18:36:01] "GET /polls/show/ HTTP/1.1" 200 671
[25/May/2018 18:36:01] "GET /polls/show/ HTTP/1.1" 200 671
[25/May/2018 18:36:01] "GET /polls/show/ HTTP/1.1" 200 671
Invalid HTTP_HOST header: 'www.baidu.com'. You may need to add 'www.baidu.com' to ALLOWED_HOSTS.
[25/May/2018 22:33:40] "GET http://www.baidu.com/cache/global/img/gs.gif HTTP/1.1" 400 59030
Invalid HTTP_HOST header: '59.110.247.30:8000'. You may need to add '59.110.247.30' to ALLOWED_HOSTS.
[26/May/2018 00:49:22] "GET / HTTP/1.1" 400 58583
Invalid HTTP_HOST header: 'www.baidu.com'. You may need to add 'www.baidu.com' to ALLOWED_HOSTS.
[26/May/2018 02:42:16] "GET http://www.baidu.com/cache/global/img/gs.gif HTTP/1.1" 400 59032
Invalid HTTP_HOST header: 'www.baidu.com'. You may need to add 'www.baidu.com' to ALLOWED_HOSTS.
[26/May/2018 07:50:35] "GET http://www.baidu.com/cache/global/img/gs.gif HTTP/1.1" 400 59030
Invalid HTTP_HOST header: '59.110.246.198:8000'. You may need to add '59.110.246.198' to ALLOWED_HOSTS.
[26/May/2018 08:46:00] "GET / HTTP/1.1" 400 58597
Invalid HTTP_HOST header: 'www.baidu.com'. You may need to add 'www.baidu.com' to ALLOWED_HOSTS.
[26/May/2018 12:18:12] "GET http://www.baidu.com/cache/global/img/gs.gif HTTP/1.1" 400 59029
Invalid HTTP_HOST header: 'iZuf6640ra8ceyqgctyqibZ:8000'. You may need to add 'izuf6640ra8ceyqgctyqibz' to ALLOWED_HOSTS.
[26/May/2018 14:25:40] "GET / HTTP/1.0" 400 58325
[26/May/2018 14:25:42] code 400, message Bad HTTP/0.9 request type ('l\x00')
[26/May/2018 14:25:42] "l          " 400 -
[2018-05-26 14:25:42,639] - Broken pipe from ('172.104.241.184', 42338)

Invalid HTTP_HOST header: 'iZuf6640ra8ceyqgctyqibZ:8000'. You may need to add 'izuf6640ra8ceyqgctyqibz' to ALLOWED_HOSTS.
[26/May/2018 14:25:43] "GET /nice%20ports%2C/Tri%6Eity.txt%2ebak HTTP/1.0" 400 58634
[26/May/2018 14:25:43] code 400, message Bad request syntax ('\x05\x04\x00\x01\x02\x80\x05\x01\x00\x03')
[26/May/2018 14:25:43] "  " 400 -
[26/May/2018 14:25:45] code 400, message Bad request syntax ('\x04\x01\x00\x16\x7f\x00\x00\x01root\x00')
[26/May/2018 14:25:45] "   root " 400 -
[2018-05-26 14:25:45,876] - Broken pipe from ('172.104.241.184', 43032)

[26/May/2018 14:25:46] code 400, message Bad request syntax ('\\#ST')
[26/May/2018 14:25:46] "\#ST" 400 -
[26/May/2018 14:25:48] code 400, message Bad HTTP/0.9 request type ('\x00')
[26/May/2018 14:25:48] " n    be  " 400 -
[26/May/2018 14:25:49] code 400, message Bad request syntax ('\x00\x00\x07\x00\x08\x00\x03\x00\x04\x00\x05\x00\x06')
[26/May/2018 14:25:49] "       " 400 -
[2018-05-26 14:25:49,826] - Broken pipe from ('172.104.241.184', 44050)

Invalid HTTP_HOST header: 'iZuf6640ra8ceyqgctyqibZ:8000'. You may need to add 'izuf6640ra8ceyqgctyqibz' to ALLOWED_HOSTS.
[26/May/2018 14:25:50] "OPTIONS / HTTP/1.0" 400 58353
[26/May/2018 14:25:50] code 400, message Bad request version ('RTSP/1.0')
[26/May/2018 14:25:50] "OPTIONS / RTSP/1.0" 400 -
[26/May/2018 14:25:52] code 400, message Bad request version ('\x00\x01\x97|\x00\x00\x00\x00\x00\x00\x00\x00\x00\x00\x00\x00\x00\x00\x00\x00\x00\x00\x00\x00')
[26/May/2018 14:25:52] "  (r         |                    " 400 -
[26/May/2018 14:25:54] code 400, message Bad HTTP/0.9 request type ('\x00')
[26/May/2018 14:25:54] "          versionbind   " 400 -
[2018-05-26 14:25:54,644] - Broken pipe from ('172.104.241.184', 45450)

[26/May/2018 14:25:56] code 400, message Bad HTTP/0.9 request type ('\x00')
[26/May/2018 14:25:56] "            " 400 -
[2018-05-26 14:25:56,461] - Broken pipe from ('172.104.241.184', 45890)

[26/May/2018 14:25:56] code 400, message Bad request syntax ('HELP')
[26/May/2018 14:25:56] "HELP" 400 -
[26/May/2018 14:25:57] code 400, message Bad request syntax ('\x16\x03\x00\x00S\x01\x00\x00O\x03\x00?G,`~\x00\x82{\x96w\x9b<=o\x10n\x00\x00(\x00\x16\x00\x13\x00')
[26/May/2018 14:25:57] You're accessing the development server over HTTPS, but it only supports HTTP.

[26/May/2018 14:25:57] code 400, message Bad request version ('\x00/\x00')
[26/May/2018 14:25:57] You're accessing the development server over HTTPS, but it only supports HTTP.

[26/May/2018 14:25:58] code 400, message Bad request syntax ('\x00\x00\x00qj\x81n0\x81k\x03\x02\x01\x05\x03\x02\x01')
[26/May/2018 14:25:58] "   qjn0k" 400 -
[26/May/2018 14:26:00] code 400, message Bad request syntax ('\x00\x00\x00SMBr\x00\x00\x00\x00\x08\x01@\x00\x00\x00\x00\x00\x00\x00\x00\x00\x00\x00\x00\x00\x00@\x06\x00\x00\x01\x00\x00\x81\x00\x02PC NETWORK PROGRAM 1.0\x00\x02MICROSOFT NETWORKS 1.03\x00\x02MICROSOFT NETWORKS 3.0\x00\x02LANMAN1.0\x00\x02LM1.2X002\x00\x02Samba\x00\x02NT LANMAN 1.0\x00\x02NT LM 0.12\x00')
[26/May/2018 14:26:00] "   SMBr    @              @     PC NETWORK PROGRAM 1.0 MICROSOFT NETWORKS 1.03 MICROSOFT NETWORKS 3.0 LANMAN1.0 LM1.2X002 Samba NT LANMAN 1.0 NT LM 0.12 " 400 -
[2018-05-26 14:26:00,451] - Broken pipe from ('172.104.241.184', 47032)

[26/May/2018 14:26:00] code 400, message Bad request syntax ('\x01default')
[26/May/2018 14:26:00] "default" 400 -
[26/May/2018 14:26:01] code 400, message Bad request syntax ('0\x84\x00\x00\x00-\x02\x01\x07c\x84\x00\x00\x00$\x04\x00')
[26/May/2018 14:26:01] "0   -c   $ " 400 -
[26/May/2018 14:26:03] code 400, message Bad HTTP/0.9 request type ('0')
[26/May/2018 14:26:03] "0`  " 400 -
[2018-05-26 14:26:03,240] - Broken pipe from ('172.104.241.184', 47996)

[26/May/2018 14:26:03] code 400, message Bad request version ('SIP/2.0')
[26/May/2018 14:26:03] "OPTIONS sip:nm SIP/2.0" 400 -
[26/May/2018 14:26:05] code 400, message Bad request syntax ('TNMP\x04\x00\x00\x00TNME\x00\x00\x04\x00')
[26/May/2018 14:26:05] "TNMP   TNME   " 400 -
[2018-05-26 14:26:05,404] - Broken pipe from ('172.104.241.184', 48774)

[26/May/2018 14:26:07] code 400, message Bad HTTP/0.9 request type ('\x03\x00\x00')
[26/May/2018 14:26:07] "       " 400 -
[2018-05-26 14:26:07,135] - Broken pipe from ('172.104.241.184', 49306)

[26/May/2018 14:26:08] code 400, message Bad request syntax ('DmdT\x00\x00\x00\x17\x00\x00\x00\x01\x00\x00\x00\x00\x11\x11\x00\x01\x13')
[26/May/2018 14:26:08] "DmdT           " 400 -
[2018-05-26 14:26:08,988] - Broken pipe from ('172.104.241.184', 49782)

[26/May/2018 14:26:10] code 400, message Bad HTTP/0.9 request type (':\x00\x00\x00/\x00\x00\x00\x02\x00\x00@\x02\x0f\x00\x01\x00=\x05\x00\x00\x00\x00\x00\x00\x00\x00\x00\x00\x00\x00/\x00\x00\x00\x00\x00\x00\x00\x00\x00@')
[26/May/2018 14:26:10] ":   /     @  =            /         @                 " 400 -
[2018-05-26 14:26:10,641] - Broken pipe from ('172.104.241.184', 50232)

[26/May/2018 14:26:12] code 400, message Bad request syntax ('JRMI\x00\x02K')
[26/May/2018 14:26:12] "JRMI K" 400 -
[2018-05-26 14:26:12,497] - Broken pipe from ('172.104.241.184', 50614)

[26/May/2018 14:26:14] code 400, message Bad request syntax ('\x01\x00\x00\x0b\xa0\x00\x00\x00MMS\x14\x00\x00\x00\x00\x00\x00\x00\x00\x00\x00\x00\x00\x00\x00\x00\x12\x00\x00\x00\x01\x00\x03\x00\x0b\x00\x04\x00\x1c\x00\x03\x00N\x00S\x00P\x00l\x00a\x00y\x00e\x00r\x00/\x009\x00.\x00\x00.\x00\x00.\x02\x009\x008\x00\x00;\x00 \x00{\x00\x00\x00\x00\x00A\x00A\x00\x00\x00-\x00\x00A\x00\x00\x00-\x00\x00\x00a\x00\x00-\x00A\x00A\x00\x00A\x00-\x00\x00\x00\x00\x00A\x00\x00A\x00A\x00\x00A\x00A\x00\x00}\x00\x00\x00m_')
[26/May/2018 14:26:14] "     MMS                        N S P l a y e r / 9 .  .  . 9 8  ;   {     A A   -  A   -   a  - A A  A -     A  A A  A A  }   m_" 400 -
[2018-05-26 14:26:14,144] - Broken pipe from ('172.104.241.184', 50980)

[26/May/2018 14:26:16] code 400, message Bad HTTP/0.9 request type ('\x00Z\x00\x00\x01\x00\x00\x00\x016\x01,\x00\x00\x08\x00\x7f\x7f\x08\x00\x00\x00\x01\x00')
[26/May/2018 14:26:16] " Z     6,         :                          (CONNECT_DATA=(COMMAND=version))" 400 -
[2018-05-26 14:26:16,063] - Broken pipe from ('172.104.241.184', 51280)

[26/May/2018 14:26:17] code 400, message Bad request version ('\x03\x00(\x00\x04\x08\x00\x01U\x00\x00\x00MSSQLServer\x00H\x0f\x00\x00')
[26/May/2018 14:26:17] " 4            (  U   MSSQLServer H  " 400 -
[26/May/2018 14:26:19] code 400, message Bad request syntax ('\x00\x03\x00\x01\x00\x00\x00\x00\x00\x00\x00\x02\x00\x00\x00\x00\x0f\x00')
[26/May/2018 14:26:19] "              " 400 -
[2018-05-26 14:26:19,565] - Broken pipe from ('172.104.241.184', 51842)

[26/May/2018 14:26:21] code 400, message Bad request syntax ('GIOP\x01\x00\x01\x00$\x00\x00\x00\x00\x00\x00\x00\x01\x00\x00\x00\x01\x00\x00\x00\x06\x00\x00\x00abcdef\x00\x00\x04\x00\x00\x00get\x00\x00\x00\x00\x00')
[26/May/2018 14:26:21] "GIOP  $                abcdef     get     " 400 -
[2018-05-26 14:26:21,198] - Broken pipe from ('172.104.241.184', 52096)

----------------------------------------
Exception happened during processing of request from ('172.104.241.184', 52306)
Traceback (most recent call last):
  File "/usr/local/lib/python3.6/socketserver.py", line 639, in process_request_thread
    self.finish_request(request, client_address)
  File "/usr/local/lib/python3.6/socketserver.py", line 361, in finish_request
    self.RequestHandlerClass(request, client_address, self)
  File "/usr/local/lib/python3.6/socketserver.py", line 696, in __init__
    self.handle()
  File "/usr/local/lib/python3.6/site-packages/django/core/servers/basehttp.py", line 139, in handle
    self.raw_requestline = self.rfile.readline(65537)
  File "/usr/local/lib/python3.6/socket.py", line 586, in readinto
    return self._sock.recv_into(b)
ConnectionResetError: [Errno 104] Connection reset by peer
----------------------------------------
Invalid HTTP_HOST header: '59.110.140.119:8000'. You may need to add '59.110.140.119' to ALLOWED_HOSTS.
[26/May/2018 16:53:38] "GET / HTTP/1.1" 400 58593
Invalid HTTP_HOST header: 'www.baidu.com'. You may need to add 'www.baidu.com' to ALLOWED_HOSTS.
[26/May/2018 17:13:35] "GET http://www.baidu.com/cache/global/img/gs.gif HTTP/1.1" 400 59030
[26/May/2018 19:13:45] "GET /polls HTTP/1.1" 301 0
[26/May/2018 19:13:45] "GET /polls/ HTTP/1.1" 200 144
Not Found: /favicon.ico
[26/May/2018 19:13:46] "GET /favicon.ico HTTP/1.1" 404 2082
[26/May/2018 19:13:50] "GET /polls/show HTTP/1.1" 301 0
[26/May/2018 19:13:50] "GET /polls/show/ HTTP/1.1" 200 671
[26/May/2018 19:37:52] "GET /polls/show/ HTTP/1.1" 200 730
[26/May/2018 19:54:59] "GET /polls/show/ HTTP/1.1" 200 772
[26/May/2018 20:05:53] "GET /polls/show/ HTTP/1.1" 200 828
[26/May/2018 20:05:54] "GET /polls/show/ HTTP/1.1" 200 828
[26/May/2018 20:05:55] "GET /polls/show/ HTTP/1.1" 200 828
[26/May/2018 20:06:49] "GET /polls/show/ HTTP/1.1" 200 851
[26/May/2018 20:07:10] "GET /polls/show/ HTTP/1.1" 200 857
[26/May/2018 20:08:12] "GET /polls/show/ HTTP/1.1" 200 862
[26/May/2018 20:08:13] "GET /polls/show/ HTTP/1.1" 200 862
[26/May/2018 20:08:13] "GET /polls/show/ HTTP/1.1" 200 862
[26/May/2018 20:08:14] "GET /polls/show/ HTTP/1.1" 200 862
[26/May/2018 20:08:56] "GET /polls/show/ HTTP/1.1" 200 862
[26/May/2018 20:10:15] "GET /polls/show/ HTTP/1.1" 200 889
[26/May/2018 20:10:16] "GET /polls/show/ HTTP/1.1" 200 889
[26/May/2018 20:10:16] "GET /polls/show/ HTTP/1.1" 200 889
[26/May/2018 20:12:26] "GET /polls/show/ HTTP/1.1" 200 945
[26/May/2018 20:15:59] "GET /polls/show/ HTTP/1.1" 200 1056
[26/May/2018 21:19:28] "GET /polls/ HTTP/1.1" 200 144
[26/May/2018 21:19:28] "GET /admin/login/?next=/admin/ HTTP/1.1" 200 1856
Not Found: /favicon.ico
[26/May/2018 21:19:28] "GET /favicon.ico HTTP/1.1" 404 2082
Not Found: /favicon.ico
[26/May/2018 21:19:28] "GET /favicon.ico HTTP/1.1" 404 2082
Invalid HTTP_HOST header: '59.110.92.77:8000'. You may need to add '59.110.92.77' to ALLOWED_HOSTS.
[27/May/2018 00:44:49] "GET / HTTP/1.1" 400 58567
Not Found: /
[27/May/2018 01:44:59] "GET / HTTP/1.1" 404 2031
Invalid HTTP_HOST header: 'www.baidu.com'. You may need to add 'www.baidu.com' to ALLOWED_HOSTS.
[27/May/2018 02:38:06] "GET http://www.baidu.com/cache/global/img/gs.gif HTTP/1.1" 400 59030
Not Found: /
[27/May/2018 04:20:09] "GET / HTTP/1.1" 404 2031
Invalid HTTP_HOST header: 'www.baidu.com'. You may need to add 'www.baidu.com' to ALLOWED_HOSTS.
[27/May/2018 10:05:18] "GET http://www.baidu.com/cache/global/img/gs.gif HTTP/1.1" 400 59029
[27/May/2018 10:12:12] "GET /polls/show/ HTTP/1.1" 200 1093
Not Found: /favicon.ico
[27/May/2018 10:12:12] "GET /favicon.ico HTTP/1.1" 404 2082
[27/May/2018 10:13:18] "GET /polls/show/ HTTP/1.1" 200 1125
[27/May/2018 10:13:19] "GET /polls/show/ HTTP/1.1" 200 1125
[27/May/2018 10:14:46] "GET /polls/show/ HTTP/1.1" 200 1127
[27/May/2018 10:14:46] "GET /polls/show/ HTTP/1.1" 200 1127
[27/May/2018 10:14:47] "GET /polls/show/ HTTP/1.1" 200 1127
[27/May/2018 10:14:48] "GET /polls/show/ HTTP/1.1" 200 1127
[27/May/2018 10:14:48] "GET /polls/show/ HTTP/1.1" 200 1127
[27/May/2018 10:14:48] "GET /polls/show/ HTTP/1.1" 200 1127
[27/May/2018 10:14:48] "GET /polls/show/ HTTP/1.1" 200 1127
[27/May/2018 10:14:49] "GET /polls/show/ HTTP/1.1" 200 1127
[27/May/2018 10:14:49] "GET /polls/show/ HTTP/1.1" 200 1127
[27/May/2018 10:14:49] "GET /polls/show/ HTTP/1.1" 200 1127
[27/May/2018 10:14:49] "GET /polls/show/ HTTP/1.1" 200 1127
[27/May/2018 10:14:49] "GET /polls/show/ HTTP/1.1" 200 1127
[27/May/2018 10:14:50] "GET /polls/show/ HTTP/1.1" 200 1127
[27/May/2018 10:14:50] "GET /polls/show/ HTTP/1.1" 200 1127
[27/May/2018 10:14:50] "GET /polls/show/ HTTP/1.1" 200 1127
[27/May/2018 10:14:50] "GET /polls/show/ HTTP/1.1" 200 1127
[27/May/2018 10:14:50] "GET /polls/show/ HTTP/1.1" 200 1127
[27/May/2018 10:17:09] "GET /polls/show/ HTTP/1.1" 200 1129
[27/May/2018 10:17:09] "GET /polls/show/ HTTP/1.1" 200 1129
[27/May/2018 10:17:10] "GET /polls/show/ HTTP/1.1" 200 1129
[27/May/2018 10:17:11] "GET /polls/show/ HTTP/1.1" 200 1129
[27/May/2018 10:20:47] "GET /polls/show/ HTTP/1.1" 200 1136
[27/May/2018 10:21:15] "GET /polls/show/ HTTP/1.1" 200 1142
[27/May/2018 10:21:16] "GET /polls/show/ HTTP/1.1" 200 1142
[27/May/2018 10:21:16] "GET /polls/show/ HTTP/1.1" 200 1142
[27/May/2018 10:21:17] "GET /polls/show/ HTTP/1.1" 200 1142
[27/May/2018 10:21:17] "GET /polls/show/ HTTP/1.1" 200 1142
[27/May/2018 10:21:17] "GET /polls/show/ HTTP/1.1" 200 1142
[27/May/2018 10:21:17] "GET /polls/show/ HTTP/1.1" 200 1142
[27/May/2018 10:21:18] "GET /polls/show/ HTTP/1.1" 200 1142
[27/May/2018 10:21:18] "GET /polls/show/ HTTP/1.1" 200 1142
[27/May/2018 10:21:19] "GET /polls/show/ HTTP/1.1" 200 1142
[27/May/2018 10:23:55] "GET /polls/show/ HTTP/1.1" 200 1189
[27/May/2018 10:29:12] "GET /polls/show/ HTTP/1.1" 200 1232
[27/May/2018 10:29:13] "GET /polls/show/ HTTP/1.1" 200 1232
[27/May/2018 10:29:13] "GET /polls/show/ HTTP/1.1" 200 1232
[27/May/2018 10:29:13] "GET /polls/show/ HTTP/1.1" 200 1232
[27/May/2018 10:29:13] "GET /polls/show/ HTTP/1.1" 200 1232
[27/May/2018 10:29:13] "GET /polls/show/ HTTP/1.1" 200 1232
[27/May/2018 10:29:14] "GET /polls/show/ HTTP/1.1" 200 1232
[27/May/2018 10:29:14] "GET /polls/show/ HTTP/1.1" 200 1232
[27/May/2018 10:29:14] "GET /polls/show/ HTTP/1.1" 200 1232
[27/May/2018 10:29:14] "GET /polls/show/ HTTP/1.1" 200 1232
[27/May/2018 10:31:08] "GET /polls/show/ HTTP/1.1" 200 1260
[27/May/2018 10:31:09] "GET /polls/show/ HTTP/1.1" 200 1260
[27/May/2018 10:31:09] "GET /polls/show/ HTTP/1.1" 200 1260
[27/May/2018 10:31:10] "GET /polls/show/ HTTP/1.1" 200 1260
[27/May/2018 10:31:10] "GET /polls/show/ HTTP/1.1" 200 1260
[27/May/2018 10:31:35] "GET /polls/show/ HTTP/1.1" 200 1262
[27/May/2018 10:31:36] "GET /polls/show/ HTTP/1.1" 200 1262
[27/May/2018 10:31:36] "GET /polls/show/ HTTP/1.1" 200 1262
[27/May/2018 10:31:36] "GET /polls/show/ HTTP/1.1" 200 1262
[27/May/2018 10:31:36] "GET /polls/show/ HTTP/1.1" 200 1262
[27/May/2018 10:31:36] "GET /polls/show/ HTTP/1.1" 200 1262
[27/May/2018 10:31:36] "GET /polls/show/ HTTP/1.1" 200 1262
[27/May/2018 10:31:37] "GET /polls/show/ HTTP/1.1" 200 1262
[27/May/2018 10:31:37] "GET /polls/show/ HTTP/1.1" 200 1262
[27/May/2018 10:31:37] "GET /polls/show/ HTTP/1.1" 200 1262
[27/May/2018 10:31:37] "GET /polls/show/ HTTP/1.1" 200 1262
[27/May/2018 10:31:37] "GET /polls/show/ HTTP/1.1" 200 1262
[27/May/2018 10:31:38] "GET /polls/show/ HTTP/1.1" 200 1262
[27/May/2018 10:31:38] "GET /polls/show/ HTTP/1.1" 200 1262
[27/May/2018 10:31:38] "GET /polls/show/ HTTP/1.1" 200 1262
[27/May/2018 10:31:38] "GET /polls/show/ HTTP/1.1" 200 1262
[27/May/2018 10:32:34] "GET /polls/show/ HTTP/1.1" 200 1262
[27/May/2018 10:32:35] "GET /polls/show/ HTTP/1.1" 200 1262
[27/May/2018 10:32:36] "GET /polls/show/ HTTP/1.1" 200 1262
[27/May/2018 10:32:36] "GET /polls/show/ HTTP/1.1" 200 1262
[27/May/2018 10:32:36] "GET /polls/show/ HTTP/1.1" 200 1262
[27/May/2018 10:32:36] "GET /polls/show/ HTTP/1.1" 200 1262
[27/May/2018 10:32:36] "GET /polls/show/ HTTP/1.1" 200 1262
[27/May/2018 10:32:37] "GET /polls/show/ HTTP/1.1" 200 1262
[27/May/2018 10:32:37] "GET /polls/show/ HTTP/1.1" 200 1262
[27/May/2018 10:32:37] "GET /polls/show/ HTTP/1.1" 200 1262
[27/May/2018 10:32:37] "GET /polls/show/ HTTP/1.1" 200 1262
[27/May/2018 10:32:37] "GET /polls/show/ HTTP/1.1" 200 1262
[27/May/2018 10:32:38] "GET /polls/show/ HTTP/1.1" 200 1262
[27/May/2018 10:32:38] "GET /polls/show/ HTTP/1.1" 200 1262
[27/May/2018 10:32:38] "GET /polls/show/ HTTP/1.1" 200 1262
[27/May/2018 10:32:38] "GET /polls/show/ HTTP/1.1" 200 1262
[27/May/2018 10:32:38] "GET /polls/show/ HTTP/1.1" 200 1262
[27/May/2018 10:32:39] "GET /polls/show/ HTTP/1.1" 200 1262
[27/May/2018 10:32:39] "GET /polls/show/ HTTP/1.1" 200 1262
[27/May/2018 10:36:13] code 400, message Bad request syntax ('\x00\x00\x00TZ\x00\x00\x00\x00\x00\x00\x00\x00\x01\x00\x00\x04\x010I\x00\x00\x00\x00\x80\x0b\x00\x0c)t F\x07\x00tsXrcsXYs9\x00\x00\x00\x00\x00\x00\x00\x00\x00\x00\x00\x00\x00\x00\x00\x00\x00\x00\x00\x00\x00\x00bbXcsXctst\x00\x00\x00\x00\x00\x00')
[27/May/2018 10:36:13] "   TZ          0I     )t F tsXrcsXYs9                      bbXcsXctst      " 400 -
[27/May/2018 10:43:09] "GET /polls/show/ HTTP/1.1" 200 1262
[27/May/2018 10:43:09] "GET /polls/show/ HTTP/1.1" 200 1262
[27/May/2018 10:43:09] "GET /polls/show/ HTTP/1.1" 200 1262
[27/May/2018 10:43:10] "GET /polls/show/ HTTP/1.1" 200 1262
[27/May/2018 10:43:10] "GET /polls/show/ HTTP/1.1" 200 1262
[27/May/2018 10:43:57] "GET /polls/show/ HTTP/1.1" 200 1310
Not Found: /polls/show/back.jpg
[27/May/2018 10:43:57] "GET /polls/show/back.jpg HTTP/1.1" 404 2908
[27/May/2018 10:43:57] "GET /polls/show/ HTTP/1.1" 200 1310
Not Found: /polls/show/back.jpg
[27/May/2018 10:43:57] "GET /polls/show/back.jpg HTTP/1.1" 404 2908
[27/May/2018 10:43:58] "GET /polls/show/ HTTP/1.1" 200 1310
Not Found: /polls/show/back.jpg
[27/May/2018 10:43:58] "GET /polls/show/back.jpg HTTP/1.1" 404 2908
[27/May/2018 10:43:58] "GET /polls/show/ HTTP/1.1" 200 1310
Not Found: /polls/show/back.jpg
[27/May/2018 10:43:58] "GET /polls/show/back.jpg HTTP/1.1" 404 2908
[27/May/2018 10:43:58] "GET /polls/show/ HTTP/1.1" 200 1310
Not Found: /polls/show/back.jpg
[27/May/2018 10:43:58] "GET /polls/show/back.jpg HTTP/1.1" 404 2908
[27/May/2018 10:43:58] "GET /polls/show/ HTTP/1.1" 200 1310
Not Found: /polls/show/back.jpg
[27/May/2018 10:43:58] "GET /polls/show/back.jpg HTTP/1.1" 404 2908
[27/May/2018 10:43:59] "GET /polls/show/ HTTP/1.1" 200 1310
Not Found: /polls/show/back.jpg
[27/May/2018 10:43:59] "GET /polls/show/back.jpg HTTP/1.1" 404 2908
[27/May/2018 10:43:59] "GET /polls/show/ HTTP/1.1" 200 1310
Not Found: /polls/show/back.jpg
[27/May/2018 10:43:59] "GET /polls/show/back.jpg HTTP/1.1" 404 2908
[27/May/2018 10:43:59] "GET /polls/show/ HTTP/1.1" 200 1310
Not Found: /polls/show/back.jpg
[27/May/2018 10:43:59] "GET /polls/show/back.jpg HTTP/1.1" 404 2908
[27/May/2018 10:45:54] "GET /polls/show/ HTTP/1.1" 200 1310
Not Found: /polls/show/back.jpg
[27/May/2018 10:45:54] "GET /polls/show/back.jpg HTTP/1.1" 404 2908
[27/May/2018 10:45:54] "GET /polls/show/ HTTP/1.1" 200 1310
Not Found: /polls/show/back.jpg
[27/May/2018 10:45:54] "GET /polls/show/back.jpg HTTP/1.1" 404 2908
[27/May/2018 10:45:54] "GET /polls/show/ HTTP/1.1" 200 1310
Not Found: /polls/show/back.jpg
[27/May/2018 10:45:54] "GET /polls/show/back.jpg HTTP/1.1" 404 2908
[27/May/2018 10:45:55] "GET /polls/show/ HTTP/1.1" 200 1310
Not Found: /polls/show/back.jpg
[27/May/2018 10:45:55] "GET /polls/show/back.jpg HTTP/1.1" 404 2908
[27/May/2018 10:45:55] "GET /polls/show/ HTTP/1.1" 200 1310
Not Found: /polls/show/back.jpg
[27/May/2018 10:45:55] "GET /polls/show/back.jpg HTTP/1.1" 404 2908
[27/May/2018 10:45:55] "GET /polls/show/ HTTP/1.1" 200 1310
Not Found: /polls/show/back.jpg
[27/May/2018 10:45:55] "GET /polls/show/back.jpg HTTP/1.1" 404 2908
[27/May/2018 11:14:04] "GET /polls/show/ HTTP/1.1" 200 1361
Not Found: /polls/show/back.jpg
[27/May/2018 11:14:04] "GET /polls/show/back.jpg HTTP/1.1" 404 2908
[27/May/2018 11:14:57] "GET /polls/show/ HTTP/1.1" 200 1377
Not Found: /polls/show/back.jpg
[27/May/2018 11:14:57] "GET /polls/show/back.jpg HTTP/1.1" 404 2908
[27/May/2018 11:14:58] "GET /polls/show/ HTTP/1.1" 200 1377
Not Found: /polls/show/back.jpg
[27/May/2018 11:14:58] "GET /polls/show/back.jpg HTTP/1.1" 404 2908
[27/May/2018 11:16:11] "GET /polls/show/ HTTP/1.1" 200 1438
Not Found: /polls/show/back.jpg
[27/May/2018 11:16:11] "GET /polls/show/back.jpg HTTP/1.1" 404 2908
[27/May/2018 11:16:12] "GET /polls/show/ HTTP/1.1" 200 1438
Not Found: /polls/show/back.jpg
[27/May/2018 11:16:12] "GET /polls/show/back.jpg HTTP/1.1" 404 2908
[27/May/2018 11:16:12] "GET /polls/show/ HTTP/1.1" 200 1438
Not Found: /polls/show/back.jpg
[27/May/2018 11:16:12] "GET /polls/show/back.jpg HTTP/1.1" 404 2908
[27/May/2018 11:16:12] "GET /polls/show/ HTTP/1.1" 200 1438
Not Found: /polls/show/back.jpg
[27/May/2018 11:16:12] "GET /polls/show/back.jpg HTTP/1.1" 404 2908
[27/May/2018 11:16:13] "GET /polls/show/ HTTP/1.1" 200 1438
Not Found: /polls/show/back.jpg
[27/May/2018 11:16:13] "GET /polls/show/back.jpg HTTP/1.1" 404 2908
[27/May/2018 11:16:13] "GET /polls/show/ HTTP/1.1" 200 1438
Not Found: /polls/show/back.jpg
[27/May/2018 11:16:13] "GET /polls/show/back.jpg HTTP/1.1" 404 2908
[27/May/2018 11:16:13] "GET /polls/show/ HTTP/1.1" 200 1438
Not Found: /polls/show/back.jpg
[27/May/2018 11:16:13] "GET /polls/show/back.jpg HTTP/1.1" 404 2908
[27/May/2018 11:16:13] "GET /polls/show/ HTTP/1.1" 200 1438
Not Found: /polls/show/back.jpg
[27/May/2018 11:16:13] "GET /polls/show/back.jpg HTTP/1.1" 404 2908
[27/May/2018 11:16:13] "GET /polls/show/ HTTP/1.1" 200 1438
Not Found: /polls/show/back.jpg
[27/May/2018 11:16:13] "GET /polls/show/back.jpg HTTP/1.1" 404 2908
[27/May/2018 11:16:14] "GET /polls/show/ HTTP/1.1" 200 1438
Not Found: /polls/show/back.jpg
[27/May/2018 11:16:14] "GET /polls/show/back.jpg HTTP/1.1" 404 2908
[27/May/2018 11:17:18] "GET /polls/show/ HTTP/1.1" 200 1441
Not Found: /polls/show/back.jpg
[27/May/2018 11:17:18] "GET /polls/show/back.jpg HTTP/1.1" 404 2908
[27/May/2018 11:20:58] "GET /polls/show/ HTTP/1.1" 200 1489
Not Found: /polls/show/back.jpg
[27/May/2018 11:20:58] "GET /polls/show/back.jpg HTTP/1.1" 404 2908
[27/May/2018 11:22:44] "GET /polls/show/ HTTP/1.1" 200 1513
Not Found: /polls/show/back.jpg
[27/May/2018 11:22:44] "GET /polls/show/back.jpg HTTP/1.1" 404 2908
[27/May/2018 11:23:52] "GET /polls/show/ HTTP/1.1" 200 1513
Not Found: /polls/show/back.jpg
[27/May/2018 11:23:52] "GET /polls/show/back.jpg HTTP/1.1" 404 2908
[27/May/2018 11:24:01] "GET /polls/show/ HTTP/1.1" 200 1513
Not Found: /polls/show/back.jpg
[27/May/2018 11:24:01] "GET /polls/show/back.jpg HTTP/1.1" 404 2908
[27/May/2018 11:28:50] "GET /polls/show/ HTTP/1.1" 200 1580
[27/May/2018 11:28:53] "GET /polls/show/ HTTP/1.1" 200 1580
[27/May/2018 11:28:53] "GET /polls/show/ HTTP/1.1" 200 1580
[27/May/2018 11:28:54] "GET /polls/show/ HTTP/1.1" 200 1580
[27/May/2018 11:28:54] "GET /polls/show/ HTTP/1.1" 200 1580
[27/May/2018 11:28:54] "GET /polls/show/ HTTP/1.1" 200 1580
[27/May/2018 11:28:54] "GET /polls/show/ HTTP/1.1" 200 1580
[27/May/2018 11:28:54] "GET /polls/show/ HTTP/1.1" 200 1580
[27/May/2018 11:28:55] "GET /polls/show/ HTTP/1.1" 200 1580
[27/May/2018 11:28:55] "GET /polls/show/ HTTP/1.1" 200 1580
[27/May/2018 11:28:55] "GET /polls/show/ HTTP/1.1" 200 1580
[27/May/2018 11:28:55] "GET /polls/show/ HTTP/1.1" 200 1580
[27/May/2018 11:28:55] "GET /polls/show/ HTTP/1.1" 200 1580
[27/May/2018 11:28:56] "GET /polls/show/ HTTP/1.1" 200 1580
[27/May/2018 11:28:56] "GET /polls/show/ HTTP/1.1" 200 1580
[27/May/2018 11:28:56] "GET /polls/show/ HTTP/1.1" 200 1580
[27/May/2018 11:28:56] "GET /polls/show/ HTTP/1.1" 200 1580
[27/May/2018 11:28:56] "GET /polls/show/ HTTP/1.1" 200 1580
[27/May/2018 11:28:57] "GET /polls/show/ HTTP/1.1" 200 1580
[27/May/2018 11:28:57] "GET /polls/show/ HTTP/1.1" 200 1580
[27/May/2018 11:29:32] "GET /polls/show/ HTTP/1.1" 200 1575
[27/May/2018 11:29:32] "GET /polls/show/ HTTP/1.1" 200 1575
[27/May/2018 11:29:32] "GET /polls/show/ HTTP/1.1" 200 1575
[27/May/2018 11:29:33] "GET /polls/show/ HTTP/1.1" 200 1575
[27/May/2018 11:30:19] "GET /polls/show/ HTTP/1.1" 200 1555
Not Found: /root/Django/khalid/polls/templates/polls/back.jpg
[27/May/2018 11:30:19] "GET /root/Django/khalid/polls/templates/polls/back.jpg HTTP/1.1" 404 2196
[27/May/2018 11:30:20] "GET /polls/show/ HTTP/1.1" 200 1555
Not Found: /root/Django/khalid/polls/templates/polls/back.jpg
[27/May/2018 11:30:20] "GET /root/Django/khalid/polls/templates/polls/back.jpg HTTP/1.1" 404 2196
[27/May/2018 11:30:20] "GET /polls/show/ HTTP/1.1" 200 1555
Not Found: /root/Django/khalid/polls/templates/polls/back.jpg
[27/May/2018 11:30:20] "GET /root/Django/khalid/polls/templates/polls/back.jpg HTTP/1.1" 404 2196
[27/May/2018 11:30:27] "GET /polls/show/ HTTP/1.1" 200 1555
Not Found: /root/Django/khalid/polls/templates/polls/back.jpg
[27/May/2018 11:30:27] "GET /root/Django/khalid/polls/templates/polls/back.jpg HTTP/1.1" 404 2196
[27/May/2018 11:30:27] "GET /polls/show/ HTTP/1.1" 200 1555
Not Found: /root/Django/khalid/polls/templates/polls/back.jpg
[27/May/2018 11:30:27] "GET /root/Django/khalid/polls/templates/polls/back.jpg HTTP/1.1" 404 2196
[27/May/2018 11:30:27] "GET /polls/show/ HTTP/1.1" 200 1555
Not Found: /root/Django/khalid/polls/templates/polls/back.jpg
[27/May/2018 11:30:27] "GET /root/Django/khalid/polls/templates/polls/back.jpg HTTP/1.1" 404 2196
[27/May/2018 11:30:27] "GET /polls/show/ HTTP/1.1" 200 1555
Not Found: /root/Django/khalid/polls/templates/polls/back.jpg
[27/May/2018 11:30:27] "GET /root/Django/khalid/polls/templates/polls/back.jpg HTTP/1.1" 404 2196
[27/May/2018 11:30:28] "GET /polls/show/ HTTP/1.1" 200 1555
Not Found: /root/Django/khalid/polls/templates/polls/back.jpg
[27/May/2018 11:30:28] "GET /root/Django/khalid/polls/templates/polls/back.jpg HTTP/1.1" 404 2196
[27/May/2018 11:30:28] "GET /polls/show/ HTTP/1.1" 200 1555
Not Found: /root/Django/khalid/polls/templates/polls/back.jpg
[27/May/2018 11:30:28] "GET /root/Django/khalid/polls/templates/polls/back.jpg HTTP/1.1" 404 2196
[27/May/2018 11:30:28] "GET /polls/show/ HTTP/1.1" 200 1555
Not Found: /root/Django/khalid/polls/templates/polls/back.jpg
[27/May/2018 11:30:28] "GET /root/Django/khalid/polls/templates/polls/back.jpg HTTP/1.1" 404 2196
[27/May/2018 11:30:28] "GET /polls/show/ HTTP/1.1" 200 1555
Not Found: /root/Django/khalid/polls/templates/polls/back.jpg
[27/May/2018 11:30:28] "GET /root/Django/khalid/polls/templates/polls/back.jpg HTTP/1.1" 404 2196
[27/May/2018 11:31:09] "GET /polls/show/ HTTP/1.1" 200 1580
Not Found: /root/Django/khalid/polls/templates/polls/back.jpg
[27/May/2018 11:31:09] "GET /root/Django/khalid/polls/templates/polls/back.jpg HTTP/1.1" 404 2196
[27/May/2018 11:31:10] "GET /polls/show/ HTTP/1.1" 200 1580
Not Found: /root/Django/khalid/polls/templates/polls/back.jpg
[27/May/2018 11:31:10] "GET /root/Django/khalid/polls/templates/polls/back.jpg HTTP/1.1" 404 2196
[27/May/2018 11:31:10] "GET /polls/show/ HTTP/1.1" 200 1580
Not Found: /root/Django/khalid/polls/templates/polls/back.jpg
[27/May/2018 11:31:10] "GET /root/Django/khalid/polls/templates/polls/back.jpg HTTP/1.1" 404 2196
[27/May/2018 11:31:10] "GET /polls/show/ HTTP/1.1" 200 1580
Not Found: /root/Django/khalid/polls/templates/polls/back.jpg
[27/May/2018 11:31:10] "GET /root/Django/khalid/polls/templates/polls/back.jpg HTTP/1.1" 404 2196
[27/May/2018 11:31:10] "GET /polls/show/ HTTP/1.1" 200 1580
Not Found: /root/Django/khalid/polls/templates/polls/back.jpg
[27/May/2018 11:31:10] "GET /root/Django/khalid/polls/templates/polls/back.jpg HTTP/1.1" 404 2196
[27/May/2018 11:31:11] "GET /polls/show/ HTTP/1.1" 200 1580
Not Found: /root/Django/khalid/polls/templates/polls/back.jpg
[27/May/2018 11:31:11] "GET /root/Django/khalid/polls/templates/polls/back.jpg HTTP/1.1" 404 2196
[27/May/2018 11:31:11] "GET /polls/show/ HTTP/1.1" 200 1580
Not Found: /root/Django/khalid/polls/templates/polls/back.jpg
[27/May/2018 11:31:11] "GET /root/Django/khalid/polls/templates/polls/back.jpg HTTP/1.1" 404 2196
[27/May/2018 11:31:11] "GET /polls/show/ HTTP/1.1" 200 1580
Not Found: /root/Django/khalid/polls/templates/polls/back.jpg
[27/May/2018 11:31:11] "GET /root/Django/khalid/polls/templates/polls/back.jpg HTTP/1.1" 404 2196
[27/May/2018 11:31:11] "GET /polls/show/ HTTP/1.1" 200 1580
Not Found: /root/Django/khalid/polls/templates/polls/back.jpg
[27/May/2018 11:31:11] "GET /root/Django/khalid/polls/templates/polls/back.jpg HTTP/1.1" 404 2196
[27/May/2018 11:31:11] "GET /polls/show/ HTTP/1.1" 200 1580
Not Found: /root/Django/khalid/polls/templates/polls/back.jpg
[27/May/2018 11:31:11] "GET /root/Django/khalid/polls/templates/polls/back.jpg HTTP/1.1" 404 2196
[27/May/2018 11:31:12] "GET /polls/show/ HTTP/1.1" 200 1580
Not Found: /root/Django/khalid/polls/templates/polls/back.jpg
[27/May/2018 11:31:12] "GET /root/Django/khalid/polls/templates/polls/back.jpg HTTP/1.1" 404 2196
[27/May/2018 11:31:12] "GET /polls/show/ HTTP/1.1" 200 1580
Not Found: /root/Django/khalid/polls/templates/polls/back.jpg
[27/May/2018 11:31:12] "GET /root/Django/khalid/polls/templates/polls/back.jpg HTTP/1.1" 404 2196
[27/May/2018 11:31:12] "GET /polls/show/ HTTP/1.1" 200 1580
Not Found: /root/Django/khalid/polls/templates/polls/back.jpg
[27/May/2018 11:31:12] "GET /root/Django/khalid/polls/templates/polls/back.jpg HTTP/1.1" 404 2196
[27/May/2018 11:31:12] "GET /polls/show/ HTTP/1.1" 200 1580
Not Found: /root/Django/khalid/polls/templates/polls/back.jpg
[27/May/2018 11:31:12] "GET /root/Django/khalid/polls/templates/polls/back.jpg HTTP/1.1" 404 2196
[27/May/2018 11:31:35] "GET /polls/show/ HTTP/1.1" 200 1578
[27/May/2018 11:31:35] "GET /polls/show/ HTTP/1.1" 200 1578
[27/May/2018 11:31:35] "GET /polls/show/ HTTP/1.1" 200 1578
[27/May/2018 11:31:35] "GET /polls/show/ HTTP/1.1" 200 1578
[27/May/2018 11:31:36] "GET /polls/show/ HTTP/1.1" 200 1578
[27/May/2018 11:31:36] "GET /polls/show/ HTTP/1.1" 200 1578
[27/May/2018 11:31:36] "GET /polls/show/ HTTP/1.1" 200 1578
[27/May/2018 11:31:36] "GET /polls/show/ HTTP/1.1" 200 1578
[27/May/2018 11:31:36] "GET /polls/show/ HTTP/1.1" 200 1578
[27/May/2018 11:31:37] "GET /polls/show/ HTTP/1.1" 200 1578
[27/May/2018 11:31:37] "GET /polls/show/ HTTP/1.1" 200 1578
[27/May/2018 11:31:37] "GET /polls/show/ HTTP/1.1" 200 1578
[27/May/2018 11:31:37] "GET /polls/show/ HTTP/1.1" 200 1578
[27/May/2018 11:31:37] "GET /polls/show/ HTTP/1.1" 200 1578
[27/May/2018 11:31:38] "GET /polls/show/ HTTP/1.1" 200 1578
[27/May/2018 11:31:38] "GET /polls/show/ HTTP/1.1" 200 1578
Not Found: /
[27/May/2018 11:32:05] "GET / HTTP/1.1" 404 2031
Not Found: /
[27/May/2018 11:32:24] "GET / HTTP/1.1" 404 2031
Not Found: /root/Django/khalid/polls/templates/polls/back.jpg
[27/May/2018 11:33:01] "GET /root/Django/khalid/polls/templates/polls/back.jpg HTTP/1.1" 404 2196
[27/May/2018 11:35:42] "GET /polls/show/ HTTP/1.1" 200 1580
[27/May/2018 11:35:42] "GET /polls/show/ HTTP/1.1" 200 1580
[27/May/2018 11:35:46] "GET /polls/show/ HTTP/1.1" 200 1580
[27/May/2018 11:35:47] "GET /polls/show/ HTTP/1.1" 200 1580
[27/May/2018 11:35:47] "GET /polls/show/ HTTP/1.1" 200 1580
[27/May/2018 11:35:47] "GET /polls/show/ HTTP/1.1" 200 1580
[27/May/2018 11:35:48] "GET /polls/show/ HTTP/1.1" 200 1580
[27/May/2018 11:36:04] "GET /polls/show/ HTTP/1.1" 200 1505
[27/May/2018 11:37:14] "GET /polls/show/ HTTP/1.1" 200 1530
[27/May/2018 11:37:15] "GET /polls/show/ HTTP/1.1" 200 1530
[27/May/2018 11:37:18] "GET /polls/show/ HTTP/1.1" 200 1530
Performing system checks...

System check identified no issues (0 silenced).
May 24, 2018 - 15:11:58
Django version 2.0.4, using settings 'khalid.settings'
Starting development server at http://0:8000/
Quit the server with CONTROL-C.
Unhandled exception in thread started by <function check_errors.<locals>.wrapper at 0x7fda4d3a16a8>
Traceback (most recent call last):
  File "/usr/local/lib/python3.6/site-packages/django/utils/autoreload.py", line 225, in wrapper
    fn(*args, **kwargs)
  File "/usr/local/lib/python3.6/site-packages/django/core/management/commands/runserver.py", line 120, in inner_run
    self.check(display_num_errors=True)
  File "/usr/local/lib/python3.6/site-packages/django/core/management/base.py", line 364, in check
    include_deployment_checks=include_deployment_checks,
  File "/usr/local/lib/python3.6/site-packages/django/core/management/base.py", line 351, in _run_checks
    return checks.run_checks(**kwargs)
  File "/usr/local/lib/python3.6/site-packages/django/core/checks/registry.py", line 73, in run_checks
    new_errors = check(app_configs=app_configs)
  File "/usr/local/lib/python3.6/site-packages/django/core/checks/urls.py", line 40, in check_url_namespaces_unique
    all_namespaces = _load_all_namespaces(resolver)
  File "/usr/local/lib/python3.6/site-packages/django/core/checks/urls.py", line 57, in _load_all_namespaces
    url_patterns = getattr(resolver, 'url_patterns', [])
  File "/usr/local/lib/python3.6/site-packages/django/utils/functional.py", line 36, in __get__
    res = instance.__dict__[self.name] = self.func(instance)
  File "/usr/local/lib/python3.6/site-packages/django/urls/resolvers.py", line 536, in url_patterns
    patterns = getattr(self.urlconf_module, "urlpatterns", self.urlconf_module)
  File "/usr/local/lib/python3.6/site-packages/django/utils/functional.py", line 36, in __get__
    res = instance.__dict__[self.name] = self.func(instance)
  File "/usr/local/lib/python3.6/site-packages/django/urls/resolvers.py", line 529, in urlconf_module
    return import_module(self.urlconf_name)
  File "/usr/local/lib/python3.6/importlib/__init__.py", line 126, in import_module
    return _bootstrap._gcd_import(name[level:], package, level)
  File "<frozen importlib._bootstrap>", line 994, in _gcd_import
  File "<frozen importlib._bootstrap>", line 971, in _find_and_load
  File "<frozen importlib._bootstrap>", line 955, in _find_and_load_unlocked
  File "<frozen importlib._bootstrap>", line 665, in _load_unlocked
  File "<frozen importlib._bootstrap_external>", line 674, in exec_module
  File "<frozen importlib._bootstrap_external>", line 781, in get_code
  File "<frozen importlib._bootstrap_external>", line 741, in source_to_code
  File "<frozen importlib._bootstrap>", line 219, in _call_with_frames_removed
  File "/root/Django/khalid/khalid/urls.py", line 21
    path('',/root/Django/khalid/polls/templates/polls/back.jpg)
            ^
SyntaxError: invalid syntax
Performing system checks...

Not Found: /
[27/May/2018 11:46:27] "GET / HTTP/1.1" 404 2031
Performing system checks...

System check identified no issues (0 silenced).
May 27, 2018 - 11:46:26
Django version 2.0.4, using settings 'khalid.settings'
Starting development server at http://0:8000/
Quit the server with CONTROL-C.
Unhandled exception in thread started by <function check_errors.<locals>.wrapper at 0x7f6d648d86a8>
Traceback (most recent call last):
  File "/usr/local/lib/python3.6/site-packages/django/utils/autoreload.py", line 225, in wrapper
    fn(*args, **kwargs)
  File "/usr/local/lib/python3.6/site-packages/django/core/management/commands/runserver.py", line 120, in inner_run
    self.check(display_num_errors=True)
  File "/usr/local/lib/python3.6/site-packages/django/core/management/base.py", line 364, in check
    include_deployment_checks=include_deployment_checks,
  File "/usr/local/lib/python3.6/site-packages/django/core/management/base.py", line 351, in _run_checks
    return checks.run_checks(**kwargs)
  File "/usr/local/lib/python3.6/site-packages/django/core/checks/registry.py", line 73, in run_checks
    new_errors = check(app_configs=app_configs)
  File "/usr/local/lib/python3.6/site-packages/django/core/checks/urls.py", line 13, in check_url_config
    return check_resolver(resolver)
  File "/usr/local/lib/python3.6/site-packages/django/core/checks/urls.py", line 23, in check_resolver
    return check_method()
  File "/usr/local/lib/python3.6/site-packages/django/urls/resolvers.py", line 397, in check
    for pattern in self.url_patterns:
  File "/usr/local/lib/python3.6/site-packages/django/utils/functional.py", line 36, in __get__
    res = instance.__dict__[self.name] = self.func(instance)
  File "/usr/local/lib/python3.6/site-packages/django/urls/resolvers.py", line 536, in url_patterns
    patterns = getattr(self.urlconf_module, "urlpatterns", self.urlconf_module)
  File "/usr/local/lib/python3.6/site-packages/django/utils/functional.py", line 36, in __get__
    res = instance.__dict__[self.name] = self.func(instance)
  File "/usr/local/lib/python3.6/site-packages/django/urls/resolvers.py", line 529, in urlconf_module
    return import_module(self.urlconf_name)
  File "/usr/local/lib/python3.6/importlib/__init__.py", line 126, in import_module
    return _bootstrap._gcd_import(name[level:], package, level)
  File "<frozen importlib._bootstrap>", line 994, in _gcd_import
  File "<frozen importlib._bootstrap>", line 971, in _find_and_load
  File "<frozen importlib._bootstrap>", line 955, in _find_and_load_unlocked
  File "<frozen importlib._bootstrap>", line 665, in _load_unlocked
  File "<frozen importlib._bootstrap_external>", line 678, in exec_module
  File "<frozen importlib._bootstrap>", line 219, in _call_with_frames_removed
  File "/root/Django/khalid/khalid/urls.py", line 20, in <module>
    path('polls/',include('polls.urls')),
  File "/usr/local/lib/python3.6/site-packages/django/urls/conf.py", line 34, in include
    urlconf_module = import_module(urlconf_module)
  File "/usr/local/lib/python3.6/importlib/__init__.py", line 126, in import_module
    return _bootstrap._gcd_import(name[level:], package, level)
  File "<frozen importlib._bootstrap>", line 994, in _gcd_import
  File "<frozen importlib._bootstrap>", line 971, in _find_and_load
  File "<frozen importlib._bootstrap>", line 955, in _find_and_load_unlocked
  File "<frozen importlib._bootstrap>", line 665, in _load_unlocked
  File "<frozen importlib._bootstrap_external>", line 678, in exec_module
  File "<frozen importlib._bootstrap>", line 219, in _call_with_frames_removed
  File "/root/Django/khalid/polls/urls.py", line 12, in <module>
    path('images',views.images,name='images')
AttributeError: module 'polls.views' has no attribute 'images'
Performing system checks...

Internal Server Error: /polls/images
Traceback (most recent call last):
  File "/usr/local/lib/python3.6/site-packages/django/core/handlers/exception.py", line 35, in inner
    response = get_response(request)
  File "/usr/local/lib/python3.6/site-packages/django/core/handlers/base.py", line 128, in _get_response
    response = self.process_exception_by_middleware(e, request)
  File "/usr/local/lib/python3.6/site-packages/django/core/handlers/base.py", line 126, in _get_response
    response = wrapped_callback(request, *callback_args, **callback_kwargs)
  File "/root/Django/khalid/polls/views.py", line 11, in images
    im=read('/root/Django/khalid/polls/templates/polls/back.jpg','rb')
NameError: name 'read' is not defined
[27/May/2018 11:52:42] "GET /polls/images HTTP/1.1" 500 61952
Performing system checks...

System check identified no issues (0 silenced).
May 27, 2018 - 11:52:25
Django version 2.0.4, using settings 'khalid.settings'
Starting development server at http://0:8000/
Quit the server with CONTROL-C.
Internal Server Error: /polls/images
Traceback (most recent call last):
  File "/usr/local/lib/python3.6/site-packages/django/core/handlers/exception.py", line 35, in inner
    response = get_response(request)
  File "/usr/local/lib/python3.6/site-packages/django/core/handlers/base.py", line 128, in _get_response
    response = self.process_exception_by_middleware(e, request)
  File "/usr/local/lib/python3.6/site-packages/django/core/handlers/base.py", line 126, in _get_response
    response = wrapped_callback(request, *callback_args, **callback_kwargs)
  File "/root/Django/khalid/polls/views.py", line 12, in images
    return HttpRessponse(im)
NameError: name 'HttpRessponse' is not defined
[27/May/2018 11:54:05] "GET /polls/images HTTP/1.1" 500 62303
Performing system checks...

System check identified no issues (0 silenced).
May 27, 2018 - 11:54:04
Django version 2.0.4, using settings 'khalid.settings'
Starting development server at http://0:8000/
Quit the server with CONTROL-C.
[27/May/2018 11:54:23] "GET /polls/images HTTP/1.1" 200 421211
Invalid HTTP_HOST header: 'www.baidu.com'. You may need to add 'www.baidu.com' to ALLOWED_HOSTS.
[27/May/2018 11:54:31] "GET http://www.baidu.com/cache/global/img/gs.gif HTTP/1.1" 400 59030
Performing system checks...

System check identified no issues (0 silenced).
May 27, 2018 - 11:54:21
Django version 2.0.4, using settings 'khalid.settings'
Starting development server at http://0:8000/
Quit the server with CONTROL-C.
Internal Server Error: /polls/images
Traceback (most recent call last):
  File "/usr/local/lib/python3.6/site-packages/django/core/handlers/exception.py", line 35, in inner
    response = get_response(request)
  File "/usr/local/lib/python3.6/site-packages/django/core/handlers/base.py", line 128, in _get_response
    response = self.process_exception_by_middleware(e, request)
  File "/usr/local/lib/python3.6/site-packages/django/core/handlers/base.py", line 126, in _get_response
    response = wrapped_callback(request, *callback_args, **callback_kwargs)
  File "/root/Django/khalid/polls/views.py", line 12, in images
    return HttpResponse(im.encode('utf8'))
AttributeError: '_io.BufferedReader' object has no attribute 'encode'
[27/May/2018 11:56:33] "GET /polls/images HTTP/1.1" 500 62481
Performing system checks...

System check identified no issues (0 silenced).
May 27, 2018 - 11:56:30
Django version 2.0.4, using settings 'khalid.settings'
Starting development server at http://0:8000/
Quit the server with CONTROL-C.
Internal Server Error: /polls/images
Traceback (most recent call last):
  File "/usr/local/lib/python3.6/site-packages/django/core/handlers/exception.py", line 35, in inner
    response = get_response(request)
  File "/usr/local/lib/python3.6/site-packages/django/core/handlers/base.py", line 128, in _get_response
    response = self.process_exception_by_middleware(e, request)
  File "/usr/local/lib/python3.6/site-packages/django/core/handlers/base.py", line 126, in _get_response
    response = wrapped_callback(request, *callback_args, **callback_kwargs)
  File "/root/Django/khalid/polls/views.py", line 12, in images
    return HttpResponse(im.encoding('utf8'))
AttributeError: '_io.BufferedReader' object has no attribute 'encoding'
[27/May/2018 11:57:26] "GET /polls/images HTTP/1.1" 500 62493
Performing system checks...

System check identified no issues (0 silenced).
May 27, 2018 - 11:57:26
Django version 2.0.4, using settings 'khalid.settings'
Starting development server at http://0:8000/
Quit the server with CONTROL-C.
Internal Server Error: /polls/images
Traceback (most recent call last):
  File "/usr/local/lib/python3.6/site-packages/django/core/handlers/exception.py", line 35, in inner
    response = get_response(request)
  File "/usr/local/lib/python3.6/site-packages/django/core/handlers/base.py", line 128, in _get_response
    response = self.process_exception_by_middleware(e, request)
  File "/usr/local/lib/python3.6/site-packages/django/core/handlers/base.py", line 126, in _get_response
    response = wrapped_callback(request, *callback_args, **callback_kwargs)
  File "/root/Django/khalid/polls/views.py", line 12, in images
    return HttpResponse(im.encode('utf8'))
AttributeError: '_io.BufferedReader' object has no attribute 'encode'
[27/May/2018 11:57:54] "GET /polls/images HTTP/1.1" 500 62481
Performing system checks...

System check identified no issues (0 silenced).
May 27, 2018 - 11:57:53
Django version 2.0.4, using settings 'khalid.settings'
Starting development server at http://0:8000/
Quit the server with CONTROL-C.
Internal Server Error: /polls/images
Traceback (most recent call last):
  File "/usr/local/lib/python3.6/site-packages/django/core/handlers/exception.py", line 35, in inner
    response = get_response(request)
  File "/usr/local/lib/python3.6/site-packages/django/core/handlers/base.py", line 128, in _get_response
    response = self.process_exception_by_middleware(e, request)
  File "/usr/local/lib/python3.6/site-packages/django/core/handlers/base.py", line 126, in _get_response
    response = wrapped_callback(request, *callback_args, **callback_kwargs)
  File "/root/Django/khalid/polls/views.py", line 12, in images
    return HttpResponse(read(im).emcode('utf8'))
NameError: name 'read' is not defined
[27/May/2018 11:59:13] "GET /polls/images HTTP/1.1" 500 62323
Performing system checks...

System check identified no issues (0 silenced).
May 27, 2018 - 11:59:12
Django version 2.0.4, using settings 'khalid.settings'
Starting development server at http://0:8000/
Quit the server with CONTROL-C.
Internal Server Error: /polls/images
Traceback (most recent call last):
  File "/usr/local/lib/python3.6/site-packages/django/core/handlers/exception.py", line 35, in inner
    response = get_response(request)
  File "/usr/local/lib/python3.6/site-packages/django/core/handlers/base.py", line 128, in _get_response
    response = self.process_exception_by_middleware(e, request)
  File "/usr/local/lib/python3.6/site-packages/django/core/handlers/base.py", line 126, in _get_response
    response = wrapped_callback(request, *callback_args, **callback_kwargs)
  File "/root/Django/khalid/polls/views.py", line 11, in images
    with open('/root/Django/khalid/polls/templates/polls/back.jpg','rb',encoding='utf8') as im:
ValueError: binary mode doesn't take an encoding argument
[27/May/2018 12:01:52] "GET /polls/images HTTP/1.1" 500 62222
Performing system checks...

System check identified no issues (0 silenced).
May 27, 2018 - 12:01:49
Django version 2.0.4, using settings 'khalid.settings'
Starting development server at http://0:8000/
Quit the server with CONTROL-C.
[27/May/2018 12:02:30] "GET /polls/images HTTP/1.1" 200 421211
Performing system checks...

System check identified no issues (0 silenced).
May 27, 2018 - 12:02:27
Django version 2.0.4, using settings 'khalid.settings'
Starting development server at http://0:8000/
Quit the server with CONTROL-C.
Internal Server Error: /polls/images
Traceback (most recent call last):
  File "/usr/local/lib/python3.6/site-packages/django/core/handlers/exception.py", line 35, in inner
    response = get_response(request)
  File "/usr/local/lib/python3.6/site-packages/django/core/handlers/base.py", line 128, in _get_response
    response = self.process_exception_by_middleware(e, request)
  File "/usr/local/lib/python3.6/site-packages/django/core/handlers/base.py", line 126, in _get_response
    response = wrapped_callback(request, *callback_args, **callback_kwargs)
  File "/root/Django/khalid/polls/views.py", line 12, in images
    return HttpResponse(im.decode('utf8'))
AttributeError: '_io.BufferedReader' object has no attribute 'decode'
[27/May/2018 12:03:02] "GET /polls/images HTTP/1.1" 500 62498
Performing system checks...

System check identified no issues (0 silenced).
May 27, 2018 - 12:02:59
Django version 2.0.4, using settings 'khalid.settings'
Starting development server at http://0:8000/
Quit the server with CONTROL-C.
Internal Server Error: /polls/images
Traceback (most recent call last):
  File "/usr/local/lib/python3.6/site-packages/django/core/handlers/exception.py", line 35, in inner
    response = get_response(request)
  File "/usr/local/lib/python3.6/site-packages/django/core/handlers/base.py", line 128, in _get_response
    response = self.process_exception_by_middleware(e, request)
  File "/usr/local/lib/python3.6/site-packages/django/core/handlers/base.py", line 126, in _get_response
    response = wrapped_callback(request, *callback_args, **callback_kwargs)
  File "/root/Django/khalid/polls/views.py", line 13, in images
    return HttpResponse(f.decode('utf8'))
UnicodeDecodeError: 'utf-8' codec can't decode byte 0xff in position 0: invalid start byte
[27/May/2018 12:08:29] "GET /polls/images HTTP/1.1" 500 72352
Performing system checks...

System check identified no issues (0 silenced).
May 27, 2018 - 12:08:28
Django version 2.0.4, using settings 'khalid.settings'
Starting development server at http://0:8000/
Quit the server with CONTROL-C.
Unhandled exception in thread started by <function check_errors.<locals>.wrapper at 0x7fd41dfd76a8>
Traceback (most recent call last):
  File "/usr/local/lib/python3.6/site-packages/django/utils/autoreload.py", line 225, in wrapper
    fn(*args, **kwargs)
  File "/usr/local/lib/python3.6/site-packages/django/core/management/commands/runserver.py", line 120, in inner_run
    self.check(display_num_errors=True)
  File "/usr/local/lib/python3.6/site-packages/django/core/management/base.py", line 364, in check
    include_deployment_checks=include_deployment_checks,
  File "/usr/local/lib/python3.6/site-packages/django/core/management/base.py", line 351, in _run_checks
    return checks.run_checks(**kwargs)
  File "/usr/local/lib/python3.6/site-packages/django/core/checks/registry.py", line 73, in run_checks
    new_errors = check(app_configs=app_configs)
  File "/usr/local/lib/python3.6/site-packages/django/core/checks/urls.py", line 40, in check_url_namespaces_unique
    all_namespaces = _load_all_namespaces(resolver)
  File "/usr/local/lib/python3.6/site-packages/django/core/checks/urls.py", line 57, in _load_all_namespaces
    url_patterns = getattr(resolver, 'url_patterns', [])
  File "/usr/local/lib/python3.6/site-packages/django/utils/functional.py", line 36, in __get__
    res = instance.__dict__[self.name] = self.func(instance)
  File "/usr/local/lib/python3.6/site-packages/django/urls/resolvers.py", line 536, in url_patterns
    patterns = getattr(self.urlconf_module, "urlpatterns", self.urlconf_module)
  File "/usr/local/lib/python3.6/site-packages/django/utils/functional.py", line 36, in __get__
    res = instance.__dict__[self.name] = self.func(instance)
  File "/usr/local/lib/python3.6/site-packages/django/urls/resolvers.py", line 529, in urlconf_module
    return import_module(self.urlconf_name)
  File "/usr/local/lib/python3.6/importlib/__init__.py", line 126, in import_module
    return _bootstrap._gcd_import(name[level:], package, level)
  File "<frozen importlib._bootstrap>", line 994, in _gcd_import
  File "<frozen importlib._bootstrap>", line 971, in _find_and_load
  File "<frozen importlib._bootstrap>", line 955, in _find_and_load_unlocked
  File "<frozen importlib._bootstrap>", line 665, in _load_unlocked
  File "<frozen importlib._bootstrap_external>", line 678, in exec_module
  File "<frozen importlib._bootstrap>", line 219, in _call_with_frames_removed
  File "/root/Django/khalid/khalid/urls.py", line 20, in <module>
    path('polls/',include('polls.urls')),
  File "/usr/local/lib/python3.6/site-packages/django/urls/conf.py", line 34, in include
    urlconf_module = import_module(urlconf_module)
  File "/usr/local/lib/python3.6/importlib/__init__.py", line 126, in import_module
    return _bootstrap._gcd_import(name[level:], package, level)
  File "<frozen importlib._bootstrap>", line 994, in _gcd_import
  File "<frozen importlib._bootstrap>", line 971, in _find_and_load
  File "<frozen importlib._bootstrap>", line 955, in _find_and_load_unlocked
  File "<frozen importlib._bootstrap>", line 665, in _load_unlocked
  File "<frozen importlib._bootstrap_external>", line 678, in exec_module
  File "<frozen importlib._bootstrap>", line 219, in _call_with_frames_removed
  File "/root/Django/khalid/polls/urls.py", line 3, in <module>
    from . import views
  File "/root/Django/khalid/polls/views.py", line 11
    return HttpResponse(/root/Django/khalid/polls/templates/polls/back.jpg)
                        ^
SyntaxError: invalid syntax
Performing system checks...

Unhandled exception in thread started by <function check_errors.<locals>.wrapper at 0x7f415b84b6a8>
Traceback (most recent call last):
  File "/usr/local/lib/python3.6/site-packages/django/utils/autoreload.py", line 225, in wrapper
    fn(*args, **kwargs)
  File "/usr/local/lib/python3.6/site-packages/django/core/management/commands/runserver.py", line 120, in inner_run
    self.check(display_num_errors=True)
  File "/usr/local/lib/python3.6/site-packages/django/core/management/base.py", line 364, in check
    include_deployment_checks=include_deployment_checks,
  File "/usr/local/lib/python3.6/site-packages/django/core/management/base.py", line 351, in _run_checks
    return checks.run_checks(**kwargs)
  File "/usr/local/lib/python3.6/site-packages/django/core/checks/registry.py", line 73, in run_checks
    new_errors = check(app_configs=app_configs)
  File "/usr/local/lib/python3.6/site-packages/django/core/checks/urls.py", line 13, in check_url_config
    return check_resolver(resolver)
  File "/usr/local/lib/python3.6/site-packages/django/core/checks/urls.py", line 23, in check_resolver
    return check_method()
  File "/usr/local/lib/python3.6/site-packages/django/urls/resolvers.py", line 397, in check
    for pattern in self.url_patterns:
  File "/usr/local/lib/python3.6/site-packages/django/utils/functional.py", line 36, in __get__
    res = instance.__dict__[self.name] = self.func(instance)
  File "/usr/local/lib/python3.6/site-packages/django/urls/resolvers.py", line 536, in url_patterns
    patterns = getattr(self.urlconf_module, "urlpatterns", self.urlconf_module)
  File "/usr/local/lib/python3.6/site-packages/django/utils/functional.py", line 36, in __get__
    res = instance.__dict__[self.name] = self.func(instance)
  File "/usr/local/lib/python3.6/site-packages/django/urls/resolvers.py", line 529, in urlconf_module
    return import_module(self.urlconf_name)
  File "/usr/local/lib/python3.6/importlib/__init__.py", line 126, in import_module
    return _bootstrap._gcd_import(name[level:], package, level)
  File "<frozen importlib._bootstrap>", line 994, in _gcd_import
  File "<frozen importlib._bootstrap>", line 971, in _find_and_load
  File "<frozen importlib._bootstrap>", line 955, in _find_and_load_unlocked
  File "<frozen importlib._bootstrap>", line 665, in _load_unlocked
  File "<frozen importlib._bootstrap_external>", line 678, in exec_module
  File "<frozen importlib._bootstrap>", line 219, in _call_with_frames_removed
  File "/root/Django/khalid/khalid/urls.py", line 20, in <module>
    path('polls/',include('polls.urls')),
  File "/usr/local/lib/python3.6/site-packages/django/urls/conf.py", line 34, in include
    urlconf_module = import_module(urlconf_module)
  File "/usr/local/lib/python3.6/importlib/__init__.py", line 126, in import_module
    return _bootstrap._gcd_import(name[level:], package, level)
  File "<frozen importlib._bootstrap>", line 994, in _gcd_import
  File "<frozen importlib._bootstrap>", line 971, in _find_and_load
  File "<frozen importlib._bootstrap>", line 955, in _find_and_load_unlocked
  File "<frozen importlib._bootstrap>", line 665, in _load_unlocked
  File "<frozen importlib._bootstrap_external>", line 678, in exec_module
  File "<frozen importlib._bootstrap>", line 219, in _call_with_frames_removed
  File "/root/Django/khalid/polls/urls.py", line 12, in <module>
    path('images',views.images,name='images')
AttributeError: module 'polls.views' has no attribute 'images'
Performing system checks...

Not Found: /polls/images
[27/May/2018 12:25:55] "GET /polls/images HTTP/1.1" 404 2887
[27/May/2018 12:26:00] "GET /polls/show/ HTTP/1.1" 200 1530
[27/May/2018 12:35:14] "GET /polls/show/ HTTP/1.1" 200 1626
Not Found: /root/Django/khalid/polls/templates/polls/back.jpg
[27/May/2018 12:35:14] "GET /root/Django/khalid/polls/templates/polls/back.jpg HTTP/1.1" 404 2196
Performing system checks...

System check identified no issues (0 silenced).
May 27, 2018 - 12:22:04
Django version 2.0.4, using settings 'khalid.settings'
Starting development server at http://0:8000/
Quit the server with CONTROL-C.
Unhandled exception in thread started by <function check_errors.<locals>.wrapper at 0x7fdaf7b8d6a8>
Traceback (most recent call last):
  File "/usr/local/lib/python3.6/site-packages/django/utils/autoreload.py", line 225, in wrapper
    fn(*args, **kwargs)
  File "/usr/local/lib/python3.6/site-packages/django/core/management/commands/runserver.py", line 120, in inner_run
    self.check(display_num_errors=True)
  File "/usr/local/lib/python3.6/site-packages/django/core/management/base.py", line 364, in check
    include_deployment_checks=include_deployment_checks,
  File "/usr/local/lib/python3.6/site-packages/django/core/management/base.py", line 351, in _run_checks
    return checks.run_checks(**kwargs)
  File "/usr/local/lib/python3.6/site-packages/django/core/checks/registry.py", line 73, in run_checks
    new_errors = check(app_configs=app_configs)
  File "/usr/local/lib/python3.6/site-packages/django/core/checks/urls.py", line 13, in check_url_config
    return check_resolver(resolver)
  File "/usr/local/lib/python3.6/site-packages/django/core/checks/urls.py", line 23, in check_resolver
    return check_method()
  File "/usr/local/lib/python3.6/site-packages/django/urls/resolvers.py", line 397, in check
    for pattern in self.url_patterns:
  File "/usr/local/lib/python3.6/site-packages/django/utils/functional.py", line 36, in __get__
    res = instance.__dict__[self.name] = self.func(instance)
  File "/usr/local/lib/python3.6/site-packages/django/urls/resolvers.py", line 536, in url_patterns
    patterns = getattr(self.urlconf_module, "urlpatterns", self.urlconf_module)
  File "/usr/local/lib/python3.6/site-packages/django/utils/functional.py", line 36, in __get__
    res = instance.__dict__[self.name] = self.func(instance)
  File "/usr/local/lib/python3.6/site-packages/django/urls/resolvers.py", line 529, in urlconf_module
    return import_module(self.urlconf_name)
  File "/usr/local/lib/python3.6/importlib/__init__.py", line 126, in import_module
    return _bootstrap._gcd_import(name[level:], package, level)
  File "<frozen importlib._bootstrap>", line 994, in _gcd_import
  File "<frozen importlib._bootstrap>", line 971, in _find_and_load
  File "<frozen importlib._bootstrap>", line 955, in _find_and_load_unlocked
  File "<frozen importlib._bootstrap>", line 665, in _load_unlocked
  File "<frozen importlib._bootstrap_external>", line 678, in exec_module
  File "<frozen importlib._bootstrap>", line 219, in _call_with_frames_removed
  File "/root/Django/khalid/khalid/urls.py", line 20, in <module>
    path('polls/',include('polls.urls')),
  File "/usr/local/lib/python3.6/site-packages/django/urls/conf.py", line 34, in include
    urlconf_module = import_module(urlconf_module)
  File "/usr/local/lib/python3.6/importlib/__init__.py", line 126, in import_module
    return _bootstrap._gcd_import(name[level:], package, level)
  File "<frozen importlib._bootstrap>", line 994, in _gcd_import
  File "<frozen importlib._bootstrap>", line 971, in _find_and_load
  File "<frozen importlib._bootstrap>", line 955, in _find_and_load_unlocked
  File "<frozen importlib._bootstrap>", line 665, in _load_unlocked
  File "<frozen importlib._bootstrap_external>", line 678, in exec_module
  File "<frozen importlib._bootstrap>", line 219, in _call_with_frames_removed
  File "/root/Django/khalid/polls/urls.py", line 12, in <module>
    path('imag',views.imag,name="imag")
AttributeError: module 'polls.views' has no attribute 'imag'
Performing system checks...

Unhandled exception in thread started by <function check_errors.<locals>.wrapper at 0x7f6b2aa296a8>
Traceback (most recent call last):
  File "/usr/local/lib/python3.6/site-packages/django/utils/autoreload.py", line 225, in wrapper
    fn(*args, **kwargs)
  File "/usr/local/lib/python3.6/site-packages/django/core/management/commands/runserver.py", line 120, in inner_run
    self.check(display_num_errors=True)
  File "/usr/local/lib/python3.6/site-packages/django/core/management/base.py", line 364, in check
    include_deployment_checks=include_deployment_checks,
  File "/usr/local/lib/python3.6/site-packages/django/core/management/base.py", line 351, in _run_checks
    return checks.run_checks(**kwargs)
  File "/usr/local/lib/python3.6/site-packages/django/core/checks/registry.py", line 73, in run_checks
    new_errors = check(app_configs=app_configs)
  File "/usr/local/lib/python3.6/site-packages/django/core/checks/urls.py", line 40, in check_url_namespaces_unique
    all_namespaces = _load_all_namespaces(resolver)
  File "/usr/local/lib/python3.6/site-packages/django/core/checks/urls.py", line 57, in _load_all_namespaces
    url_patterns = getattr(resolver, 'url_patterns', [])
  File "/usr/local/lib/python3.6/site-packages/django/utils/functional.py", line 36, in __get__
    res = instance.__dict__[self.name] = self.func(instance)
  File "/usr/local/lib/python3.6/site-packages/django/urls/resolvers.py", line 536, in url_patterns
    patterns = getattr(self.urlconf_module, "urlpatterns", self.urlconf_module)
  File "/usr/local/lib/python3.6/site-packages/django/utils/functional.py", line 36, in __get__
    res = instance.__dict__[self.name] = self.func(instance)
  File "/usr/local/lib/python3.6/site-packages/django/urls/resolvers.py", line 529, in urlconf_module
    return import_module(self.urlconf_name)
  File "/usr/local/lib/python3.6/importlib/__init__.py", line 126, in import_module
    return _bootstrap._gcd_import(name[level:], package, level)
  File "<frozen importlib._bootstrap>", line 994, in _gcd_import
  File "<frozen importlib._bootstrap>", line 971, in _find_and_load
  File "<frozen importlib._bootstrap>", line 955, in _find_and_load_unlocked
  File "<frozen importlib._bootstrap>", line 665, in _load_unlocked
  File "<frozen importlib._bootstrap_external>", line 678, in exec_module
  File "<frozen importlib._bootstrap>", line 219, in _call_with_frames_removed
  File "/root/Django/khalid/khalid/urls.py", line 20, in <module>
    path('polls/',include('polls.urls')),
  File "/usr/local/lib/python3.6/site-packages/django/urls/conf.py", line 34, in include
    urlconf_module = import_module(urlconf_module)
  File "/usr/local/lib/python3.6/importlib/__init__.py", line 126, in import_module
    return _bootstrap._gcd_import(name[level:], package, level)
  File "<frozen importlib._bootstrap>", line 994, in _gcd_import
  File "<frozen importlib._bootstrap>", line 971, in _find_and_load
  File "<frozen importlib._bootstrap>", line 955, in _find_and_load_unlocked
  File "<frozen importlib._bootstrap>", line 665, in _load_unlocked
  File "<frozen importlib._bootstrap_external>", line 678, in exec_module
  File "<frozen importlib._bootstrap>", line 219, in _call_with_frames_removed
  File "/root/Django/khalid/polls/urls.py", line 3, in <module>
    from . import views
  File "/root/Django/khalid/polls/views.py", line 11
    open('/root/Django/khalid/polls/templates/polls/back.jpg','rb') as f:
                                                                     ^
SyntaxError: invalid syntax
Performing system checks...

[27/May/2018 12:44:49] "GET /polls/imag HTTP/1.1" 200 421211
[27/May/2018 12:44:55] "GET /polls/show/ HTTP/1.1" 200 1612
[27/May/2018 12:44:57] "GET /polls/imag HTTP/1.1" 200 421211
[27/May/2018 12:45:48] "GET /polls/show/ HTTP/1.1" 200 1612
[27/May/2018 12:45:50] "GET /polls/imag HTTP/1.1" 200 421211
[27/May/2018 12:45:50] "GET /polls/show/ HTTP/1.1" 200 1612
[27/May/2018 12:45:53] "GET /polls/imag HTTP/1.1" 200 421211
[27/May/2018 12:45:56] "GET /polls/show/ HTTP/1.1" 200 1612
[27/May/2018 12:45:58] "GET /polls/imag HTTP/1.1" 200 421211
[27/May/2018 12:46:38] "GET /polls/show/ HTTP/1.1" 200 1566
[27/May/2018 12:46:39] "GET /polls/imag HTTP/1.1" 200 421211
[27/May/2018 14:36:21] "GET /polls/show/ HTTP/1.1" 200 1566
[27/May/2018 14:36:21] "GET /polls/imag HTTP/1.1" 200 421211
[27/May/2018 14:36:26] "GET /polls/show/ HTTP/1.1" 200 1566
[27/May/2018 14:36:27] "GET /polls/imag HTTP/1.1" 200 421211
